#
# There is insufficient memory for the Java Runtime Environment to continue.
# Native memory allocation (malloc) failed to allocate 170256 bytes for Chunk::new
# Possible reasons:
#   The system is out of physical RAM or swap space
#   In 32 bit mode, the process size limit was hit
# Possible solutions:
#   Reduce memory load on the system
#   Increase physical memory or swap space
#   Check if swap backing store is full
#   Use 64 bit Java on a 64 bit OS
#   Decrease Java heap size (-Xmx/-Xms)
#   Decrease number of Java threads
#   Decrease Java thread stack sizes (-Xss)
#   Set larger code cache with -XX:ReservedCodeCacheSize=
# This output file may be truncated or incomplete.
#
#  Out of Memory Error (allocation.cpp:390), pid=23668, tid=0x00000000000054e8
#
# JRE version: Java(TM) SE Runtime Environment (8.0_151-b12) (build 1.8.0_151-b12)
# Java VM: Java HotSpot(TM) 64-Bit Server VM (25.151-b12 mixed mode windows-amd64 compressed oops)
# Failed to write core dump. Minidumps are not enabled by default on client versions of Windows
#

---------------  T H R E A D  ---------------

Current thread (0x00000000195e7000):  JavaThread "C2 CompilerThread1" daemon [_thread_in_native, id=21736, stack(0x000000001ac00000,0x000000001ad00000)]

Stack: [0x000000001ac00000,0x000000001ad00000]
[error occurred during error reporting (printing stack bounds), id 0xc0000005]

Native frames: (J=compiled Java code, j=interpreted, Vv=VM code, C=native code)


Current CompileTask:
C2:   5003 1907   !   4       org.apache.maven.model.interpolation.AbstractStringBasedModelInterpolator::interpolateInternal (372 bytes)


---------------  P R O C E S S  ---------------

Java Threads: ( => current thread )
  0x000000001966b800 JavaThread "Service Thread" daemon [_thread_blocked, id=15496, stack(0x000000001af00000,0x000000001b000000)]
  0x00000000195ec800 JavaThread "C1 CompilerThread3" daemon [_thread_blocked, id=27844, stack(0x000000001ae00000,0x000000001af00000)]
  0x00000000195ec000 JavaThread "C2 CompilerThread2" daemon [_thread_in_vm, id=11556, stack(0x000000001ad00000,0x000000001ae00000)]
=>0x00000000195e7000 JavaThread "C2 CompilerThread1" daemon [_thread_in_native, id=21736, stack(0x000000001ac00000,0x000000001ad00000)]
  0x000000001958b000 JavaThread "C2 CompilerThread0" daemon [_thread_in_native, id=2172, stack(0x000000001ab00000,0x000000001ac00000)]
  0x0000000019589000 JavaThread "Attach Listener" daemon [_thread_blocked, id=25360, stack(0x000000001aa00000,0x000000001ab00000)]
  0x0000000019588000 JavaThread "Signal Dispatcher" daemon [_thread_blocked, id=14776, stack(0x000000001a900000,0x000000001aa00000)]
  0x0000000019573000 JavaThread "Finalizer" daemon [_thread_blocked, id=26772, stack(0x000000001a800000,0x000000001a900000)]
  0x0000000017e9c800 JavaThread "Reference Handler" daemon [_thread_blocked, id=25384, stack(0x000000001a700000,0x000000001a800000)]
  0x00000000013dd800 JavaThread "main" [_thread_in_native, id=11068, stack(0x0000000002c20000,0x0000000002d20000)]

Other Threads:
  0x0000000017e95800 VMThread [stack: 0x000000001a600000,0x000000001a700000] [id=25988]
  0x000000001968e000 WatcherThread [stack: 0x000000001b000000,0x000000001b100000] [id=22980]

VM state:not at safepoint (normal execution)

VM Mutex/Monitor currently owned by a thread: None

Heap:
 PSYoungGen      total 35328K, used 8253K [0x00000000d8b00000, 0x00000000db200000, 0x0000000100000000)
  eden space 30720K, 11% used [0x00000000d8b00000,0x00000000d8e914f0,0x00000000da900000)
  from space 4608K, 99% used [0x00000000da900000,0x00000000dad7e030,0x00000000dad80000)
  to   space 4608K, 0% used [0x00000000dad80000,0x00000000dad80000,0x00000000db200000)
 ParOldGen       total 80896K, used 5587K [0x000000008a000000, 0x000000008ef00000, 0x00000000d8b00000)
  object space 80896K, 6% used [0x000000008a000000,0x000000008a574e20,0x000000008ef00000)
 Metaspace       used 15316K, capacity 15552K, committed 15872K, reserved 1062912K
  class space    used 1870K, capacity 1975K, committed 2048K, reserved 1048576K

Card table byte_map: [0x00000000125c0000,0x0000000012980000] byte_map_base: 0x0000000012170000

Marking Bits: (ParMarkBitMap*) 0x000000006277d850
 Begin Bits: [0x0000000013600000, 0x0000000015380000)
 End Bits:   [0x0000000015380000, 0x0000000017100000)

Polling page: 0x00000000009f0000

CodeCache: size=245760Kb used=6794Kb max_used=6806Kb free=238965Kb
 bounds [0x0000000003200000, 0x00000000038b0000, 0x0000000012200000]
 total_blobs=2285 nmethods=1917 adapters=281
 compilation: enabled

Compilation events (10 events):
Event: 4.998 Thread 0x00000000195ec800 1918       3       org.codehaus.plexus.interpolation.AbstractDelegatingValueSource::getValue (11 bytes)
Event: 4.998 Thread 0x00000000195ec800 nmethod 1918 0x00000000038a3bd0 code [0x00000000038a3d40, 0x00000000038a3fe8]
Event: 4.998 Thread 0x00000000195ec800 1921       3       org.apache.maven.model.Dependency::getManagementKey (94 bytes)
Event: 4.999 Thread 0x00000000195ec800 nmethod 1921 0x00000000038a40d0 code [0x00000000038a4360, 0x00000000038a5578]
Event: 4.999 Thread 0x00000000195ec800 1922       1       org.eclipse.sisu.inject.LazyBeanEntry::getKey (5 bytes)
Event: 4.999 Thread 0x00000000195ec800 nmethod 1922 0x00000000038a5c50 code [0x00000000038a5da0, 0x00000000038a5eb0]
Event: 4.999 Thread 0x00000000195ec800 1923       1       org.eclipse.sisu.inject.LazyBeanEntry$JsrNamed::value (5 bytes)
Event: 4.999 Thread 0x00000000195ec800 nmethod 1923 0x00000000038a5f10 code [0x00000000038a6060, 0x00000000038a6170]
Event: 4.999 Thread 0x00000000195ec800 1915       1       org.apache.maven.model.Model::getBuild (5 bytes)
Event: 4.999 Thread 0x00000000195ec800 nmethod 1915 0x00000000038a61d0 code [0x00000000038a6320, 0x00000000038a6430]

GC Heap History (6 events):
Event: 2.491 GC heap before
{Heap before GC invocations=1 (full 0):
 PSYoungGen      total 35328K, used 30720K [0x00000000d8b00000, 0x00000000db200000, 0x0000000100000000)
  eden space 30720K, 100% used [0x00000000d8b00000,0x00000000da900000,0x00000000da900000)
  from space 4608K, 0% used [0x00000000dad80000,0x00000000dad80000,0x00000000db200000)
  to   space 4608K, 0% used [0x00000000da900000,0x00000000da900000,0x00000000dad80000)
 ParOldGen       total 80896K, used 0K [0x000000008a000000, 0x000000008ef00000, 0x00000000d8b00000)
  object space 80896K, 0% used [0x000000008a000000,0x000000008a000000,0x000000008ef00000)
 Metaspace       used 8676K, capacity 8888K, committed 9088K, reserved 1056768K
  class space    used 1046K, capacity 1116K, committed 1152K, reserved 1048576K
Event: 2.505 GC heap after
Heap after GC invocations=1 (full 0):
 PSYoungGen      total 35328K, used 4603K [0x00000000d8b00000, 0x00000000db200000, 0x0000000100000000)
  eden space 30720K, 0% used [0x00000000d8b00000,0x00000000d8b00000,0x00000000da900000)
  from space 4608K, 99% used [0x00000000da900000,0x00000000dad7ef50,0x00000000dad80000)
  to   space 4608K, 0% used [0x00000000dad80000,0x00000000dad80000,0x00000000db200000)
 ParOldGen       total 80896K, used 920K [0x000000008a000000, 0x000000008ef00000, 0x00000000d8b00000)
  object space 80896K, 1% used [0x000000008a000000,0x000000008a0e61a8,0x000000008ef00000)
 Metaspace       used 8676K, capacity 8888K, committed 9088K, reserved 1056768K
  class space    used 1046K, capacity 1116K, committed 1152K, reserved 1048576K
}
Event: 3.295 GC heap before
{Heap before GC invocations=2 (full 0):
 PSYoungGen      total 35328K, used 35323K [0x00000000d8b00000, 0x00000000db200000, 0x0000000100000000)
  eden space 30720K, 100% used [0x00000000d8b00000,0x00000000da900000,0x00000000da900000)
  from space 4608K, 99% used [0x00000000da900000,0x00000000dad7ef50,0x00000000dad80000)
  to   space 4608K, 0% used [0x00000000dad80000,0x00000000dad80000,0x00000000db200000)
 ParOldGen       total 80896K, used 920K [0x000000008a000000, 0x000000008ef00000, 0x00000000d8b00000)
  object space 80896K, 1% used [0x000000008a000000,0x000000008a0e61a8,0x000000008ef00000)
 Metaspace       used 11677K, capacity 11908K, committed 12160K, reserved 1060864K
  class space    used 1430K, capacity 1545K, committed 1664K, reserved 1048576K
Event: 3.306 GC heap after
Heap after GC invocations=2 (full 0):
 PSYoungGen      total 35328K, used 4581K [0x00000000d8b00000, 0x00000000db200000, 0x0000000100000000)
  eden space 30720K, 0% used [0x00000000d8b00000,0x00000000d8b00000,0x00000000da900000)
  from space 4608K, 99% used [0x00000000dad80000,0x00000000db1f9540,0x00000000db200000)
  to   space 4608K, 0% used [0x00000000da900000,0x00000000da900000,0x00000000dad80000)
 ParOldGen       total 80896K, used 2878K [0x000000008a000000, 0x000000008ef00000, 0x00000000d8b00000)
  object space 80896K, 3% used [0x000000008a000000,0x000000008a2cfbd8,0x000000008ef00000)
 Metaspace       used 11677K, capacity 11908K, committed 12160K, reserved 1060864K
  class space    used 1430K, capacity 1545K, committed 1664K, reserved 1048576K
}
Event: 4.822 GC heap before
{Heap before GC invocations=3 (full 0):
 PSYoungGen      total 35328K, used 35301K [0x00000000d8b00000, 0x00000000db200000, 0x0000000100000000)
  eden space 30720K, 100% used [0x00000000d8b00000,0x00000000da900000,0x00000000da900000)
  from space 4608K, 99% used [0x00000000dad80000,0x00000000db1f9540,0x00000000db200000)
  to   space 4608K, 0% used [0x00000000da900000,0x00000000da900000,0x00000000dad80000)
 ParOldGen       total 80896K, used 2878K [0x000000008a000000, 0x000000008ef00000, 0x00000000d8b00000)
  object space 80896K, 3% used [0x000000008a000000,0x000000008a2cfbd8,0x000000008ef00000)
 Metaspace       used 15258K, capacity 15488K, committed 15872K, reserved 1062912K
  class space    used 1869K, capacity 1975K, committed 2048K, reserved 1048576K
Event: 4.838 GC heap after
Heap after GC invocations=3 (full 0):
 PSYoungGen      total 35328K, used 4600K [0x00000000d8b00000, 0x00000000db200000, 0x0000000100000000)
  eden space 30720K, 0% used [0x00000000d8b00000,0x00000000d8b00000,0x00000000da900000)
  from space 4608K, 99% used [0x00000000da900000,0x00000000dad7e030,0x00000000dad80000)
  to   space 4608K, 0% used [0x00000000dad80000,0x00000000dad80000,0x00000000db200000)
 ParOldGen       total 80896K, used 5587K [0x000000008a000000, 0x000000008ef00000, 0x00000000d8b00000)
  object space 80896K, 6% used [0x000000008a000000,0x000000008a574e20,0x000000008ef00000)
 Metaspace       used 15258K, capacity 15488K, committed 15872K, reserved 1062912K
  class space    used 1869K, capacity 1975K, committed 2048K, reserved 1048576K
}

Deoptimization events (10 events):
Event: 2.873 Thread 0x00000000013dd800 Uncommon trap: reason=bimorphic action=maybe_recompile pc=0x0000000003569080 method=java.util.HashMap.putVal(ILjava/lang/Object;Ljava/lang/Object;ZZ)Ljava/lang/Object; @ 203
Event: 3.568 Thread 0x00000000013dd800 Uncommon trap: reason=bimorphic action=maybe_recompile pc=0x0000000003569080 method=java.util.HashMap.putVal(ILjava/lang/Object;Ljava/lang/Object;ZZ)Ljava/lang/Object; @ 203
Event: 3.568 Thread 0x00000000013dd800 Uncommon trap: reason=bimorphic action=maybe_recompile pc=0x0000000003569080 method=java.util.HashMap.putVal(ILjava/lang/Object;Ljava/lang/Object;ZZ)Ljava/lang/Object; @ 203
Event: 3.877 Thread 0x00000000013dd800 Uncommon trap: reason=unstable_if action=reinterpret pc=0x000000000355a0b0 method=org.codehaus.plexus.util.xml.pull.MXParser.parseStartTag()I @ 443
Event: 3.993 Thread 0x00000000013dd800 Uncommon trap: reason=unstable_if action=reinterpret pc=0x00000000034556c0 method=sun.nio.cs.UTF_8$Decoder.decode([BII[C)I @ 30
Event: 4.003 Thread 0x00000000013dd800 Uncommon trap: reason=unstable_if action=reinterpret pc=0x00000000034cfec4 method=sun.nio.cs.UTF_8$Decoder.decodeArrayLoop(Ljava/nio/ByteBuffer;Ljava/nio/CharBuffer;)Ljava/nio/charset/CoderResult; @ 84
Event: 4.160 Thread 0x00000000013dd800 Uncommon trap: reason=unstable_if action=reinterpret pc=0x00000000033de978 method=java.lang.String.replace(CC)Ljava/lang/String; @ 2
Event: 4.398 Thread 0x00000000013dd800 Uncommon trap: reason=unstable_if action=reinterpret pc=0x00000000037db034 method=org.codehaus.plexus.util.xml.pull.MXParser.nextImpl()I @ 879
Event: 4.723 Thread 0x00000000013dd800 Uncommon trap: reason=unstable_if action=reinterpret pc=0x00000000037f3ae0 method=org.codehaus.plexus.util.xml.pull.MXParser.nextImpl()I @ 1161
Event: 4.940 Thread 0x00000000013dd800 Uncommon trap: reason=null_check action=make_not_entrant pc=0x0000000003828b5c method=org.apache.maven.model.io.xpp3.MavenXpp3Reader.checkFieldWithDuplicate(Lorg/codehaus/plexus/util/xml/pull/XmlPullParser;Ljava/lang/String;Ljava/lang/String;Ljava/util/Se

Internal exceptions (10 events):
Event: 3.689 Thread 0x00000000013dd800 Exception <a 'java/lang/NoClassDefFoundError': com/google/inject/servlet/ServletModuleTargetVisitor> (0x00000000d9932088) thrown at [C:\re\workspace\8-2-build-windows-amd64-cygwin\jdk8u151\9699\hotspot\src\share\vm\classfile\systemDictionary.cpp, line 199
Event: 3.689 Thread 0x00000000013dd800 Exception <a 'java/lang/NoClassDefFoundError'> (0x00000000d9932088) thrown at [C:\re\workspace\8-2-build-windows-amd64-cygwin\jdk8u151\9699\hotspot\src\share\vm\prims\jvm.cpp, line 1394]
Event: 3.690 Thread 0x00000000013dd800 Exception <a 'java/lang/NoClassDefFoundError': javax/annotation/Priority> (0x00000000d9936e68) thrown at [C:\re\workspace\8-2-build-windows-amd64-cygwin\jdk8u151\9699\hotspot\src\share\vm\classfile\systemDictionary.cpp, line 199]
Event: 3.953 Thread 0x00000000013dd800 Exception <a 'java/lang/NullPointerException'> (0x00000000da08a890) thrown at [C:\re\workspace\8-2-build-windows-amd64-cygwin\jdk8u151\9699\hotspot\src\share\vm\interpreter\linkResolver.cpp, line 1183]
Event: 3.953 Thread 0x00000000013dd800 Exception <a 'java/lang/NullPointerException'> (0x00000000da08aaa8) thrown at [C:\re\workspace\8-2-build-windows-amd64-cygwin\jdk8u151\9699\hotspot\src\share\vm\interpreter\linkResolver.cpp, line 1183]
Event: 3.953 Thread 0x00000000013dd800 Exception <a 'java/lang/NullPointerException'> (0x00000000da08acc0) thrown at [C:\re\workspace\8-2-build-windows-amd64-cygwin\jdk8u151\9699\hotspot\src\share\vm\interpreter\linkResolver.cpp, line 1183]
Event: 3.954 Thread 0x00000000013dd800 Exception <a 'java/lang/NullPointerException'> (0x00000000da092e68) thrown at [C:\re\workspace\8-2-build-windows-amd64-cygwin\jdk8u151\9699\hotspot\src\share\vm\interpreter\linkResolver.cpp, line 1183]
Event: 3.954 Thread 0x00000000013dd800 Exception <a 'java/lang/NullPointerException'> (0x00000000da093080) thrown at [C:\re\workspace\8-2-build-windows-amd64-cygwin\jdk8u151\9699\hotspot\src\share\vm\interpreter\linkResolver.cpp, line 1183]
Event: 3.954 Thread 0x00000000013dd800 Exception <a 'java/lang/NullPointerException'> (0x00000000da093298) thrown at [C:\re\workspace\8-2-build-windows-amd64-cygwin\jdk8u151\9699\hotspot\src\share\vm\interpreter\linkResolver.cpp, line 1183]
Event: 4.940 Thread 0x00000000013dd800 Implicit null exception at 0x00000000038288f7 to 0x0000000003828b3d

Events (10 events):
Event: 4.840 Executing VM operation: RevokeBias done
Event: 4.939 Thread 0x00000000013dd800 DEOPT PACKING pc=0x000000000378355a sp=0x0000000002d1d270
Event: 4.939 Thread 0x00000000013dd800 DEOPT UNPACKING pc=0x000000000324747f sp=0x0000000002d1d0f0 mode 0
Event: 4.940 Thread 0x00000000013dd800 Uncommon trap: trap_request=0xfffffff4 fr.pc=0x0000000003828b5c
Event: 4.940 Thread 0x00000000013dd800 DEOPT PACKING pc=0x0000000003828b5c sp=0x0000000002d1d830
Event: 4.940 Thread 0x00000000013dd800 DEOPT UNPACKING pc=0x000000000324582a sp=0x0000000002d1d7f0 mode 2
Event: 4.940 loading class org/apache/maven/model/Exclusion
Event: 4.940 loading class org/apache/maven/model/Exclusion done
Event: 4.965 loading class org/codehaus/plexus/component/repository/ComponentRequirement
Event: 4.965 loading class org/codehaus/plexus/component/repository/ComponentRequirement done


Dynamic libraries:
0x00007ff656420000 - 0x00007ff656457000 	D:\software\Java\jdk1.8.0_151\bin\java.exe
0x00007ffb13320000 - 0x00007ffb13510000 	C:\Windows\SYSTEM32\ntdll.dll
0x00007ffb11a60000 - 0x00007ffb11b12000 	C:\Windows\System32\KERNEL32.DLL
0x00007ffb102a0000 - 0x00007ffb10545000 	C:\Windows\System32\KERNELBASE.dll
0x00007ffb11cd0000 - 0x00007ffb11d73000 	C:\Windows\System32\ADVAPI32.dll
0x00007ffb13240000 - 0x00007ffb132de000 	C:\Windows\System32\msvcrt.dll
0x00007ffb11480000 - 0x00007ffb11517000 	C:\Windows\System32\sechost.dll
0x00007ffb12240000 - 0x00007ffb1235f000 	C:\Windows\System32\RPCRT4.dll
0x00007ffb118c0000 - 0x00007ffb11a54000 	C:\Windows\System32\USER32.dll
0x00007ffb10d80000 - 0x00007ffb10da1000 	C:\Windows\System32\win32u.dll
0x00007ffb120d0000 - 0x00007ffb120f6000 	C:\Windows\System32\GDI32.dll
0x00007ffb10ee0000 - 0x00007ffb11078000 	C:\Windows\System32\gdi32full.dll
0x00007ffb10db0000 - 0x00007ffb10e4e000 	C:\Windows\System32\msvcp_win.dll
0x00007ffb11220000 - 0x00007ffb1131a000 	C:\Windows\System32\ucrtbase.dll
0x00007ffb02380000 - 0x00007ffb02604000 	C:\Windows\WinSxS\amd64_microsoft.windows.common-controls_6595b64144ccf1df_6.0.18362.1379_none_9e7ff3b3e45cc0c4\COMCTL32.dll
0x00007ffb11d80000 - 0x00007ffb120b7000 	C:\Windows\System32\combase.dll
0x00007ffb10e50000 - 0x00007ffb10ed1000 	C:\Windows\System32\bcryptPrimitives.dll
0x00007ffb12490000 - 0x00007ffb124be000 	C:\Windows\System32\IMM32.DLL
0x0000000062800000 - 0x00000000628d2000 	D:\software\Java\jdk1.8.0_151\jre\bin\msvcr100.dll
0x0000000061f60000 - 0x00000000627fd000 	D:\software\Java\jdk1.8.0_151\jre\bin\server\jvm.dll
0x00007ffb11520000 - 0x00007ffb11528000 	C:\Windows\System32\PSAPI.DLL
0x00007ffb09bd0000 - 0x00007ffb09bd9000 	C:\Windows\SYSTEM32\WSOCK32.dll
0x00007ffb11c60000 - 0x00007ffb11ccf000 	C:\Windows\System32\WS2_32.dll
0x00007ffb0c920000 - 0x00007ffb0c944000 	C:\Windows\SYSTEM32\WINMM.dll
0x00007ffb0a410000 - 0x00007ffb0a41a000 	C:\Windows\SYSTEM32\VERSION.dll
0x00007ffb0c8f0000 - 0x00007ffb0c91d000 	C:\Windows\SYSTEM32\winmmbase.dll
0x00007ffb10550000 - 0x00007ffb1059a000 	C:\Windows\System32\cfgmgr32.dll
0x0000000061f50000 - 0x0000000061f5f000 	D:\software\Java\jdk1.8.0_151\jre\bin\verify.dll
0x0000000061f20000 - 0x0000000061f49000 	D:\software\Java\jdk1.8.0_151\jre\bin\java.dll
0x0000000061f00000 - 0x0000000061f16000 	D:\software\Java\jdk1.8.0_151\jre\bin\zip.dll
0x00007ffb12930000 - 0x00007ffb13018000 	C:\Windows\System32\SHELL32.dll
0x00007ffb13110000 - 0x00007ffb131b7000 	C:\Windows\System32\shcore.dll
0x00007ffb105a0000 - 0x00007ffb10d1b000 	C:\Windows\System32\windows.storage.dll
0x00007ffb10270000 - 0x00007ffb10293000 	C:\Windows\System32\profapi.dll
0x00007ffb101e0000 - 0x00007ffb1022a000 	C:\Windows\System32\powrprof.dll
0x00007ffb101d0000 - 0x00007ffb101e0000 	C:\Windows\System32\UMPDC.dll
0x00007ffb130b0000 - 0x00007ffb13102000 	C:\Windows\System32\shlwapi.dll
0x00007ffb10250000 - 0x00007ffb10261000 	C:\Windows\System32\kernel.appcore.dll
0x00007ffb110b0000 - 0x00007ffb110c7000 	C:\Windows\System32\cryptsp.dll
0x00007ffb0f590000 - 0x00007ffb0f5c3000 	C:\Windows\system32\rsaenh.dll
0x00007ffb11080000 - 0x00007ffb110a6000 	C:\Windows\System32\bcrypt.dll
0x00007ffb100b0000 - 0x00007ffb100d5000 	C:\Windows\SYSTEM32\USERENV.dll
0x00007ffb0fbe0000 - 0x00007ffb0fbec000 	C:\Windows\SYSTEM32\CRYPTBASE.dll
0x0000000061ee0000 - 0x0000000061efa000 	D:\software\Java\jdk1.8.0_151\jre\bin\net.dll
0x00007ffb0fa10000 - 0x00007ffb0fa77000 	C:\Windows\system32\mswsock.dll
0x00007ffb0f720000 - 0x00007ffb0f75a000 	C:\Windows\SYSTEM32\IPHLPAPI.DLL
0x00007ffb130a0000 - 0x00007ffb130a8000 	C:\Windows\System32\NSI.dll
0x00007ffb093d0000 - 0x00007ffb093e6000 	C:\Windows\SYSTEM32\dhcpcsvc6.DLL
0x00007ffb0a500000 - 0x00007ffb0a51c000 	C:\Windows\SYSTEM32\dhcpcsvc.DLL
0x00007ffb0f760000 - 0x00007ffb0f82b000 	C:\Windows\SYSTEM32\DNSAPI.dll
0x0000000061ec0000 - 0x0000000061ed1000 	D:\software\Java\jdk1.8.0_151\jre\bin\nio.dll
0x00007ffb098e0000 - 0x00007ffb098ea000 	C:\Users\10957\AppData\Local\Temp\jansi-1.17.1-6439650927630736350.dll
0x00007ffb06af0000 - 0x00007ffb06afa000 	C:\Users\10957\AppData\Local\Temp\jansi-1.17.1-7452333770884135793.dll

VM Arguments:
jvm_args: -Dmaven.multiModuleProjectDirectory=D:\work\IDEA\code\EquipmentManagementSystem -Dfile.encoding=GBK -Dmaven.home=D:\work\maven\apache-maven-3.6.1 -Dclassworlds.conf=D:\work\maven\apache-maven-3.6.1\bin\m2.conf -Dmaven.ext.class.path=D:\work\IDEA\IntelliJ IDEA 2020.1\plugins\maven\lib\maven-event-listener.jar 
java_command: org.codehaus.classworlds.Launcher -Didea.version2020.1 -s D:\work\maven\apache-maven-3.6.1\conf\settings.xml compile war:exploded
java_class_path (initial): D:\work\maven\apache-maven-3.6.1\boot\plexus-classworlds-2.6.0.jar
Launcher Type: SUN_STANDARD

Environment Variables:
JAVA_HOME=D:\software\Java\jdk1.8.0_151
PATH=D:\工具\maven\apache-maven-3.6.1\bin;C:\Program Files\NVIDIA Corporation\NVIDIA NvDLISR;C:\Users\10957\AppData\Local\Microsoft\WindowsApps;C:\Program Files\MySQL\MySQL Server 5.7\bin;D:\工具\maven\apache-maven-3.6.1\bin;
USERNAME=10957
OS=Windows_NT
PROCESSOR_IDENTIFIER=AMD64 Family 23 Model 96 Stepping 1, AuthenticAMD



---------------  S Y S T E M  ---------------

OS: Windows 10.0 , 64 bit Build 18362 (10.0.18362.1350)

CPU:total 12 (initial active 12) (12 cores per cpu, 1 threads per core) family 23 model 96 stepping 1, cmov, cx8, fxsr, mmx, sse, sse2, sse3, ssse3, sse4.1, sse4.2, popcnt, avx, avx2, aes, clmul, mmxext, 3dnowpref, lzcnt, sse4a, tsc, tscinvbit, tscinv, bmi1

Memory: 4k page, physical 7730500k(439168k free), swap 20837696k(4716k free)

vm_info: Java HotSpot(TM) 64-Bit Server VM (25.151-b12) for windows-amd64 JRE (1.8.0_151-b12), built on Sep  5 2017 19:33:46 by "java_re" with MS VC++ 10.0 (VS2010)

time: Fri Apr 09 16:22:56 2021
elapsed time: 5 seconds (0d 0h 0m 5s)

