#
# There is insufficient memory for the Java Runtime Environment to continue.
# Native memory allocation (malloc) failed to allocate 1542896 bytes for Chunk::new
# Possible reasons:
#   The system is out of physical RAM or swap space
#   In 32 bit mode, the process size limit was hit
# Possible solutions:
#   Reduce memory load on the system
#   Increase physical memory or swap space
#   Check if swap backing store is full
#   Use 64 bit Java on a 64 bit OS
#   Decrease Java heap size (-Xmx/-Xms)
#   Decrease number of Java threads
#   Decrease Java thread stack sizes (-Xss)
#   Set larger code cache with -XX:ReservedCodeCacheSize=
# This output file may be truncated or incomplete.
#
#  Out of Memory Error (allocation.cpp:390), pid=28584, tid=0x00000000000036fc
#
# JRE version: Java(TM) SE Runtime Environment (8.0_151-b12) (build 1.8.0_151-b12)
# Java VM: Java HotSpot(TM) 64-Bit Server VM (25.151-b12 mixed mode windows-amd64 compressed oops)
# Failed to write core dump. Minidumps are not enabled by default on client versions of Windows
#

---------------  T H R E A D  ---------------

Current thread (0x0000000019a9b000):  JavaThread "C2 CompilerThread0" daemon [_thread_in_native, id=14076, stack(0x000000001b050000,0x000000001b150000)]

Stack: [0x000000001b050000,0x000000001b150000]
[error occurred during error reporting (printing stack bounds), id 0xc0000005]

Native frames: (J=compiled Java code, j=interpreted, Vv=VM code, C=native code)


Current CompileTask:
C2:  17463 3366   !   4       com.google.inject.spi.InjectionPoint::getInjectionPoints (489 bytes)


---------------  P R O C E S S  ---------------

Java Threads: ( => current thread )
  0x0000000019b97000 JavaThread "Service Thread" daemon [_thread_blocked, id=23596, stack(0x000000001b450000,0x000000001b550000)]
  0x0000000019afd800 JavaThread "C1 CompilerThread3" daemon [_thread_blocked, id=25784, stack(0x000000001b350000,0x000000001b450000)]
  0x0000000019afd000 JavaThread "C2 CompilerThread2" daemon [_thread_blocked, id=27992, stack(0x000000001b250000,0x000000001b350000)]
  0x0000000019af8000 JavaThread "C2 CompilerThread1" daemon [_thread_in_native, id=14288, stack(0x000000001b150000,0x000000001b250000)]
=>0x0000000019a9b000 JavaThread "C2 CompilerThread0" daemon [_thread_in_native, id=14076, stack(0x000000001b050000,0x000000001b150000)]
  0x0000000019a98800 JavaThread "Attach Listener" daemon [_thread_blocked, id=27760, stack(0x000000001af50000,0x000000001b050000)]
  0x0000000019af4000 JavaThread "Signal Dispatcher" daemon [_thread_blocked, id=24452, stack(0x000000001ae50000,0x000000001af50000)]
  0x00000000036fa800 JavaThread "Finalizer" daemon [_thread_blocked, id=12172, stack(0x000000001acf0000,0x000000001adf0000)]
  0x000000001839d800 JavaThread "Reference Handler" daemon [_thread_blocked, id=23296, stack(0x000000001abf0000,0x000000001acf0000)]
  0x00000000035fd800 JavaThread "main" [_thread_in_native, id=12492, stack(0x00000000034c0000,0x00000000035c0000)]

Other Threads:
  0x0000000018395800 VMThread [stack: 0x000000001aaf0000,0x000000001abf0000] [id=13924]
  0x0000000019bd6000 WatcherThread [stack: 0x000000001b550000,0x000000001b650000] [id=2316]

VM state:not at safepoint (normal execution)

VM Mutex/Monitor currently owned by a thread: None

Heap:
 PSYoungGen      total 127488K, used 4861K [0x00000000d8b00000, 0x00000000e9000000, 0x0000000100000000)
  eden space 122880K, 3% used [0x00000000d8b00000,0x00000000d8fbf760,0x00000000e0300000)
  from space 4608K, 0% used [0x00000000e0300000,0x00000000e0300000,0x00000000e0780000)
  to   space 10752K, 0% used [0x00000000e8580000,0x00000000e8580000,0x00000000e9000000)
 ParOldGen       total 56832K, used 12325K [0x000000008a000000, 0x000000008d780000, 0x00000000d8b00000)
  object space 56832K, 21% used [0x000000008a000000,0x000000008ac09688,0x000000008d780000)
 Metaspace       used 21512K, capacity 22124K, committed 22448K, reserved 1069056K
  class space    used 2523K, capacity 2711K, committed 2816K, reserved 1048576K

Card table byte_map: [0x0000000012ac0000,0x0000000012e80000] byte_map_base: 0x0000000012670000

Marking Bits: (ParMarkBitMap*) 0x000000006277d850
 Begin Bits: [0x0000000013b00000, 0x0000000015880000)
 End Bits:   [0x0000000015880000, 0x0000000017600000)

Polling page: 0x0000000000fc0000

CodeCache: size=245760Kb used=10775Kb max_used=12295Kb free=234984Kb
 bounds [0x0000000003700000, 0x0000000004310000, 0x0000000012700000]
 total_blobs=3632 nmethods=3226 adapters=319
 compilation: enabled

Compilation events (10 events):
Event: 17.397 Thread 0x0000000019afd800 3575       3       org.codehaus.plexus.util.SelectorUtils::match (520 bytes)
Event: 17.398 Thread 0x0000000019afd800 nmethod 3575 0x0000000003a99350 code [0x0000000003a995e0, 0x0000000003a9a918]
Event: 17.398 Thread 0x0000000019afd800 3577       3       org.codehaus.plexus.util.SelectorUtils::matchAntPathPattern (423 bytes)
Event: 17.401 Thread 0x0000000019afd800 nmethod 3577 0x0000000003b2d3d0 code [0x0000000003b2d6c0, 0x0000000003b2f068]
Event: 17.401 Thread 0x0000000019afd800 3574       1       org.codehaus.plexus.util.MatchPattern::getTokenizedPathChars (5 bytes)
Event: 17.401 Thread 0x0000000019afd800 nmethod 3574 0x0000000003d1f2d0 code [0x0000000003d1f420, 0x0000000003d1f530]
Event: 17.401 Thread 0x0000000019afd800 3576       3       org.codehaus.plexus.util.MatchPattern::matchPath (26 bytes)
Event: 17.401 Thread 0x0000000019afd800 nmethod 3576 0x00000000038b72d0 code [0x00000000038b7480, 0x00000000038b7b38]
Event: 17.415 Thread 0x0000000019afd800 3578       3       org.codehaus.plexus.util.SelectorUtils::equals (37 bytes)
Event: 17.415 Thread 0x0000000019afd800 nmethod 3578 0x000000000381a090 code [0x000000000381a220, 0x000000000381a538]

GC Heap History (10 events):
Event: 3.274 GC heap before
{Heap before GC invocations=2 (full 0):
 PSYoungGen      total 35328K, used 35308K [0x00000000d8b00000, 0x00000000dd000000, 0x0000000100000000)
  eden space 30720K, 100% used [0x00000000d8b00000,0x00000000da900000,0x00000000da900000)
  from space 4608K, 99% used [0x00000000da900000,0x00000000dad7b3c8,0x00000000dad80000)
  to   space 4608K, 0% used [0x00000000dcb80000,0x00000000dcb80000,0x00000000dd000000)
 ParOldGen       total 80896K, used 823K [0x000000008a000000, 0x000000008ef00000, 0x00000000d8b00000)
  object space 80896K, 1% used [0x000000008a000000,0x000000008a0cdc00,0x000000008ef00000)
 Metaspace       used 11676K, capacity 11908K, committed 12160K, reserved 1060864K
  class space    used 1430K, capacity 1545K, committed 1664K, reserved 1048576K
Event: 3.287 GC heap after
Heap after GC invocations=2 (full 0):
 PSYoungGen      total 66048K, used 4601K [0x00000000d8b00000, 0x00000000dd000000, 0x0000000100000000)
  eden space 61440K, 0% used [0x00000000d8b00000,0x00000000d8b00000,0x00000000dc700000)
  from space 4608K, 99% used [0x00000000dcb80000,0x00000000dcffe448,0x00000000dd000000)
  to   space 4608K, 0% used [0x00000000dc700000,0x00000000dc700000,0x00000000dcb80000)
 ParOldGen       total 80896K, used 2735K [0x000000008a000000, 0x000000008ef00000, 0x00000000d8b00000)
  object space 80896K, 3% used [0x000000008a000000,0x000000008a2abde0,0x000000008ef00000)
 Metaspace       used 11676K, capacity 11908K, committed 12160K, reserved 1060864K
  class space    used 1430K, capacity 1545K, committed 1664K, reserved 1048576K
}
Event: 6.362 GC heap before
{Heap before GC invocations=3 (full 0):
 PSYoungGen      total 66048K, used 66041K [0x00000000d8b00000, 0x00000000dd000000, 0x0000000100000000)
  eden space 61440K, 100% used [0x00000000d8b00000,0x00000000dc700000,0x00000000dc700000)
  from space 4608K, 99% used [0x00000000dcb80000,0x00000000dcffe448,0x00000000dd000000)
  to   space 4608K, 0% used [0x00000000dc700000,0x00000000dc700000,0x00000000dcb80000)
 ParOldGen       total 80896K, used 2735K [0x000000008a000000, 0x000000008ef00000, 0x00000000d8b00000)
  object space 80896K, 3% used [0x000000008a000000,0x000000008a2abde0,0x000000008ef00000)
 Metaspace       used 15772K, capacity 16054K, committed 16384K, reserved 1062912K
  class space    used 1905K, capacity 1984K, committed 2048K, reserved 1048576K
Event: 6.381 GC heap after
Heap after GC invocations=3 (full 0):
 PSYoungGen      total 66048K, used 4600K [0x00000000d8b00000, 0x00000000e0c00000, 0x0000000100000000)
  eden space 61440K, 0% used [0x00000000d8b00000,0x00000000d8b00000,0x00000000dc700000)
  from space 4608K, 99% used [0x00000000dc700000,0x00000000dcb7e030,0x00000000dcb80000)
  to   space 4608K, 0% used [0x00000000e0780000,0x00000000e0780000,0x00000000e0c00000)
 ParOldGen       total 80896K, used 7641K [0x000000008a000000, 0x000000008ef00000, 0x00000000d8b00000)
  object space 80896K, 9% used [0x000000008a000000,0x000000008a776648,0x000000008ef00000)
 Metaspace       used 15772K, capacity 16054K, committed 16384K, reserved 1062912K
  class space    used 1905K, capacity 1984K, committed 2048K, reserved 1048576K
}
Event: 12.443 GC heap before
{Heap before GC invocations=4 (full 0):
 PSYoungGen      total 66048K, used 66040K [0x00000000d8b00000, 0x00000000e0c00000, 0x0000000100000000)
  eden space 61440K, 100% used [0x00000000d8b00000,0x00000000dc700000,0x00000000dc700000)
  from space 4608K, 99% used [0x00000000dc700000,0x00000000dcb7e030,0x00000000dcb80000)
  to   space 4608K, 0% used [0x00000000e0780000,0x00000000e0780000,0x00000000e0c00000)
 ParOldGen       total 80896K, used 7641K [0x000000008a000000, 0x000000008ef00000, 0x00000000d8b00000)
  object space 80896K, 9% used [0x000000008a000000,0x000000008a776648,0x000000008ef00000)
 Metaspace       used 17335K, capacity 17808K, committed 18048K, reserved 1064960K
  class space    used 2032K, capacity 2163K, committed 2176K, reserved 1048576K
Event: 12.554 GC heap after
Heap after GC invocations=4 (full 0):
 PSYoungGen      total 127488K, used 4584K [0x00000000d8b00000, 0x00000000e0c00000, 0x0000000100000000)
  eden space 122880K, 0% used [0x00000000d8b00000,0x00000000d8b00000,0x00000000e0300000)
  from space 4608K, 99% used [0x00000000e0780000,0x00000000e0bfa020,0x00000000e0c00000)
  to   space 4608K, 0% used [0x00000000e0300000,0x00000000e0300000,0x00000000e0780000)
 ParOldGen       total 80896K, used 11535K [0x000000008a000000, 0x000000008ef00000, 0x00000000d8b00000)
  object space 80896K, 14% used [0x000000008a000000,0x000000008ab43f40,0x000000008ef00000)
 Metaspace       used 17335K, capacity 17808K, committed 18048K, reserved 1064960K
  class space    used 2032K, capacity 2163K, committed 2176K, reserved 1048576K
}
Event: 17.130 GC heap before
{Heap before GC invocations=5 (full 0):
 PSYoungGen      total 127488K, used 43832K [0x00000000d8b00000, 0x00000000e0c00000, 0x0000000100000000)
  eden space 122880K, 31% used [0x00000000d8b00000,0x00000000db154118,0x00000000e0300000)
  from space 4608K, 99% used [0x00000000e0780000,0x00000000e0bfa020,0x00000000e0c00000)
  to   space 4608K, 0% used [0x00000000e0300000,0x00000000e0300000,0x00000000e0780000)
 ParOldGen       total 80896K, used 11535K [0x000000008a000000, 0x000000008ef00000, 0x00000000d8b00000)
  object space 80896K, 14% used [0x000000008a000000,0x000000008ab43f40,0x000000008ef00000)
 Metaspace       used 20564K, capacity 21098K, committed 21296K, reserved 1069056K
  class space    used 2426K, capacity 2604K, committed 2688K, reserved 1048576K
Event: 17.149 GC heap after
Heap after GC invocations=5 (full 0):
 PSYoungGen      total 127488K, used 4584K [0x00000000d8b00000, 0x00000000e9000000, 0x0000000100000000)
  eden space 122880K, 0% used [0x00000000d8b00000,0x00000000d8b00000,0x00000000e0300000)
  from space 4608K, 99% used [0x00000000e0300000,0x00000000e077a040,0x00000000e0780000)
  to   space 10752K, 0% used [0x00000000e8580000,0x00000000e8580000,0x00000000e9000000)
 ParOldGen       total 80896K, used 15084K [0x000000008a000000, 0x000000008ef00000, 0x00000000d8b00000)
  object space 80896K, 18% used [0x000000008a000000,0x000000008aebb3f0,0x000000008ef00000)
 Metaspace       used 20564K, capacity 21098K, committed 21296K, reserved 1069056K
  class space    used 2426K, capacity 2604K, committed 2688K, reserved 1048576K
}
Event: 17.149 GC heap before
{Heap before GC invocations=6 (full 1):
 PSYoungGen      total 127488K, used 4584K [0x00000000d8b00000, 0x00000000e9000000, 0x0000000100000000)
  eden space 122880K, 0% used [0x00000000d8b00000,0x00000000d8b00000,0x00000000e0300000)
  from space 4608K, 99% used [0x00000000e0300000,0x00000000e077a040,0x00000000e0780000)
  to   space 10752K, 0% used [0x00000000e8580000,0x00000000e8580000,0x00000000e9000000)
 ParOldGen       total 80896K, used 15084K [0x000000008a000000, 0x000000008ef00000, 0x00000000d8b00000)
  object space 80896K, 18% used [0x000000008a000000,0x000000008aebb3f0,0x000000008ef00000)
 Metaspace       used 20564K, capacity 21098K, committed 21296K, reserved 1069056K
  class space    used 2426K, capacity 2604K, committed 2688K, reserved 1048576K
Event: 17.220 GC heap after
Heap after GC invocations=6 (full 1):
 PSYoungGen      total 127488K, used 0K [0x00000000d8b00000, 0x00000000e9000000, 0x0000000100000000)
  eden space 122880K, 0% used [0x00000000d8b00000,0x00000000d8b00000,0x00000000e0300000)
  from space 4608K, 0% used [0x00000000e0300000,0x00000000e0300000,0x00000000e0780000)
  to   space 10752K, 0% used [0x00000000e8580000,0x00000000e8580000,0x00000000e9000000)
 ParOldGen       total 56832K, used 12325K [0x000000008a000000, 0x000000008d780000, 0x00000000d8b00000)
  object space 56832K, 21% used [0x000000008a000000,0x000000008ac09688,0x000000008d780000)
 Metaspace       used 20564K, capacity 21098K, committed 21296K, reserved 1069056K
  class space    used 2426K, capacity 2604K, committed 2688K, reserved 1048576K
}

Deoptimization events (10 events):
Event: 11.840 Thread 0x00000000035fd800 Uncommon trap: reason=bimorphic action=maybe_recompile pc=0x0000000003d8ee08 method=java.util.concurrent.ConcurrentHashMap.get(Ljava/lang/Object;)Ljava/lang/Object; @ 149
Event: 12.217 Thread 0x00000000035fd800 Uncommon trap: reason=unstable_if action=reinterpret pc=0x0000000003f9a758 method=org.eclipse.sisu.plexus.RealmFilteredBeans$FilteredItr.hasNext()Z @ 44
Event: 12.428 Thread 0x00000000035fd800 Uncommon trap: reason=bimorphic action=maybe_recompile pc=0x0000000003d8ee08 method=java.util.concurrent.ConcurrentHashMap.get(Ljava/lang/Object;)Ljava/lang/Object; @ 149
Event: 14.389 Thread 0x00000000035fd800 Uncommon trap: reason=unstable_if action=reinterpret pc=0x0000000003d96a94 method=java.nio.charset.CharsetEncoder.encode(Ljava/nio/CharBuffer;Ljava/nio/ByteBuffer;Z)Ljava/nio/charset/CoderResult; @ 1
Event: 14.961 Thread 0x00000000035fd800 Uncommon trap: reason=unstable_if action=reinterpret pc=0x0000000003f76afc method=org.codehaus.plexus.util.xml.pull.MXParser.parseAttribute()C @ 1002
Event: 16.058 Thread 0x00000000035fd800 Uncommon trap: reason=unstable_if action=reinterpret pc=0x0000000003f66018 method=java.util.regex.ASCII.isType(II)Z @ 6
Event: 16.150 Thread 0x00000000035fd800 Uncommon trap: reason=unstable_if action=reinterpret pc=0x000000000425a9d8 method=java.util.jar.Attributes$Name.isAlpha(C)Z @ 21
Event: 16.460 Thread 0x00000000035fd800 Uncommon trap: reason=unstable_if action=reinterpret pc=0x000000000391cf98 method=sun.misc.URLClassPath$JarLoader.getResource(Ljava/lang/String;Z)Lsun/misc/Resource; @ 62
Event: 17.018 Thread 0x00000000035fd800 Uncommon trap: reason=unstable_if action=reinterpret pc=0x0000000003aa75fc method=java.lang.CharacterDataLatin1.isWhitespace(I)Z @ 14
Event: 17.254 Thread 0x00000000035fd800 Uncommon trap: reason=unstable_if action=reinterpret pc=0x000000000412bf7c method=java.util.Properties$LineReader.readLine()I @ 323

Internal exceptions (10 events):
Event: 4.151 Thread 0x00000000035fd800 Exception <a 'java/lang/NullPointerException'> (0x00000000da1a9b90) thrown at [C:\re\workspace\8-2-build-windows-amd64-cygwin\jdk8u151\9699\hotspot\src\share\vm\interpreter\linkResolver.cpp, line 1183]
Event: 4.151 Thread 0x00000000035fd800 Exception <a 'java/lang/NullPointerException'> (0x00000000da1a9da8) thrown at [C:\re\workspace\8-2-build-windows-amd64-cygwin\jdk8u151\9699\hotspot\src\share\vm\interpreter\linkResolver.cpp, line 1183]
Event: 4.151 Thread 0x00000000035fd800 Exception <a 'java/lang/NullPointerException'> (0x00000000da1a9fc0) thrown at [C:\re\workspace\8-2-build-windows-amd64-cygwin\jdk8u151\9699\hotspot\src\share\vm\interpreter\linkResolver.cpp, line 1183]
Event: 4.807 Thread 0x00000000035fd800 Implicit null exception at 0x0000000003987b95 to 0x0000000003987d65
Event: 4.807 Thread 0x00000000035fd800 Implicit null exception at 0x000000000398096f to 0x00000000039809d9
Event: 4.858 Thread 0x00000000035fd800 Implicit null exception at 0x0000000003d95837 to 0x0000000003d95a7d
Event: 5.028 Thread 0x00000000035fd800 Implicit null exception at 0x0000000003d25eab to 0x0000000003d2669d
Event: 5.029 Thread 0x00000000035fd800 Implicit null exception at 0x0000000003a388d8 to 0x0000000003a38966
Event: 17.092 Thread 0x00000000035fd800 Exception <a 'java/lang/NoSuchFieldError': method resolution failed> (0x00000000daf067c8) thrown at [C:\re\workspace\8-2-build-windows-amd64-cygwin\jdk8u151\9699\hotspot\src\share\vm\prims\methodHandles.cpp, line 1146]
Event: 17.101 Thread 0x00000000035fd800 Exception <a 'java/lang/NoSuchFieldError': method resolution failed> (0x00000000daf14258) thrown at [C:\re\workspace\8-2-build-windows-amd64-cygwin\jdk8u151\9699\hotspot\src\share\vm\prims\methodHandles.cpp, line 1146]

Events (10 events):
Event: 17.377 loading class org/codehaus/plexus/util/AbstractScanner
Event: 17.377 loading class org/codehaus/plexus/util/AbstractScanner done
Event: 17.379 loading class org/codehaus/plexus/util/MatchPattern
Event: 17.379 loading class org/codehaus/plexus/util/MatchPattern done
Event: 17.379 loading class org/codehaus/plexus/util/MatchPattern
Event: 17.379 loading class org/codehaus/plexus/util/MatchPattern done
Event: 17.380 loading class org/codehaus/plexus/util/SelectorUtils
Event: 17.380 loading class org/codehaus/plexus/util/SelectorUtils done
Event: 17.380 loading class org/codehaus/plexus/util/SelectorUtils
Event: 17.380 loading class org/codehaus/plexus/util/SelectorUtils done


Dynamic libraries:
0x00007ff656420000 - 0x00007ff656457000 	D:\software\Java\jdk1.8.0_151\bin\java.exe
0x00007ffb13320000 - 0x00007ffb13510000 	C:\Windows\SYSTEM32\ntdll.dll
0x00007ffb11a60000 - 0x00007ffb11b12000 	C:\Windows\System32\KERNEL32.DLL
0x00007ffb102a0000 - 0x00007ffb10545000 	C:\Windows\System32\KERNELBASE.dll
0x00007ffb11cd0000 - 0x00007ffb11d73000 	C:\Windows\System32\ADVAPI32.dll
0x00007ffb13240000 - 0x00007ffb132de000 	C:\Windows\System32\msvcrt.dll
0x00007ffb11480000 - 0x00007ffb11517000 	C:\Windows\System32\sechost.dll
0x00007ffb12240000 - 0x00007ffb1235f000 	C:\Windows\System32\RPCRT4.dll
0x00007ffb118c0000 - 0x00007ffb11a54000 	C:\Windows\System32\USER32.dll
0x00007ffb10d80000 - 0x00007ffb10da1000 	C:\Windows\System32\win32u.dll
0x00007ffb120d0000 - 0x00007ffb120f6000 	C:\Windows\System32\GDI32.dll
0x00007ffb10ee0000 - 0x00007ffb11078000 	C:\Windows\System32\gdi32full.dll
0x00007ffb10db0000 - 0x00007ffb10e4e000 	C:\Windows\System32\msvcp_win.dll
0x00007ffb11220000 - 0x00007ffb1131a000 	C:\Windows\System32\ucrtbase.dll
0x00007ffb02380000 - 0x00007ffb02604000 	C:\Windows\WinSxS\amd64_microsoft.windows.common-controls_6595b64144ccf1df_6.0.18362.1379_none_9e7ff3b3e45cc0c4\COMCTL32.dll
0x00007ffb11d80000 - 0x00007ffb120b7000 	C:\Windows\System32\combase.dll
0x00007ffb10e50000 - 0x00007ffb10ed1000 	C:\Windows\System32\bcryptPrimitives.dll
0x00007ffb12490000 - 0x00007ffb124be000 	C:\Windows\System32\IMM32.DLL
0x0000000062800000 - 0x00000000628d2000 	D:\software\Java\jdk1.8.0_151\jre\bin\msvcr100.dll
0x0000000061f60000 - 0x00000000627fd000 	D:\software\Java\jdk1.8.0_151\jre\bin\server\jvm.dll
0x00007ffb11520000 - 0x00007ffb11528000 	C:\Windows\System32\PSAPI.DLL
0x00007ffb09bd0000 - 0x00007ffb09bd9000 	C:\Windows\SYSTEM32\WSOCK32.dll
0x00007ffb11c60000 - 0x00007ffb11ccf000 	C:\Windows\System32\WS2_32.dll
0x00007ffb0c920000 - 0x00007ffb0c944000 	C:\Windows\SYSTEM32\WINMM.dll
0x00007ffb0c8f0000 - 0x00007ffb0c91d000 	C:\Windows\SYSTEM32\WINMMBASE.dll
0x00007ffb0a410000 - 0x00007ffb0a41a000 	C:\Windows\SYSTEM32\VERSION.dll
0x00007ffb10550000 - 0x00007ffb1059a000 	C:\Windows\System32\cfgmgr32.dll
0x0000000061f50000 - 0x0000000061f5f000 	D:\software\Java\jdk1.8.0_151\jre\bin\verify.dll
0x0000000061f20000 - 0x0000000061f49000 	D:\software\Java\jdk1.8.0_151\jre\bin\java.dll
0x0000000061f00000 - 0x0000000061f16000 	D:\software\Java\jdk1.8.0_151\jre\bin\zip.dll
0x00007ffb12930000 - 0x00007ffb13018000 	C:\Windows\System32\SHELL32.dll
0x00007ffb13110000 - 0x00007ffb131b7000 	C:\Windows\System32\shcore.dll
0x00007ffb105a0000 - 0x00007ffb10d1b000 	C:\Windows\System32\windows.storage.dll
0x00007ffb10270000 - 0x00007ffb10293000 	C:\Windows\System32\profapi.dll
0x00007ffb101e0000 - 0x00007ffb1022a000 	C:\Windows\System32\powrprof.dll
0x00007ffb101d0000 - 0x00007ffb101e0000 	C:\Windows\System32\UMPDC.dll
0x00007ffb130b0000 - 0x00007ffb13102000 	C:\Windows\System32\shlwapi.dll
0x00007ffb10250000 - 0x00007ffb10261000 	C:\Windows\System32\kernel.appcore.dll
0x00007ffb110b0000 - 0x00007ffb110c7000 	C:\Windows\System32\cryptsp.dll
0x00007ffb0f590000 - 0x00007ffb0f5c3000 	C:\Windows\system32\rsaenh.dll
0x00007ffb11080000 - 0x00007ffb110a6000 	C:\Windows\System32\bcrypt.dll
0x00007ffb100b0000 - 0x00007ffb100d5000 	C:\Windows\SYSTEM32\USERENV.dll
0x00007ffb0fbe0000 - 0x00007ffb0fbec000 	C:\Windows\SYSTEM32\CRYPTBASE.dll
0x0000000061ee0000 - 0x0000000061efa000 	D:\software\Java\jdk1.8.0_151\jre\bin\net.dll
0x00007ffb0fa10000 - 0x00007ffb0fa77000 	C:\Windows\system32\mswsock.dll
0x00007ffb0f720000 - 0x00007ffb0f75a000 	C:\Windows\SYSTEM32\IPHLPAPI.DLL
0x00007ffb130a0000 - 0x00007ffb130a8000 	C:\Windows\System32\NSI.dll
0x00007ffb093d0000 - 0x00007ffb093e6000 	C:\Windows\SYSTEM32\dhcpcsvc6.DLL
0x00007ffb0a500000 - 0x00007ffb0a51c000 	C:\Windows\SYSTEM32\dhcpcsvc.DLL
0x00007ffb0f760000 - 0x00007ffb0f82b000 	C:\Windows\SYSTEM32\DNSAPI.dll
0x0000000061ec0000 - 0x0000000061ed1000 	D:\software\Java\jdk1.8.0_151\jre\bin\nio.dll
0x00007ffb06060000 - 0x00007ffb0606a000 	C:\Users\10957\AppData\Local\Temp\jansi-1.17.1-5661460263351006108.dll
0x00007ffb04c80000 - 0x00007ffb04c8a000 	C:\Users\10957\AppData\Local\Temp\jansi-1.17.1-4461156910429274756.dll

VM Arguments:
jvm_args: -Dmaven.multiModuleProjectDirectory=D:\work\IDEA\code\EquipmentManagementSystem -Dfile.encoding=GBK -Dmaven.home=D:\work\maven\apache-maven-3.6.1 -Dclassworlds.conf=D:\work\maven\apache-maven-3.6.1\bin\m2.conf -Dmaven.ext.class.path=D:\work\IDEA\IntelliJ IDEA 2020.1\plugins\maven\lib\maven-event-listener.jar 
java_command: org.codehaus.classworlds.Launcher -Didea.version2020.1 -s D:\work\maven\apache-maven-3.6.1\conf\settings.xml compile war:exploded
java_class_path (initial): D:\work\maven\apache-maven-3.6.1\boot\plexus-classworlds-2.6.0.jar
Launcher Type: SUN_STANDARD

Environment Variables:
JAVA_HOME=D:\software\Java\jdk1.8.0_151
PATH=D:\工具\maven\apache-maven-3.6.1\bin;C:\Program Files\NVIDIA Corporation\NVIDIA NvDLISR;C:\Users\10957\AppData\Local\Microsoft\WindowsApps;C:\Program Files\MySQL\MySQL Server 5.7\bin;D:\工具\maven\apache-maven-3.6.1\bin;
USERNAME=10957
OS=Windows_NT
PROCESSOR_IDENTIFIER=AMD64 Family 23 Model 96 Stepping 1, AuthenticAMD



---------------  S Y S T E M  ---------------

OS: Windows 10.0 , 64 bit Build 18362 (10.0.18362.1350)

CPU:total 12 (initial active 12) (12 cores per cpu, 1 threads per core) family 23 model 96 stepping 1, cmov, cx8, fxsr, mmx, sse, sse2, sse3, ssse3, sse4.1, sse4.2, popcnt, avx, avx2, aes, clmul, mmxext, 3dnowpref, lzcnt, sse4a, tsc, tscinvbit, tscinv, bmi1

Memory: 4k page, physical 7730500k(671032k free), swap 20837696k(6952k free)

vm_info: Java HotSpot(TM) 64-Bit Server VM (25.151-b12) for windows-amd64 JRE (1.8.0_151-b12), built on Sep  5 2017 19:33:46 by "java_re" with MS VC++ 10.0 (VS2010)

time: Fri Apr 09 17:16:26 2021
elapsed time: 17 seconds (0d 0h 0m 17s)

