#
# There is insufficient memory for the Java Runtime Environment to continue.
# Native memory allocation (malloc) failed to allocate 32744 bytes for ChunkPool::allocate
# Possible reasons:
#   The system is out of physical RAM or swap space
#   In 32 bit mode, the process size limit was hit
# Possible solutions:
#   Reduce memory load on the system
#   Increase physical memory or swap space
#   Check if swap backing store is full
#   Use 64 bit Java on a 64 bit OS
#   Decrease Java heap size (-Xmx/-Xms)
#   Decrease number of Java threads
#   Decrease Java thread stack sizes (-Xss)
#   Set larger code cache with -XX:ReservedCodeCacheSize=
# This output file may be truncated or incomplete.
#
#  Out of Memory Error (allocation.cpp:273), pid=28188, tid=0x0000000000006568
#
# JRE version: Java(TM) SE Runtime Environment (8.0_151-b12) (build 1.8.0_151-b12)
# Java VM: Java HotSpot(TM) 64-Bit Server VM (25.151-b12 mixed mode windows-amd64 compressed oops)
# Failed to write core dump. Minidumps are not enabled by default on client versions of Windows
#

---------------  T H R E A D  ---------------

Current thread (0x0000000018d2f000):  JavaThread "C2 CompilerThread0" daemon [_thread_in_native, id=25960, stack(0x000000001a230000,0x000000001a330000)]

Stack: [0x000000001a230000,0x000000001a330000]
[error occurred during error reporting (printing stack bounds), id 0xc0000005]

Native frames: (J=compiled Java code, j=interpreted, Vv=VM code, C=native code)


Current CompileTask:
C2:  45194 4269       4       lombok.javac.JavacAST::buildStatementOrExpression (104 bytes)


---------------  P R O C E S S  ---------------

Java Threads: ( => current thread )
  0x0000000018dc2800 JavaThread "Service Thread" daemon [_thread_blocked, id=31056, stack(0x000000001a630000,0x000000001a730000)]
  0x0000000018d83000 JavaThread "C1 CompilerThread3" daemon [_thread_blocked, id=10692, stack(0x000000001a530000,0x000000001a630000)]
  0x0000000018d7e000 JavaThread "C2 CompilerThread2" daemon [_thread_in_native, id=17068, stack(0x000000001a430000,0x000000001a530000)]
  0x0000000018d6b800 JavaThread "C2 CompilerThread1" daemon [_thread_in_native, id=14016, stack(0x000000001a330000,0x000000001a430000)]
=>0x0000000018d2f000 JavaThread "C2 CompilerThread0" daemon [_thread_in_native, id=25960, stack(0x000000001a230000,0x000000001a330000)]
  0x0000000018cde000 JavaThread "Attach Listener" daemon [_thread_blocked, id=8, stack(0x000000001a130000,0x000000001a230000)]
  0x0000000018cdd000 JavaThread "Signal Dispatcher" daemon [_thread_blocked, id=11280, stack(0x000000001a030000,0x000000001a130000)]
  0x00000000175ee000 JavaThread "Finalizer" daemon [_thread_blocked, id=11756, stack(0x0000000019f30000,0x000000001a030000)]
  0x00000000175ed800 JavaThread "Reference Handler" daemon [_thread_blocked, id=25648, stack(0x0000000019e30000,0x0000000019f30000)]
  0x000000000294d800 JavaThread "main" [_thread_in_native, id=24304, stack(0x00000000022f0000,0x00000000023f0000)]

Other Threads:
  0x0000000018ca2800 VMThread [stack: 0x0000000019d30000,0x0000000019e30000] [id=31260]
  0x0000000018dda800 WatcherThread [stack: 0x000000001a730000,0x000000001a830000] [id=33632]

VM state:not at safepoint (normal execution)

VM Mutex/Monitor currently owned by a thread: None

Heap:
 PSYoungGen      total 110080K, used 93090K [0x00000000d8b00000, 0x00000000e0c80000, 0x0000000100000000)
  eden space 100864K, 83% used [0x00000000d8b00000,0x00000000ddce8ed0,0x00000000ded80000)
  from space 9216K, 99% used [0x00000000e0000000,0x00000000e08ffcc0,0x00000000e0900000)
  to   space 3584K, 0% used [0x00000000e0900000,0x00000000e0900000,0x00000000e0c80000)
 ParOldGen       total 55296K, used 13331K [0x000000008a000000, 0x000000008d600000, 0x00000000d8b00000)
  object space 55296K, 24% used [0x000000008a000000,0x000000008ad04d28,0x000000008d600000)
 Metaspace       used 24291K, capacity 25012K, committed 25344K, reserved 1071104K
  class space    used 2833K, capacity 2980K, committed 3072K, reserved 1048576K

Card table byte_map: [0x0000000011d10000,0x00000000120d0000] byte_map_base: 0x00000000118c0000

Marking Bits: (ParMarkBitMap*) 0x000000006277d850
 Begin Bits: [0x0000000012d50000, 0x0000000014ad0000)
 End Bits:   [0x0000000014ad0000, 0x0000000016850000)

Polling page: 0x00000000001d0000

CodeCache: size=245760Kb used=14479Kb max_used=14479Kb free=231280Kb
 bounds [0x0000000002950000, 0x0000000003790000, 0x0000000011950000]
 total_blobs=4582 nmethods=4161 adapters=334
 compilation: enabled

Compilation events (10 events):
Event: 45.183 Thread 0x0000000018d83000 4561       2       com.sun.tools.javac.tree.JCTree$JCClassDecl::accept (6 bytes)
Event: 45.183 Thread 0x0000000018d83000 nmethod 4561 0x000000000377ef10 code [0x000000000377f080, 0x000000000377f208]
Event: 45.183 Thread 0x0000000018d83000 4562       2       com.sun.tools.javac.tree.TreeScanner::visitImport (9 bytes)
Event: 45.183 Thread 0x0000000018d83000 nmethod 4562 0x000000000377f290 code [0x000000000377f400, 0x000000000377f588]
Event: 45.183 Thread 0x0000000018d83000 4563       2       com.sun.tools.javac.processing.JavacProcessingEnvironment$1::visitBinary (11 bytes)
Event: 45.184 Thread 0x0000000018d83000 nmethod 4563 0x000000000377f650 code [0x000000000377f7c0, 0x000000000377fa38]
Event: 45.184 Thread 0x0000000018d83000 4564       2       com.sun.tools.javac.tree.JCTree$JCAssign::accept (6 bytes)
Event: 45.184 Thread 0x0000000018d83000 nmethod 4564 0x000000000377fbd0 code [0x000000000377fd40, 0x000000000377fec8]
Event: 45.184 Thread 0x0000000018d83000 4565       2       com.sun.tools.javac.tree.TreeScanner::visitAssign (17 bytes)
Event: 45.184 Thread 0x0000000018d83000 nmethod 4565 0x000000000377ff50 code [0x00000000037800c0, 0x0000000003780278]

GC Heap History (10 events):
Event: 19.947 GC heap before
{Heap before GC invocations=4 (full 0):
 PSYoungGen      total 35328K, used 35320K [0x00000000d8b00000, 0x00000000dd000000, 0x0000000100000000)
  eden space 30720K, 100% used [0x00000000d8b00000,0x00000000da900000,0x00000000da900000)
  from space 4608K, 99% used [0x00000000da900000,0x00000000dad7e030,0x00000000dad80000)
  to   space 4608K, 0% used [0x00000000dcb80000,0x00000000dcb80000,0x00000000dd000000)
 ParOldGen       total 80896K, used 5607K [0x000000008a000000, 0x000000008ef00000, 0x00000000d8b00000)
  object space 80896K, 6% used [0x000000008a000000,0x000000008a579e60,0x000000008ef00000)
 Metaspace       used 15679K, capacity 15930K, committed 16128K, reserved 1062912K
  class space    used 1892K, capacity 1984K, committed 2048K, reserved 1048576K
Event: 19.965 GC heap after
Heap after GC invocations=4 (full 0):
 PSYoungGen      total 66048K, used 4600K [0x00000000d8b00000, 0x00000000dd000000, 0x0000000100000000)
  eden space 61440K, 0% used [0x00000000d8b00000,0x00000000d8b00000,0x00000000dc700000)
  from space 4608K, 99% used [0x00000000dcb80000,0x00000000dcffe030,0x00000000dd000000)
  to   space 4608K, 0% used [0x00000000dc700000,0x00000000dc700000,0x00000000dcb80000)
 ParOldGen       total 80896K, used 7969K [0x000000008a000000, 0x000000008ef00000, 0x00000000d8b00000)
  object space 80896K, 9% used [0x000000008a000000,0x000000008a7c8500,0x000000008ef00000)
 Metaspace       used 15679K, capacity 15930K, committed 16128K, reserved 1062912K
  class space    used 1892K, capacity 1984K, committed 2048K, reserved 1048576K
}
Event: 27.243 GC heap before
{Heap before GC invocations=5 (full 0):
 PSYoungGen      total 66048K, used 66040K [0x00000000d8b00000, 0x00000000dd000000, 0x0000000100000000)
  eden space 61440K, 100% used [0x00000000d8b00000,0x00000000dc700000,0x00000000dc700000)
  from space 4608K, 99% used [0x00000000dcb80000,0x00000000dcffe030,0x00000000dd000000)
  to   space 4608K, 0% used [0x00000000dc700000,0x00000000dc700000,0x00000000dcb80000)
 ParOldGen       total 80896K, used 7969K [0x000000008a000000, 0x000000008ef00000, 0x00000000d8b00000)
  object space 80896K, 9% used [0x000000008a000000,0x000000008a7c8500,0x000000008ef00000)
 Metaspace       used 17234K, capacity 17748K, committed 18048K, reserved 1064960K
  class space    used 2021K, capacity 2163K, committed 2176K, reserved 1048576K
Event: 27.275 GC heap after
Heap after GC invocations=5 (full 0):
 PSYoungGen      total 66048K, used 4584K [0x00000000d8b00000, 0x00000000e1500000, 0x0000000100000000)
  eden space 61440K, 0% used [0x00000000d8b00000,0x00000000d8b00000,0x00000000dc700000)
  from space 4608K, 99% used [0x00000000dc700000,0x00000000dcb7a020,0x00000000dcb80000)
  to   space 9216K, 0% used [0x00000000e0c00000,0x00000000e0c00000,0x00000000e1500000)
 ParOldGen       total 80896K, used 11964K [0x000000008a000000, 0x000000008ef00000, 0x00000000d8b00000)
  object space 80896K, 14% used [0x000000008a000000,0x000000008abaf090,0x000000008ef00000)
 Metaspace       used 17234K, capacity 17748K, committed 18048K, reserved 1064960K
  class space    used 2021K, capacity 2163K, committed 2176K, reserved 1048576K
}
Event: 29.647 GC heap before
{Heap before GC invocations=6 (full 0):
 PSYoungGen      total 66048K, used 21695K [0x00000000d8b00000, 0x00000000e1500000, 0x0000000100000000)
  eden space 61440K, 27% used [0x00000000d8b00000,0x00000000d9bb5e48,0x00000000dc700000)
  from space 4608K, 99% used [0x00000000dc700000,0x00000000dcb7a020,0x00000000dcb80000)
  to   space 9216K, 0% used [0x00000000e0c00000,0x00000000e0c00000,0x00000000e1500000)
 ParOldGen       total 80896K, used 11964K [0x000000008a000000, 0x000000008ef00000, 0x00000000d8b00000)
  object space 80896K, 14% used [0x000000008a000000,0x000000008abaf090,0x000000008ef00000)
 Metaspace       used 20532K, capacity 21100K, committed 21296K, reserved 1069056K
  class space    used 2473K, capacity 2619K, committed 2688K, reserved 1048576K
Event: 29.660 GC heap after
Heap after GC invocations=6 (full 0):
 PSYoungGen      total 66048K, used 5959K [0x00000000d8b00000, 0x00000000e1200000, 0x0000000100000000)
  eden space 59904K, 0% used [0x00000000d8b00000,0x00000000d8b00000,0x00000000dc580000)
  from space 6144K, 96% used [0x00000000e0c00000,0x00000000e11d1df8,0x00000000e1200000)
  to   space 9216K, 0% used [0x00000000e0000000,0x00000000e0000000,0x00000000e0900000)
 ParOldGen       total 80896K, used 11972K [0x000000008a000000, 0x000000008ef00000, 0x00000000d8b00000)
  object space 80896K, 14% used [0x000000008a000000,0x000000008abb1090,0x000000008ef00000)
 Metaspace       used 20532K, capacity 21100K, committed 21296K, reserved 1069056K
  class space    used 2473K, capacity 2619K, committed 2688K, reserved 1048576K
}
Event: 29.660 GC heap before
{Heap before GC invocations=7 (full 1):
 PSYoungGen      total 66048K, used 5959K [0x00000000d8b00000, 0x00000000e1200000, 0x0000000100000000)
  eden space 59904K, 0% used [0x00000000d8b00000,0x00000000d8b00000,0x00000000dc580000)
  from space 6144K, 96% used [0x00000000e0c00000,0x00000000e11d1df8,0x00000000e1200000)
  to   space 9216K, 0% used [0x00000000e0000000,0x00000000e0000000,0x00000000e0900000)
 ParOldGen       total 80896K, used 11972K [0x000000008a000000, 0x000000008ef00000, 0x00000000d8b00000)
  object space 80896K, 14% used [0x000000008a000000,0x000000008abb1090,0x000000008ef00000)
 Metaspace       used 20532K, capacity 21100K, committed 21296K, reserved 1069056K
  class space    used 2473K, capacity 2619K, committed 2688K, reserved 1048576K
Event: 29.773 GC heap after
Heap after GC invocations=7 (full 1):
 PSYoungGen      total 66048K, used 0K [0x00000000d8b00000, 0x00000000e1200000, 0x0000000100000000)
  eden space 59904K, 0% used [0x00000000d8b00000,0x00000000d8b00000,0x00000000dc580000)
  from space 6144K, 0% used [0x00000000e0c00000,0x00000000e0c00000,0x00000000e1200000)
  to   space 9216K, 0% used [0x00000000e0000000,0x00000000e0000000,0x00000000e0900000)
 ParOldGen       total 55296K, used 10525K [0x000000008a000000, 0x000000008d600000, 0x00000000d8b00000)
  object space 55296K, 19% used [0x000000008a000000,0x000000008aa474a0,0x000000008d600000)
 Metaspace       used 20532K, capacity 21100K, committed 21296K, reserved 1069056K
  class space    used 2473K, capacity 2619K, committed 2688K, reserved 1048576K
}
Event: 44.316 GC heap before
{Heap before GC invocations=8 (full 1):
 PSYoungGen      total 66048K, used 59864K [0x00000000d8b00000, 0x00000000e1200000, 0x0000000100000000)
  eden space 59904K, 99% used [0x00000000d8b00000,0x00000000dc5762e8,0x00000000dc580000)
  from space 6144K, 0% used [0x00000000e0c00000,0x00000000e0c00000,0x00000000e1200000)
  to   space 9216K, 0% used [0x00000000e0000000,0x00000000e0000000,0x00000000e0900000)
 ParOldGen       total 55296K, used 10525K [0x000000008a000000, 0x000000008d600000, 0x00000000d8b00000)
  object space 55296K, 19% used [0x000000008a000000,0x000000008aa474a0,0x000000008d600000)
 Metaspace       used 22941K, capacity 23600K, committed 23936K, reserved 1071104K
  class space    used 2701K, capacity 2855K, committed 2944K, reserved 1048576K
Event: 44.368 GC heap after
Heap after GC invocations=8 (full 1):
 PSYoungGen      total 110080K, used 9215K [0x00000000d8b00000, 0x00000000e0c80000, 0x0000000100000000)
  eden space 100864K, 0% used [0x00000000d8b00000,0x00000000d8b00000,0x00000000ded80000)
  from space 9216K, 99% used [0x00000000e0000000,0x00000000e08ffcc0,0x00000000e0900000)
  to   space 3584K, 0% used [0x00000000e0900000,0x00000000e0900000,0x00000000e0c80000)
 ParOldGen       total 55296K, used 13331K [0x000000008a000000, 0x000000008d600000, 0x00000000d8b00000)
  object space 55296K, 24% used [0x000000008a000000,0x000000008ad04d28,0x000000008d600000)
 Metaspace       used 22941K, capacity 23600K, committed 23936K, reserved 1071104K
  class space    used 2701K, capacity 2855K, committed 2944K, reserved 1048576K
}

Deoptimization events (10 events):
Event: 44.637 Thread 0x000000000294d800 Uncommon trap: reason=class_check action=maybe_recompile pc=0x00000000036e9e10 method=lombok.javac.JavacNode.traverse(Llombok/javac/JavacASTVisitor;)V @ 193
Event: 44.916 Thread 0x000000000294d800 Uncommon trap: reason=null_check action=maybe_recompile pc=0x00000000032c6680 method=java.util.regex.Matcher.getTextLength()I @ 4
Event: 44.920 Thread 0x000000000294d800 Uncommon trap: reason=null_check action=maybe_recompile pc=0x00000000032c6680 method=java.util.regex.Matcher.getTextLength()I @ 4
Event: 44.924 Thread 0x000000000294d800 Uncommon trap: reason=null_check action=maybe_recompile pc=0x00000000032c6680 method=java.util.regex.Matcher.getTextLength()I @ 4
Event: 44.926 Thread 0x000000000294d800 Uncommon trap: reason=null_check action=maybe_recompile pc=0x0000000003082734 method=java.util.regex.Matcher.getTextLength()I @ 4
Event: 44.929 Thread 0x000000000294d800 Uncommon trap: reason=class_check action=maybe_recompile pc=0x0000000003193384 method=java.util.regex.Pattern$Branch.match(Ljava/util/regex/Matcher;ILjava/lang/CharSequence;)Z @ 50
Event: 44.929 Thread 0x000000000294d800 Uncommon trap: reason=class_check action=maybe_recompile pc=0x0000000003193384 method=java.util.regex.Pattern$Branch.match(Ljava/util/regex/Matcher;ILjava/lang/CharSequence;)Z @ 50
Event: 44.930 Thread 0x000000000294d800 Uncommon trap: reason=class_check action=maybe_recompile pc=0x0000000003193384 method=java.util.regex.Pattern$Branch.match(Ljava/util/regex/Matcher;ILjava/lang/CharSequence;)Z @ 50
Event: 44.930 Thread 0x000000000294d800 Uncommon trap: reason=class_check action=maybe_recompile pc=0x0000000003193384 method=java.util.regex.Pattern$Branch.match(Ljava/util/regex/Matcher;ILjava/lang/CharSequence;)Z @ 50
Event: 44.998 Thread 0x000000000294d800 Uncommon trap: reason=unstable_if action=reinterpret pc=0x00000000034e7354 method=com.sun.tools.javac.code.Scope.dble()V @ 113

Internal exceptions (10 events):
Event: 45.045 Thread 0x000000000294d800 NullPointerException in IC check 0x0000000002a61100
Event: 45.045 Thread 0x000000000294d800 Exception <a 'java/lang/NullPointerException'> (0x00000000dc77f258) thrown at [C:\re\workspace\8-2-build-windows-amd64-cygwin\jdk8u151\9699\hotspot\src\share\vm\runtime\sharedRuntime.cpp, line 605]
Event: 45.046 Thread 0x000000000294d800 NullPointerException in IC check 0x0000000002a61100
Event: 45.046 Thread 0x000000000294d800 Exception <a 'java/lang/NullPointerException'> (0x00000000dc7abe90) thrown at [C:\re\workspace\8-2-build-windows-amd64-cygwin\jdk8u151\9699\hotspot\src\share\vm\runtime\sharedRuntime.cpp, line 605]
Event: 45.049 Thread 0x000000000294d800 NullPointerException in IC check 0x0000000002a61100
Event: 45.049 Thread 0x000000000294d800 Exception <a 'java/lang/NullPointerException'> (0x00000000dc7e7560) thrown at [C:\re\workspace\8-2-build-windows-amd64-cygwin\jdk8u151\9699\hotspot\src\share\vm\runtime\sharedRuntime.cpp, line 605]
Event: 45.056 Thread 0x000000000294d800 NullPointerException in IC check 0x0000000002a61100
Event: 45.056 Thread 0x000000000294d800 Exception <a 'java/lang/NullPointerException'> (0x00000000dc92e880) thrown at [C:\re\workspace\8-2-build-windows-amd64-cygwin\jdk8u151\9699\hotspot\src\share\vm\runtime\sharedRuntime.cpp, line 605]
Event: 45.056 Thread 0x000000000294d800 NullPointerException in IC check 0x0000000002a61100
Event: 45.057 Thread 0x000000000294d800 Exception <a 'java/lang/NullPointerException'> (0x00000000dc95b400) thrown at [C:\re\workspace\8-2-build-windows-amd64-cygwin\jdk8u151\9699\hotspot\src\share\vm\runtime\sharedRuntime.cpp, line 605]

Events (10 events):
Event: 44.930 Thread 0x000000000294d800 DEOPT UNPACKING pc=0x000000000299582a sp=0x00000000023ecab8 mode 2
Event: 44.998 Thread 0x000000000294d800 Uncommon trap: trap_request=0xffffff65 fr.pc=0x00000000034e7354
Event: 44.998 Thread 0x000000000294d800 DEOPT PACKING pc=0x00000000034e7354 sp=0x00000000023ec4f0
Event: 44.998 Thread 0x000000000294d800 DEOPT UNPACKING pc=0x000000000299582a sp=0x00000000023ec418 mode 2
Event: 45.150 loading class lombok/launch/AnnotationProcessorHider$ClaimingProcessor
Event: 45.150 loading class lombok/launch/AnnotationProcessorHider$ClaimingProcessor done
Event: 45.151 loading class com/sun/tools/javac/processing/JavacProcessingEnvironment$2
Event: 45.151 loading class com/sun/tools/javac/processing/JavacProcessingEnvironment$2 done
Event: 45.151 loading class com/sun/tools/javac/util/JCDiagnostic$1
Event: 45.151 loading class com/sun/tools/javac/util/JCDiagnostic$1 done


Dynamic libraries:
0x00007ff6edd00000 - 0x00007ff6edd37000 	D:\software\Java\jdk1.8.0_151\bin\java.exe
0x00007ffb13320000 - 0x00007ffb13510000 	C:\Windows\SYSTEM32\ntdll.dll
0x00007ffb11a60000 - 0x00007ffb11b12000 	C:\Windows\System32\KERNEL32.DLL
0x00007ffb102a0000 - 0x00007ffb10545000 	C:\Windows\System32\KERNELBASE.dll
0x00007ffb11cd0000 - 0x00007ffb11d73000 	C:\Windows\System32\ADVAPI32.dll
0x00007ffb13240000 - 0x00007ffb132de000 	C:\Windows\System32\msvcrt.dll
0x00007ffb11480000 - 0x00007ffb11517000 	C:\Windows\System32\sechost.dll
0x00007ffb12240000 - 0x00007ffb1235f000 	C:\Windows\System32\RPCRT4.dll
0x00007ffb118c0000 - 0x00007ffb11a54000 	C:\Windows\System32\USER32.dll
0x00007ffb10d80000 - 0x00007ffb10da1000 	C:\Windows\System32\win32u.dll
0x00007ffb120d0000 - 0x00007ffb120f6000 	C:\Windows\System32\GDI32.dll
0x00007ffb10ee0000 - 0x00007ffb11078000 	C:\Windows\System32\gdi32full.dll
0x00007ffb10db0000 - 0x00007ffb10e4e000 	C:\Windows\System32\msvcp_win.dll
0x00007ffb11220000 - 0x00007ffb1131a000 	C:\Windows\System32\ucrtbase.dll
0x00007ffb02380000 - 0x00007ffb02604000 	C:\Windows\WinSxS\amd64_microsoft.windows.common-controls_6595b64144ccf1df_6.0.18362.1379_none_9e7ff3b3e45cc0c4\COMCTL32.dll
0x00007ffb11d80000 - 0x00007ffb120b7000 	C:\Windows\System32\combase.dll
0x00007ffb10e50000 - 0x00007ffb10ed1000 	C:\Windows\System32\bcryptPrimitives.dll
0x00007ffb12490000 - 0x00007ffb124be000 	C:\Windows\System32\IMM32.DLL
0x0000000062800000 - 0x00000000628d2000 	D:\software\Java\jdk1.8.0_151\jre\bin\msvcr100.dll
0x0000000061f60000 - 0x00000000627fd000 	D:\software\Java\jdk1.8.0_151\jre\bin\server\jvm.dll
0x00007ffb11520000 - 0x00007ffb11528000 	C:\Windows\System32\PSAPI.DLL
0x00007ffb09df0000 - 0x00007ffb09df9000 	C:\Windows\SYSTEM32\WSOCK32.dll
0x00007ffb11c60000 - 0x00007ffb11ccf000 	C:\Windows\System32\WS2_32.dll
0x00007ffb0a410000 - 0x00007ffb0a41a000 	C:\Windows\SYSTEM32\VERSION.dll
0x00007ffb0c920000 - 0x00007ffb0c944000 	C:\Windows\SYSTEM32\WINMM.dll
0x00007ffb0c8f0000 - 0x00007ffb0c91d000 	C:\Windows\SYSTEM32\WINMMBASE.dll
0x00007ffb10550000 - 0x00007ffb1059a000 	C:\Windows\System32\cfgmgr32.dll
0x0000000061f50000 - 0x0000000061f5f000 	D:\software\Java\jdk1.8.0_151\jre\bin\verify.dll
0x0000000061f20000 - 0x0000000061f49000 	D:\software\Java\jdk1.8.0_151\jre\bin\java.dll
0x0000000061f00000 - 0x0000000061f16000 	D:\software\Java\jdk1.8.0_151\jre\bin\zip.dll
0x00007ffb12930000 - 0x00007ffb13018000 	C:\Windows\System32\SHELL32.dll
0x00007ffb13110000 - 0x00007ffb131b7000 	C:\Windows\System32\shcore.dll
0x00007ffb105a0000 - 0x00007ffb10d1b000 	C:\Windows\System32\windows.storage.dll
0x00007ffb10270000 - 0x00007ffb10293000 	C:\Windows\System32\profapi.dll
0x00007ffb101e0000 - 0x00007ffb1022a000 	C:\Windows\System32\powrprof.dll
0x00007ffb101d0000 - 0x00007ffb101e0000 	C:\Windows\System32\UMPDC.dll
0x00007ffb130b0000 - 0x00007ffb13102000 	C:\Windows\System32\shlwapi.dll
0x00007ffb10250000 - 0x00007ffb10261000 	C:\Windows\System32\kernel.appcore.dll
0x00007ffb110b0000 - 0x00007ffb110c7000 	C:\Windows\System32\cryptsp.dll
0x00007ffb0f590000 - 0x00007ffb0f5c3000 	C:\Windows\system32\rsaenh.dll
0x00007ffb11080000 - 0x00007ffb110a6000 	C:\Windows\System32\bcrypt.dll
0x00007ffb100b0000 - 0x00007ffb100d5000 	C:\Windows\SYSTEM32\USERENV.dll
0x00007ffb0fbe0000 - 0x00007ffb0fbec000 	C:\Windows\SYSTEM32\CRYPTBASE.dll
0x0000000061ee0000 - 0x0000000061efa000 	D:\software\Java\jdk1.8.0_151\jre\bin\net.dll
0x00007ffb0fa10000 - 0x00007ffb0fa77000 	C:\Windows\system32\mswsock.dll
0x00007ffb0f720000 - 0x00007ffb0f75a000 	C:\Windows\SYSTEM32\IPHLPAPI.DLL
0x00007ffb130a0000 - 0x00007ffb130a8000 	C:\Windows\System32\NSI.dll
0x00007ffb093d0000 - 0x00007ffb093e6000 	C:\Windows\SYSTEM32\dhcpcsvc6.DLL
0x00007ffb0a500000 - 0x00007ffb0a51c000 	C:\Windows\SYSTEM32\dhcpcsvc.DLL
0x00007ffb0f760000 - 0x00007ffb0f82b000 	C:\Windows\SYSTEM32\DNSAPI.dll
0x0000000061ec0000 - 0x0000000061ed1000 	D:\software\Java\jdk1.8.0_151\jre\bin\nio.dll
0x00007ffafcf80000 - 0x00007ffafcf8a000 	C:\Users\10957\AppData\Local\Temp\jansi-1.17.1-1216597876093592551.dll
0x00007ffaf16f0000 - 0x00007ffaf16fa000 	C:\Users\10957\AppData\Local\Temp\jansi-1.17.1-2560593219888973118.dll

VM Arguments:
jvm_args: -Dmaven.multiModuleProjectDirectory=D:\work\IDEA\code\EquipmentManagementSystem -Dfile.encoding=GBK -Dmaven.home=D:\work\maven\apache-maven-3.6.1 -Dclassworlds.conf=D:\work\maven\apache-maven-3.6.1\bin\m2.conf -Dmaven.ext.class.path=D:\work\IDEA\IntelliJ IDEA 2020.1\plugins\maven\lib\maven-event-listener.jar 
java_command: org.codehaus.classworlds.Launcher -Didea.version2020.1 -s D:\work\maven\apache-maven-3.6.1\conf\settings.xml install
java_class_path (initial): D:\work\maven\apache-maven-3.6.1\boot\plexus-classworlds-2.6.0.jar
Launcher Type: SUN_STANDARD

Environment Variables:
JAVA_HOME=D:\software\Java\jdk1.8.0_151
PATH=D:\工具\maven\apache-maven-3.6.1\bin;C:\Program Files\NVIDIA Corporation\NVIDIA NvDLISR;C:\Users\10957\AppData\Local\Microsoft\WindowsApps;C:\Program Files\MySQL\MySQL Server 5.7\bin;D:\工具\maven\apache-maven-3.6.1\bin;
USERNAME=10957
OS=Windows_NT
PROCESSOR_IDENTIFIER=AMD64 Family 23 Model 96 Stepping 1, AuthenticAMD



---------------  S Y S T E M  ---------------

OS: Windows 10.0 , 64 bit Build 18362 (10.0.18362.1350)

CPU:total 12 (initial active 12) (12 cores per cpu, 1 threads per core) family 23 model 96 stepping 1, cmov, cx8, fxsr, mmx, sse, sse2, sse3, ssse3, sse4.1, sse4.2, popcnt, avx, avx2, aes, clmul, mmxext, 3dnowpref, lzcnt, sse4a, tsc, tscinvbit, tscinv, bmi1

Memory: 4k page, physical 7730500k(205388k free), swap 20837696k(120k free)

vm_info: Java HotSpot(TM) 64-Bit Server VM (25.151-b12) for windows-amd64 JRE (1.8.0_151-b12), built on Sep  5 2017 19:33:46 by "java_re" with MS VC++ 10.0 (VS2010)

time: Wed Apr 14 18:58:31 2021
elapsed time: 45 seconds (0d 0h 0m 45s)

