#
# There is insufficient memory for the Java Runtime Environment to continue.
# Native memory allocation (malloc) failed to allocate 1368016 bytes for Chunk::new
# Possible reasons:
#   The system is out of physical RAM or swap space
#   In 32 bit mode, the process size limit was hit
# Possible solutions:
#   Reduce memory load on the system
#   Increase physical memory or swap space
#   Check if swap backing store is full
#   Use 64 bit Java on a 64 bit OS
#   Decrease Java heap size (-Xmx/-Xms)
#   Decrease number of Java threads
#   Decrease Java thread stack sizes (-Xss)
#   Set larger code cache with -XX:ReservedCodeCacheSize=
# This output file may be truncated or incomplete.
#
#  Out of Memory Error (allocation.cpp:390), pid=4972, tid=0x000000000000443c
#
# JRE version: Java(TM) SE Runtime Environment (8.0_151-b12) (build 1.8.0_151-b12)
# Java VM: Java HotSpot(TM) 64-Bit Server VM (25.151-b12 mixed mode windows-amd64 compressed oops)
# Failed to write core dump. Minidumps are not enabled by default on client versions of Windows
#

---------------  T H R E A D  ---------------

Current thread (0x0000000018fc9800):  JavaThread "C2 CompilerThread2" daemon [_thread_in_native, id=17468, stack(0x000000001a6d0000,0x000000001a7d0000)]

Stack: [0x000000001a6d0000,0x000000001a7d0000]
[error occurred during error reporting (printing stack bounds), id 0xc0000005]

Native frames: (J=compiled Java code, j=interpreted, Vv=VM code, C=native code)


Current CompileTask:
C2:   8764 1572       4       java.net.URLClassLoader$1::run (5 bytes)


---------------  P R O C E S S  ---------------

Java Threads: ( => current thread )
  0x0000000018fd4800 JavaThread "Service Thread" daemon [_thread_blocked, id=26528, stack(0x000000001a8d0000,0x000000001a9d0000)]
  0x0000000018fca000 JavaThread "C1 CompilerThread3" daemon [_thread_blocked, id=18344, stack(0x000000001a7d0000,0x000000001a8d0000)]
=>0x0000000018fc9800 JavaThread "C2 CompilerThread2" daemon [_thread_in_native, id=17468, stack(0x000000001a6d0000,0x000000001a7d0000)]
  0x0000000018fc3800 JavaThread "C2 CompilerThread1" daemon [_thread_blocked, id=3304, stack(0x000000001a5d0000,0x000000001a6d0000)]
  0x0000000018f6f000 JavaThread "C2 CompilerThread0" daemon [_thread_blocked, id=29496, stack(0x000000001a4d0000,0x000000001a5d0000)]
  0x0000000018f6c800 JavaThread "Attach Listener" daemon [_thread_blocked, id=14076, stack(0x000000001a3d0000,0x000000001a4d0000)]
  0x0000000018f6c000 JavaThread "Signal Dispatcher" daemon [_thread_blocked, id=27760, stack(0x000000001a2d0000,0x000000001a3d0000)]
  0x0000000018f03000 JavaThread "Finalizer" daemon [_thread_blocked, id=1424, stack(0x000000001a170000,0x000000001a270000)]
  0x000000001782d800 JavaThread "Reference Handler" daemon [_thread_blocked, id=4676, stack(0x000000001a070000,0x000000001a170000)]
  0x00000000025cd800 JavaThread "main" [_thread_in_native, id=20148, stack(0x0000000002990000,0x0000000002a90000)]

Other Threads:
  0x0000000018ee2800 VMThread [stack: 0x0000000019f70000,0x000000001a070000] [id=28096]
  0x000000001908b000 WatcherThread [stack: 0x000000001a9d0000,0x000000001aad0000] [id=12700]

VM state:not at safepoint (normal execution)

VM Mutex/Monitor currently owned by a thread: None

Heap:
 PSYoungGen      total 66048K, used 29155K [0x00000000d8b00000, 0x00000000dd000000, 0x0000000100000000)
  eden space 61440K, 39% used [0x00000000d8b00000,0x00000000da2fd520,0x00000000dc700000)
  from space 4608K, 99% used [0x00000000dcb80000,0x00000000dcffba10,0x00000000dd000000)
  to   space 4608K, 0% used [0x00000000dc700000,0x00000000dc700000,0x00000000dcb80000)
 ParOldGen       total 80896K, used 2651K [0x000000008a000000, 0x000000008ef00000, 0x00000000d8b00000)
  object space 80896K, 3% used [0x000000008a000000,0x000000008a296d68,0x000000008ef00000)
 Metaspace       used 14306K, capacity 14520K, committed 14720K, reserved 1062912K
  class space    used 1775K, capacity 1845K, committed 1920K, reserved 1048576K

Card table byte_map: [0x0000000011f50000,0x0000000012310000] byte_map_base: 0x0000000011b00000

Marking Bits: (ParMarkBitMap*) 0x000000006277d850
 Begin Bits: [0x0000000012f90000, 0x0000000014d10000)
 End Bits:   [0x0000000014d10000, 0x0000000016a90000)

Polling page: 0x00000000005d0000

CodeCache: size=245760Kb used=5599Kb max_used=5599Kb free=240160Kb
 bounds [0x0000000002b90000, 0x0000000003110000, 0x0000000011b90000]
 total_blobs=1982 nmethods=1629 adapters=266
 compilation: enabled

Compilation events (10 events):
Event: 8.579 Thread 0x0000000018fca000 1625   !   3       java.nio.charset.CharsetEncoder::encode (285 bytes)
Event: 8.580 Thread 0x0000000018fca000 nmethod 1625 0x0000000003107d50 code [0x0000000003108020, 0x0000000003109618]
Event: 8.580 Thread 0x0000000018fca000 1626       3       sun.nio.cs.ext.DoubleByte$Encoder::encodeLoop (28 bytes)
Event: 8.581 Thread 0x0000000018fca000 nmethod 1626 0x00000000030f1910 code [0x00000000030f1aa0, 0x00000000030f1fd8]
Event: 8.581 Thread 0x0000000018fca000 1628       3       sun.nio.cs.StreamEncoder::implFlushBuffer (15 bytes)
Event: 8.581 Thread 0x0000000018fca000 nmethod 1628 0x00000000030f1490 code [0x00000000030f1600, 0x00000000030f1868]
Event: 8.581 Thread 0x0000000018fca000 1629       3       sun.nio.cs.StreamEncoder::writeBytes (132 bytes)
Event: 8.581 Thread 0x0000000018fca000 nmethod 1629 0x0000000003109ed0 code [0x000000000310a0e0, 0x000000000310ad38]
Event: 8.635 Thread 0x0000000018fca000 1630   !   3       java.io.BufferedWriter::flushBuffer (53 bytes)
Event: 8.635 Thread 0x0000000018fca000 nmethod 1630 0x00000000030f0a50 code [0x00000000030f0c00, 0x00000000030f11d8]

GC Heap History (4 events):
Event: 5.050 GC heap before
{Heap before GC invocations=1 (full 0):
 PSYoungGen      total 35328K, used 30720K [0x00000000d8b00000, 0x00000000db200000, 0x0000000100000000)
  eden space 30720K, 100% used [0x00000000d8b00000,0x00000000da900000,0x00000000da900000)
  from space 4608K, 0% used [0x00000000dad80000,0x00000000dad80000,0x00000000db200000)
  to   space 4608K, 0% used [0x00000000da900000,0x00000000da900000,0x00000000dad80000)
 ParOldGen       total 80896K, used 0K [0x000000008a000000, 0x000000008ef00000, 0x00000000d8b00000)
  object space 80896K, 0% used [0x000000008a000000,0x000000008a000000,0x000000008ef00000)
 Metaspace       used 8689K, capacity 8892K, committed 9088K, reserved 1056768K
  class space    used 1046K, capacity 1116K, committed 1152K, reserved 1048576K
Event: 5.222 GC heap after
Heap after GC invocations=1 (full 0):
 PSYoungGen      total 35328K, used 4581K [0x00000000d8b00000, 0x00000000dd000000, 0x0000000100000000)
  eden space 30720K, 0% used [0x00000000d8b00000,0x00000000d8b00000,0x00000000da900000)
  from space 4608K, 99% used [0x00000000da900000,0x00000000dad79558,0x00000000dad80000)
  to   space 4608K, 0% used [0x00000000dcb80000,0x00000000dcb80000,0x00000000dd000000)
 ParOldGen       total 80896K, used 762K [0x000000008a000000, 0x000000008ef00000, 0x00000000d8b00000)
  object space 80896K, 0% used [0x000000008a000000,0x000000008a0be888,0x000000008ef00000)
 Metaspace       used 8689K, capacity 8892K, committed 9088K, reserved 1056768K
  class space    used 1046K, capacity 1116K, committed 1152K, reserved 1048576K
}
Event: 7.099 GC heap before
{Heap before GC invocations=2 (full 0):
 PSYoungGen      total 35328K, used 35301K [0x00000000d8b00000, 0x00000000dd000000, 0x0000000100000000)
  eden space 30720K, 100% used [0x00000000d8b00000,0x00000000da900000,0x00000000da900000)
  from space 4608K, 99% used [0x00000000da900000,0x00000000dad79558,0x00000000dad80000)
  to   space 4608K, 0% used [0x00000000dcb80000,0x00000000dcb80000,0x00000000dd000000)
 ParOldGen       total 80896K, used 762K [0x000000008a000000, 0x000000008ef00000, 0x00000000d8b00000)
  object space 80896K, 0% used [0x000000008a000000,0x000000008a0be888,0x000000008ef00000)
 Metaspace       used 11683K, capacity 11912K, committed 12160K, reserved 1060864K
  class space    used 1431K, capacity 1545K, committed 1664K, reserved 1048576K
Event: 7.201 GC heap after
Heap after GC invocations=2 (full 0):
 PSYoungGen      total 66048K, used 4590K [0x00000000d8b00000, 0x00000000dd000000, 0x0000000100000000)
  eden space 61440K, 0% used [0x00000000d8b00000,0x00000000d8b00000,0x00000000dc700000)
  from space 4608K, 99% used [0x00000000dcb80000,0x00000000dcffba10,0x00000000dd000000)
  to   space 4608K, 0% used [0x00000000dc700000,0x00000000dc700000,0x00000000dcb80000)
 ParOldGen       total 80896K, used 2651K [0x000000008a000000, 0x000000008ef00000, 0x00000000d8b00000)
  object space 80896K, 3% used [0x000000008a000000,0x000000008a296d68,0x000000008ef00000)
 Metaspace       used 11683K, capacity 11912K, committed 12160K, reserved 1060864K
  class space    used 1431K, capacity 1545K, committed 1664K, reserved 1048576K
}

Deoptimization events (10 events):
Event: 4.973 Thread 0x00000000025cd800 Uncommon trap: reason=unstable_if action=reinterpret pc=0x0000000002e86a18 method=org.codehaus.plexus.util.xml.pull.MXParser.nextImpl()I @ 200
Event: 5.224 Thread 0x00000000025cd800 Uncommon trap: reason=unstable_if action=reinterpret pc=0x0000000002e771e4 method=sun.nio.cs.StreamDecoder.implRead([CII)I @ 197
Event: 5.233 Thread 0x00000000025cd800 Uncommon trap: reason=unstable_if action=reinterpret pc=0x0000000002e85048 method=org.codehaus.plexus.util.xml.pull.MXParser.nextImpl()I @ 241
Event: 5.242 Thread 0x00000000025cd800 Uncommon trap: reason=unstable_if action=reinterpret pc=0x0000000002e6aabc method=sun.nio.cs.StreamDecoder.implRead([CII)I @ 71
Event: 5.242 Thread 0x00000000025cd800 Uncommon trap: reason=unstable_if action=reinterpret pc=0x0000000002e90b34 method=sun.nio.cs.StreamDecoder.implRead([CII)I @ 197
Event: 5.959 Thread 0x00000000025cd800 Uncommon trap: reason=range_check action=make_not_entrant pc=0x0000000002eea520 method=sun.reflect.generics.parser.SignatureParser.current()C @ 34
Event: 5.978 Thread 0x00000000025cd800 Uncommon trap: reason=bimorphic action=maybe_recompile pc=0x0000000002ef5418 method=java.util.HashMap.putVal(ILjava/lang/Object;Ljava/lang/Object;ZZ)Ljava/lang/Object; @ 203
Event: 6.356 Thread 0x00000000025cd800 Uncommon trap: reason=bimorphic action=maybe_recompile pc=0x0000000002ef5418 method=java.util.HashMap.putVal(ILjava/lang/Object;Ljava/lang/Object;ZZ)Ljava/lang/Object; @ 203
Event: 7.559 Thread 0x00000000025cd800 Uncommon trap: reason=bimorphic action=maybe_recompile pc=0x0000000002ef5418 method=java.util.HashMap.putVal(ILjava/lang/Object;Ljava/lang/Object;ZZ)Ljava/lang/Object; @ 203
Event: 7.560 Thread 0x00000000025cd800 Uncommon trap: reason=bimorphic action=maybe_recompile pc=0x0000000002ef5418 method=java.util.HashMap.putVal(ILjava/lang/Object;Ljava/lang/Object;ZZ)Ljava/lang/Object; @ 203

Internal exceptions (10 events):
Event: 5.959 Thread 0x00000000025cd800 Exception <a 'java/lang/ArrayIndexOutOfBoundsException': 66> (0x00000000d90fbc50) thrown at [C:\re\workspace\8-2-build-windows-amd64-cygwin\jdk8u151\9699\hotspot\src\share\vm\interpreter\interpreterRuntime.cpp, line 366]
Event: 7.845 Thread 0x00000000025cd800 Exception <a 'java/lang/NoClassDefFoundError': com/google/inject/servlet/ServletModuleTargetVisitor> (0x00000000d9961760) thrown at [C:\re\workspace\8-2-build-windows-amd64-cygwin\jdk8u151\9699\hotspot\src\share\vm\classfile\systemDictionary.cpp, line 199
Event: 7.845 Thread 0x00000000025cd800 Exception <a 'java/lang/NoClassDefFoundError'> (0x00000000d9961760) thrown at [C:\re\workspace\8-2-build-windows-amd64-cygwin\jdk8u151\9699\hotspot\src\share\vm\prims\jvm.cpp, line 1394]
Event: 7.845 Thread 0x00000000025cd800 Exception <a 'java/lang/NoClassDefFoundError': javax/annotation/Priority> (0x00000000d9966540) thrown at [C:\re\workspace\8-2-build-windows-amd64-cygwin\jdk8u151\9699\hotspot\src\share\vm\classfile\systemDictionary.cpp, line 199]
Event: 8.539 Thread 0x00000000025cd800 Exception <a 'java/lang/NullPointerException'> (0x00000000da19b6d8) thrown at [C:\re\workspace\8-2-build-windows-amd64-cygwin\jdk8u151\9699\hotspot\src\share\vm\interpreter\linkResolver.cpp, line 1183]
Event: 8.539 Thread 0x00000000025cd800 Exception <a 'java/lang/NullPointerException'> (0x00000000da19b8f0) thrown at [C:\re\workspace\8-2-build-windows-amd64-cygwin\jdk8u151\9699\hotspot\src\share\vm\interpreter\linkResolver.cpp, line 1183]
Event: 8.539 Thread 0x00000000025cd800 Exception <a 'java/lang/NullPointerException'> (0x00000000da19bb08) thrown at [C:\re\workspace\8-2-build-windows-amd64-cygwin\jdk8u151\9699\hotspot\src\share\vm\interpreter\linkResolver.cpp, line 1183]
Event: 8.540 Thread 0x00000000025cd800 Exception <a 'java/lang/NullPointerException'> (0x00000000da1a3848) thrown at [C:\re\workspace\8-2-build-windows-amd64-cygwin\jdk8u151\9699\hotspot\src\share\vm\interpreter\linkResolver.cpp, line 1183]
Event: 8.540 Thread 0x00000000025cd800 Exception <a 'java/lang/NullPointerException'> (0x00000000da1a3a60) thrown at [C:\re\workspace\8-2-build-windows-amd64-cygwin\jdk8u151\9699\hotspot\src\share\vm\interpreter\linkResolver.cpp, line 1183]
Event: 8.541 Thread 0x00000000025cd800 Exception <a 'java/lang/NullPointerException'> (0x00000000da1a3c78) thrown at [C:\re\workspace\8-2-build-windows-amd64-cygwin\jdk8u151\9699\hotspot\src\share\vm\interpreter\linkResolver.cpp, line 1183]

Events (10 events):
Event: 8.562 loading class org/apache/maven/settings/RuntimeInfo
Event: 8.562 loading class org/apache/maven/settings/RuntimeInfo done
Event: 8.569 loading class org/apache/maven/AbstractMavenLifecycleParticipant
Event: 8.569 loading class org/apache/maven/AbstractMavenLifecycleParticipant done
Event: 8.570 loading class org/apache/maven/lifecycle/internal/DefaultExecutionEvent
Event: 8.570 loading class org/apache/maven/lifecycle/internal/DefaultExecutionEvent done
Event: 8.571 loading class org/apache/maven/lifecycle/internal/DefaultExecutionEventCatapult$1
Event: 8.571 loading class org/apache/maven/lifecycle/internal/DefaultExecutionEventCatapult$1 done
Event: 8.572 loading class org/apache/maven/execution/ExecutionEvent$Type
Event: 8.572 loading class org/apache/maven/execution/ExecutionEvent$Type done


Dynamic libraries:
0x00007ff656420000 - 0x00007ff656457000 	D:\software\Java\jdk1.8.0_151\bin\java.exe
0x00007ffb13320000 - 0x00007ffb13510000 	C:\Windows\SYSTEM32\ntdll.dll
0x00007ffb11a60000 - 0x00007ffb11b12000 	C:\Windows\System32\KERNEL32.DLL
0x00007ffb102a0000 - 0x00007ffb10545000 	C:\Windows\System32\KERNELBASE.dll
0x00007ffb11cd0000 - 0x00007ffb11d73000 	C:\Windows\System32\ADVAPI32.dll
0x00007ffb13240000 - 0x00007ffb132de000 	C:\Windows\System32\msvcrt.dll
0x00007ffb11480000 - 0x00007ffb11517000 	C:\Windows\System32\sechost.dll
0x00007ffb12240000 - 0x00007ffb1235f000 	C:\Windows\System32\RPCRT4.dll
0x00007ffb118c0000 - 0x00007ffb11a54000 	C:\Windows\System32\USER32.dll
0x00007ffb10d80000 - 0x00007ffb10da1000 	C:\Windows\System32\win32u.dll
0x00007ffb120d0000 - 0x00007ffb120f6000 	C:\Windows\System32\GDI32.dll
0x00007ffb10ee0000 - 0x00007ffb11078000 	C:\Windows\System32\gdi32full.dll
0x00007ffb10db0000 - 0x00007ffb10e4e000 	C:\Windows\System32\msvcp_win.dll
0x00007ffb11220000 - 0x00007ffb1131a000 	C:\Windows\System32\ucrtbase.dll
0x00007ffb02380000 - 0x00007ffb02604000 	C:\Windows\WinSxS\amd64_microsoft.windows.common-controls_6595b64144ccf1df_6.0.18362.1379_none_9e7ff3b3e45cc0c4\COMCTL32.dll
0x00007ffb11d80000 - 0x00007ffb120b7000 	C:\Windows\System32\combase.dll
0x00007ffb10e50000 - 0x00007ffb10ed1000 	C:\Windows\System32\bcryptPrimitives.dll
0x00007ffb12490000 - 0x00007ffb124be000 	C:\Windows\System32\IMM32.DLL
0x0000000062800000 - 0x00000000628d2000 	D:\software\Java\jdk1.8.0_151\jre\bin\msvcr100.dll
0x0000000061f60000 - 0x00000000627fd000 	D:\software\Java\jdk1.8.0_151\jre\bin\server\jvm.dll
0x00007ffb11520000 - 0x00007ffb11528000 	C:\Windows\System32\PSAPI.DLL
0x00007ffb09bd0000 - 0x00007ffb09bd9000 	C:\Windows\SYSTEM32\WSOCK32.dll
0x00007ffb0c920000 - 0x00007ffb0c944000 	C:\Windows\SYSTEM32\WINMM.dll
0x00007ffb11c60000 - 0x00007ffb11ccf000 	C:\Windows\System32\WS2_32.dll
0x00007ffb0a410000 - 0x00007ffb0a41a000 	C:\Windows\SYSTEM32\VERSION.dll
0x00007ffb0c8f0000 - 0x00007ffb0c91d000 	C:\Windows\SYSTEM32\winmmbase.dll
0x00007ffb10550000 - 0x00007ffb1059a000 	C:\Windows\System32\cfgmgr32.dll
0x0000000061f50000 - 0x0000000061f5f000 	D:\software\Java\jdk1.8.0_151\jre\bin\verify.dll
0x0000000061f20000 - 0x0000000061f49000 	D:\software\Java\jdk1.8.0_151\jre\bin\java.dll
0x0000000061f00000 - 0x0000000061f16000 	D:\software\Java\jdk1.8.0_151\jre\bin\zip.dll
0x00007ffb12930000 - 0x00007ffb13018000 	C:\Windows\System32\SHELL32.dll
0x00007ffb13110000 - 0x00007ffb131b7000 	C:\Windows\System32\shcore.dll
0x00007ffb105a0000 - 0x00007ffb10d1b000 	C:\Windows\System32\windows.storage.dll
0x00007ffb10270000 - 0x00007ffb10293000 	C:\Windows\System32\profapi.dll
0x00007ffb101e0000 - 0x00007ffb1022a000 	C:\Windows\System32\powrprof.dll
0x00007ffb101d0000 - 0x00007ffb101e0000 	C:\Windows\System32\UMPDC.dll
0x00007ffb130b0000 - 0x00007ffb13102000 	C:\Windows\System32\shlwapi.dll
0x00007ffb10250000 - 0x00007ffb10261000 	C:\Windows\System32\kernel.appcore.dll
0x00007ffb110b0000 - 0x00007ffb110c7000 	C:\Windows\System32\cryptsp.dll
0x00007ffb0f590000 - 0x00007ffb0f5c3000 	C:\Windows\system32\rsaenh.dll
0x00007ffb11080000 - 0x00007ffb110a6000 	C:\Windows\System32\bcrypt.dll
0x00007ffb100b0000 - 0x00007ffb100d5000 	C:\Windows\SYSTEM32\USERENV.dll
0x00007ffb0fbe0000 - 0x00007ffb0fbec000 	C:\Windows\SYSTEM32\CRYPTBASE.dll
0x0000000061ee0000 - 0x0000000061efa000 	D:\software\Java\jdk1.8.0_151\jre\bin\net.dll
0x00007ffb0fa10000 - 0x00007ffb0fa77000 	C:\Windows\system32\mswsock.dll
0x00007ffb0f720000 - 0x00007ffb0f75a000 	C:\Windows\SYSTEM32\IPHLPAPI.DLL
0x00007ffb130a0000 - 0x00007ffb130a8000 	C:\Windows\System32\NSI.dll
0x00007ffb093d0000 - 0x00007ffb093e6000 	C:\Windows\SYSTEM32\dhcpcsvc6.DLL
0x00007ffb0a500000 - 0x00007ffb0a51c000 	C:\Windows\SYSTEM32\dhcpcsvc.DLL
0x00007ffb0f760000 - 0x00007ffb0f82b000 	C:\Windows\SYSTEM32\DNSAPI.dll
0x0000000061ec0000 - 0x0000000061ed1000 	D:\software\Java\jdk1.8.0_151\jre\bin\nio.dll
0x00007ffb04c40000 - 0x00007ffb04c4a000 	C:\Users\10957\AppData\Local\Temp\jansi-1.17.1-2389599023559448323.dll
0x00007ffb04c10000 - 0x00007ffb04c1a000 	C:\Users\10957\AppData\Local\Temp\jansi-1.17.1-5298573238762000274.dll

VM Arguments:
jvm_args: -Dmaven.multiModuleProjectDirectory=D:\work\IDEA\code\EquipmentManagementSystem -Dfile.encoding=GBK -Dmaven.home=D:\work\maven\apache-maven-3.6.1 -Dclassworlds.conf=D:\work\maven\apache-maven-3.6.1\bin\m2.conf -Dmaven.ext.class.path=D:\work\IDEA\IntelliJ IDEA 2020.1\plugins\maven\lib\maven-event-listener.jar 
java_command: org.codehaus.classworlds.Launcher -Didea.version2020.1 -s D:\work\maven\apache-maven-3.6.1\conf\settings.xml install
java_class_path (initial): D:\work\maven\apache-maven-3.6.1\boot\plexus-classworlds-2.6.0.jar
Launcher Type: SUN_STANDARD

Environment Variables:
JAVA_HOME=D:\software\Java\jdk1.8.0_151
PATH=D:\工具\maven\apache-maven-3.6.1\bin;C:\Program Files\NVIDIA Corporation\NVIDIA NvDLISR;C:\Users\10957\AppData\Local\Microsoft\WindowsApps;C:\Program Files\MySQL\MySQL Server 5.7\bin;D:\工具\maven\apache-maven-3.6.1\bin;
USERNAME=10957
OS=Windows_NT
PROCESSOR_IDENTIFIER=AMD64 Family 23 Model 96 Stepping 1, AuthenticAMD



---------------  S Y S T E M  ---------------

OS: Windows 10.0 , 64 bit Build 18362 (10.0.18362.1350)

CPU:total 12 (initial active 12) (12 cores per cpu, 1 threads per core) family 23 model 96 stepping 1, cmov, cx8, fxsr, mmx, sse, sse2, sse3, ssse3, sse4.1, sse4.2, popcnt, avx, avx2, aes, clmul, mmxext, 3dnowpref, lzcnt, sse4a, tsc, tscinvbit, tscinv, bmi1

Memory: 4k page, physical 7730500k(336332k free), swap 20837696k(13852k free)

vm_info: Java HotSpot(TM) 64-Bit Server VM (25.151-b12) for windows-amd64 JRE (1.8.0_151-b12), built on Sep  5 2017 19:33:46 by "java_re" with MS VC++ 10.0 (VS2010)

time: Fri Apr 09 17:08:29 2021
elapsed time: 8 seconds (0d 0h 0m 8s)

