#
# There is insufficient memory for the Java Runtime Environment to continue.
# Native memory allocation (malloc) failed to allocate 32744 bytes for ChunkPool::allocate
# Possible reasons:
#   The system is out of physical RAM or swap space
#   In 32 bit mode, the process size limit was hit
# Possible solutions:
#   Reduce memory load on the system
#   Increase physical memory or swap space
#   Check if swap backing store is full
#   Use 64 bit Java on a 64 bit OS
#   Decrease Java heap size (-Xmx/-Xms)
#   Decrease number of Java threads
#   Decrease Java thread stack sizes (-Xss)
#   Set larger code cache with -XX:ReservedCodeCacheSize=
# This output file may be truncated or incomplete.
#
#  Out of Memory Error (allocation.cpp:273), pid=16348, tid=0x0000000000006ba8
#
# JRE version: Java(TM) SE Runtime Environment (8.0_151-b12) (build 1.8.0_151-b12)
# Java VM: Java HotSpot(TM) 64-Bit Server VM (25.151-b12 mixed mode windows-amd64 compressed oops)
# Failed to write core dump. Minidumps are not enabled by default on client versions of Windows
#

---------------  T H R E A D  ---------------

Current thread (0x0000000018c9f800):  JavaThread "C2 CompilerThread0" daemon [_thread_in_native, id=27560, stack(0x000000001a1f0000,0x000000001a2f0000)]

Stack: [0x000000001a1f0000,0x000000001a2f0000]
[error occurred during error reporting (printing stack bounds), id 0xc0000005]

Native frames: (J=compiled Java code, j=interpreted, Vv=VM code, C=native code)


Current CompileTask:
C2:  42619 4229       4       lombok.javac.JavacNode::traverse (774 bytes)


---------------  P R O C E S S  ---------------

Java Threads: ( => current thread )
  0x0000000018d18800 JavaThread "Service Thread" daemon [_thread_blocked, id=22048, stack(0x000000001a5f0000,0x000000001a6f0000)]
  0x0000000018d08800 JavaThread "C1 CompilerThread3" daemon [_thread_in_native, id=16456, stack(0x000000001a4f0000,0x000000001a5f0000)]
  0x0000000018d07800 JavaThread "C2 CompilerThread2" daemon [_thread_in_native, id=3216, stack(0x000000001a3f0000,0x000000001a4f0000)]
  0x0000000018cc6800 JavaThread "C2 CompilerThread1" daemon [_thread_in_native, id=26832, stack(0x000000001a2f0000,0x000000001a3f0000)]
=>0x0000000018c9f800 JavaThread "C2 CompilerThread0" daemon [_thread_in_native, id=27560, stack(0x000000001a1f0000,0x000000001a2f0000)]
  0x0000000018c4e000 JavaThread "Attach Listener" daemon [_thread_blocked, id=7260, stack(0x000000001a0f0000,0x000000001a1f0000)]
  0x0000000018c4d000 JavaThread "Signal Dispatcher" daemon [_thread_blocked, id=12536, stack(0x0000000019ff0000,0x000000001a0f0000)]
  0x0000000018c33800 JavaThread "Finalizer" daemon [_thread_blocked, id=14632, stack(0x0000000019e90000,0x0000000019f90000)]
  0x000000001755c800 JavaThread "Reference Handler" daemon [_thread_blocked, id=16752, stack(0x0000000019d90000,0x0000000019e90000)]
  0x00000000026bd800 JavaThread "main" [_thread_in_Java, id=8552, stack(0x00000000026c0000,0x00000000027c0000)]

Other Threads:
  0x0000000017555000 VMThread [stack: 0x0000000019c90000,0x0000000019d90000] [id=22712]
  0x0000000018d14800 WatcherThread [stack: 0x000000001a6f0000,0x000000001a7f0000] [id=30656]

VM state:not at safepoint (normal execution)

VM Mutex/Monitor currently owned by a thread: None

Heap:
 PSYoungGen      total 33280K, used 26042K [0x00000000d8b00000, 0x00000000dc200000, 0x0000000100000000)
  eden space 28160K, 75% used [0x00000000d8b00000,0x00000000d9fabbc8,0x00000000da680000)
  from space 5120K, 95% used [0x00000000db180000,0x00000000db642e50,0x00000000db680000)
  to   space 9728K, 0% used [0x00000000db880000,0x00000000db880000,0x00000000dc200000)
 ParOldGen       total 44544K, used 17840K [0x000000008a000000, 0x000000008cb80000, 0x00000000d8b00000)
  object space 44544K, 40% used [0x000000008a000000,0x000000008b16c020,0x000000008cb80000)
 Metaspace       used 23748K, capacity 24376K, committed 24448K, reserved 1071104K
  class space    used 2778K, capacity 2921K, committed 2944K, reserved 1048576K

Card table byte_map: [0x0000000011c80000,0x0000000012040000] byte_map_base: 0x0000000011830000

Marking Bits: (ParMarkBitMap*) 0x000000006277d850
 Begin Bits: [0x0000000012cc0000, 0x0000000014a40000)
 End Bits:   [0x0000000014a40000, 0x00000000167c0000)

Polling page: 0x00000000008f0000

CodeCache: size=245760Kb used=13635Kb max_used=13635Kb free=232124Kb
 bounds [0x00000000028c0000, 0x0000000003630000, 0x00000000118c0000]
 total_blobs=4340 nmethods=3920 adapters=332
 compilation: enabled

Compilation events (10 events):
Event: 42.606 Thread 0x0000000018d08800 4276       3       java.net.URI::hash (33 bytes)
Event: 42.607 Thread 0x0000000018d08800 nmethod 4276 0x0000000003616250 code [0x00000000036163e0, 0x0000000003616848]
Event: 42.607 Thread 0x0000000018d08800 4277       3       lombok.javac.JavacAST::buildAnnotation (37 bytes)
Event: 42.608 Thread 0x0000000018d08800 nmethod 4277 0x0000000003616990 code [0x0000000003616b60, 0x00000000036174d8]
Event: 42.608 Thread 0x0000000018d08800 4279       3       java.net.URI::needsNormalization (184 bytes)
Event: 42.609 Thread 0x0000000018d08800 nmethod 4279 0x00000000036177d0 code [0x0000000003617aa0, 0x0000000003619268]
Event: 42.609 Thread 0x0000000018d08800 4278   !   3       com.sun.tools.javac.tree.Pretty::visitIdent (22 bytes)
Event: 42.610 Thread 0x0000000018d08800 nmethod 4278 0x0000000003619e10 code [0x000000000361a020, 0x000000000361a8f8]
Event: 42.610 Thread 0x0000000018d08800 4280       3       lombok.javac.JavacASTAdapter::visitLocal (1 bytes)
Event: 42.610 Thread 0x0000000018d08800 nmethod 4280 0x000000000361aed0 code [0x000000000361b020, 0x000000000361b170]

GC Heap History (10 events):
Event: 25.292 GC heap before
{Heap before GC invocations=6 (full 0):
 PSYoungGen      total 34816K, used 34808K [0x00000000d8b00000, 0x00000000dcc00000, 0x0000000100000000)
  eden space 30208K, 100% used [0x00000000d8b00000,0x00000000da880000,0x00000000da880000)
  from space 4608K, 99% used [0x00000000da900000,0x00000000dad7e050,0x00000000dad80000)
  to   space 8192K, 0% used [0x00000000dc400000,0x00000000dc400000,0x00000000dcc00000)
 ParOldGen       total 80896K, used 9759K [0x000000008a000000, 0x000000008ef00000, 0x00000000d8b00000)
  object space 80896K, 12% used [0x000000008a000000,0x000000008a987ed0,0x000000008ef00000)
 Metaspace       used 17111K, capacity 17584K, committed 17792K, reserved 1064960K
  class space    used 2014K, capacity 2131K, committed 2176K, reserved 1048576K
Event: 25.309 GC heap after
Heap after GC invocations=6 (full 0):
 PSYoungGen      total 36864K, used 6739K [0x00000000d8b00000, 0x00000000dcb00000, 0x0000000100000000)
  eden space 29696K, 0% used [0x00000000d8b00000,0x00000000d8b00000,0x00000000da800000)
  from space 7168K, 94% used [0x00000000dc400000,0x00000000dca94e90,0x00000000dcb00000)
  to   space 7680K, 0% used [0x00000000dbc00000,0x00000000dbc00000,0x00000000dc380000)
 ParOldGen       total 80896K, used 9767K [0x000000008a000000, 0x000000008ef00000, 0x00000000d8b00000)
  object space 80896K, 12% used [0x000000008a000000,0x000000008a989ed0,0x000000008ef00000)
 Metaspace       used 17111K, capacity 17584K, committed 17792K, reserved 1064960K
  class space    used 2014K, capacity 2131K, committed 2176K, reserved 1048576K
}
Event: 27.285 GC heap before
{Heap before GC invocations=7 (full 0):
 PSYoungGen      total 36864K, used 24626K [0x00000000d8b00000, 0x00000000dcb00000, 0x0000000100000000)
  eden space 29696K, 60% used [0x00000000d8b00000,0x00000000d9c77a78,0x00000000da800000)
  from space 7168K, 94% used [0x00000000dc400000,0x00000000dca94e90,0x00000000dcb00000)
  to   space 7680K, 0% used [0x00000000dbc00000,0x00000000dbc00000,0x00000000dc380000)
 ParOldGen       total 80896K, used 9767K [0x000000008a000000, 0x000000008ef00000, 0x00000000d8b00000)
  object space 80896K, 12% used [0x000000008a000000,0x000000008a989ed0,0x000000008ef00000)
 Metaspace       used 20528K, capacity 21096K, committed 21296K, reserved 1069056K
  class space    used 2474K, capacity 2619K, committed 2688K, reserved 1048576K
Event: 27.295 GC heap after
Heap after GC invocations=7 (full 0):
 PSYoungGen      total 34816K, used 5327K [0x00000000d8b00000, 0x00000000dc480000, 0x0000000100000000)
  eden space 29184K, 0% used [0x00000000d8b00000,0x00000000d8b00000,0x00000000da780000)
  from space 5632K, 94% used [0x00000000dbc00000,0x00000000dc133e50,0x00000000dc180000)
  to   space 3072K, 0% used [0x00000000dc180000,0x00000000dc180000,0x00000000dc480000)
 ParOldGen       total 80896K, used 11643K [0x000000008a000000, 0x000000008ef00000, 0x00000000d8b00000)
  object space 80896K, 14% used [0x000000008a000000,0x000000008ab5ef80,0x000000008ef00000)
 Metaspace       used 20528K, capacity 21096K, committed 21296K, reserved 1069056K
  class space    used 2474K, capacity 2619K, committed 2688K, reserved 1048576K
}
Event: 27.296 GC heap before
{Heap before GC invocations=8 (full 1):
 PSYoungGen      total 34816K, used 5327K [0x00000000d8b00000, 0x00000000dc480000, 0x0000000100000000)
  eden space 29184K, 0% used [0x00000000d8b00000,0x00000000d8b00000,0x00000000da780000)
  from space 5632K, 94% used [0x00000000dbc00000,0x00000000dc133e50,0x00000000dc180000)
  to   space 3072K, 0% used [0x00000000dc180000,0x00000000dc180000,0x00000000dc480000)
 ParOldGen       total 80896K, used 11643K [0x000000008a000000, 0x000000008ef00000, 0x00000000d8b00000)
  object space 80896K, 14% used [0x000000008a000000,0x000000008ab5ef80,0x000000008ef00000)
 Metaspace       used 20528K, capacity 21096K, committed 21296K, reserved 1069056K
  class space    used 2474K, capacity 2619K, committed 2688K, reserved 1048576K
Event: 27.346 GC heap after
Heap after GC invocations=8 (full 1):
 PSYoungGen      total 34816K, used 0K [0x00000000d8b00000, 0x00000000dc480000, 0x0000000100000000)
  eden space 29184K, 0% used [0x00000000d8b00000,0x00000000d8b00000,0x00000000da780000)
  from space 5632K, 0% used [0x00000000dbc00000,0x00000000dbc00000,0x00000000dc180000)
  to   space 3072K, 0% used [0x00000000dc180000,0x00000000dc180000,0x00000000dc480000)
 ParOldGen       total 44544K, used 10572K [0x000000008a000000, 0x000000008cb80000, 0x00000000d8b00000)
  object space 44544K, 23% used [0x000000008a000000,0x000000008aa53218,0x000000008cb80000)
 Metaspace       used 20528K, capacity 21096K, committed 21296K, reserved 1069056K
  class space    used 2474K, capacity 2619K, committed 2688K, reserved 1048576K
}
Event: 33.087 GC heap before
{Heap before GC invocations=9 (full 1):
 PSYoungGen      total 34816K, used 29184K [0x00000000d8b00000, 0x00000000dc480000, 0x0000000100000000)
  eden space 29184K, 100% used [0x00000000d8b00000,0x00000000da780000,0x00000000da780000)
  from space 5632K, 0% used [0x00000000dbc00000,0x00000000dbc00000,0x00000000dc180000)
  to   space 3072K, 0% used [0x00000000dc180000,0x00000000dc180000,0x00000000dc480000)
 ParOldGen       total 44544K, used 10572K [0x000000008a000000, 0x000000008cb80000, 0x00000000d8b00000)
  object space 44544K, 23% used [0x000000008a000000,0x000000008aa53218,0x000000008cb80000)
 Metaspace       used 22106K, capacity 22728K, committed 22960K, reserved 1069056K
  class space    used 2590K, capacity 2715K, committed 2816K, reserved 1048576K
Event: 33.107 GC heap after
Heap after GC invocations=9 (full 1):
 PSYoungGen      total 31744K, used 3045K [0x00000000d8b00000, 0x00000000dc480000, 0x0000000100000000)
  eden space 28672K, 0% used [0x00000000d8b00000,0x00000000d8b00000,0x00000000da700000)
  from space 3072K, 99% used [0x00000000dc180000,0x00000000dc4794e8,0x00000000dc480000)
  to   space 9728K, 0% used [0x00000000db180000,0x00000000db180000,0x00000000dbb00000)
 ParOldGen       total 44544K, used 17832K [0x000000008a000000, 0x000000008cb80000, 0x00000000d8b00000)
  object space 44544K, 40% used [0x000000008a000000,0x000000008b16a020,0x000000008cb80000)
 Metaspace       used 22106K, capacity 22728K, committed 22960K, reserved 1069056K
  class space    used 2590K, capacity 2715K, committed 2816K, reserved 1048576K
}
Event: 42.069 GC heap before
{Heap before GC invocations=10 (full 1):
 PSYoungGen      total 31744K, used 31717K [0x00000000d8b00000, 0x00000000dc480000, 0x0000000100000000)
  eden space 28672K, 100% used [0x00000000d8b00000,0x00000000da700000,0x00000000da700000)
  from space 3072K, 99% used [0x00000000dc180000,0x00000000dc4794e8,0x00000000dc480000)
  to   space 9728K, 0% used [0x00000000db180000,0x00000000db180000,0x00000000dbb00000)
 ParOldGen       total 44544K, used 17832K [0x000000008a000000, 0x000000008cb80000, 0x00000000d8b00000)
  object space 44544K, 40% used [0x000000008a000000,0x000000008b16a020,0x000000008cb80000)
 Metaspace       used 22864K, capacity 23500K, committed 23680K, reserved 1071104K
  class space    used 2693K, capacity 2823K, committed 2944K, reserved 1048576K
Event: 42.155 GC heap after
Heap after GC invocations=10 (full 1):
 PSYoungGen      total 33280K, used 4875K [0x00000000d8b00000, 0x00000000dc200000, 0x0000000100000000)
  eden space 28160K, 0% used [0x00000000d8b00000,0x00000000d8b00000,0x00000000da680000)
  from space 5120K, 95% used [0x00000000db180000,0x00000000db642e50,0x00000000db680000)
  to   space 9728K, 0% used [0x00000000db880000,0x00000000db880000,0x00000000dc200000)
 ParOldGen       total 44544K, used 17840K [0x000000008a000000, 0x000000008cb80000, 0x00000000d8b00000)
  object space 44544K, 40% used [0x000000008a000000,0x000000008b16c020,0x000000008cb80000)
 Metaspace       used 22864K, capacity 23500K, committed 23680K, reserved 1071104K
  class space    used 2693K, capacity 2823K, committed 2944K, reserved 1048576K
}

Deoptimization events (10 events):
Event: 42.529 Thread 0x00000000026bd800 Uncommon trap: reason=class_check action=maybe_recompile pc=0x0000000002bb1180 method=java.util.Collections$UnmodifiableMap$UnmodifiableEntrySet$UnmodifiableEntry.getKey()Ljava/lang/Object; @ 4
Event: 42.529 Thread 0x00000000026bd800 Uncommon trap: reason=class_check action=maybe_recompile pc=0x0000000002fe5700 method=java.util.Collections$UnmodifiableMap$UnmodifiableEntrySet$UnmodifiableEntry.getValue()Ljava/lang/Object; @ 4
Event: 42.529 Thread 0x00000000026bd800 Uncommon trap: reason=class_check action=maybe_recompile pc=0x0000000002c4b98c method=java.util.Collections$UnmodifiableMap$UnmodifiableEntrySet$1.hasNext()Z @ 4
Event: 42.529 Thread 0x00000000026bd800 Uncommon trap: reason=class_check action=maybe_recompile pc=0x0000000002badcf0 method=java.util.Collections$UnmodifiableMap$UnmodifiableEntrySet$1.next()Ljava/util/Map$Entry; @ 8
Event: 42.530 Thread 0x00000000026bd800 Uncommon trap: reason=class_check action=maybe_recompile pc=0x0000000002bb1180 method=java.util.Collections$UnmodifiableMap$UnmodifiableEntrySet$UnmodifiableEntry.getKey()Ljava/lang/Object; @ 4
Event: 42.530 Thread 0x00000000026bd800 Uncommon trap: reason=class_check action=maybe_recompile pc=0x0000000002fe5700 method=java.util.Collections$UnmodifiableMap$UnmodifiableEntrySet$UnmodifiableEntry.getValue()Ljava/lang/Object; @ 4
Event: 42.530 Thread 0x00000000026bd800 Uncommon trap: reason=class_check action=maybe_recompile pc=0x0000000002c4b98c method=java.util.Collections$UnmodifiableMap$UnmodifiableEntrySet$1.hasNext()Z @ 4
Event: 42.530 Thread 0x00000000026bd800 Uncommon trap: reason=class_check action=maybe_recompile pc=0x0000000002badcf0 method=java.util.Collections$UnmodifiableMap$UnmodifiableEntrySet$1.next()Ljava/util/Map$Entry; @ 8
Event: 42.530 Thread 0x00000000026bd800 Uncommon trap: reason=class_check action=maybe_recompile pc=0x0000000002bb1180 method=java.util.Collections$UnmodifiableMap$UnmodifiableEntrySet$UnmodifiableEntry.getKey()Ljava/lang/Object; @ 4
Event: 42.530 Thread 0x00000000026bd800 Uncommon trap: reason=class_check action=maybe_recompile pc=0x0000000002fe5700 method=java.util.Collections$UnmodifiableMap$UnmodifiableEntrySet$UnmodifiableEntry.getValue()Ljava/lang/Object; @ 4

Internal exceptions (10 events):
Event: 10.699 Thread 0x00000000026bd800 Exception <a 'java/lang/NullPointerException'> (0x00000000d9f6c2c0) thrown at [C:\re\workspace\8-2-build-windows-amd64-cygwin\jdk8u151\9699\hotspot\src\share\vm\interpreter\linkResolver.cpp, line 1183]
Event: 10.699 Thread 0x00000000026bd800 Exception <a 'java/lang/NullPointerException'> (0x00000000d9f6c4d8) thrown at [C:\re\workspace\8-2-build-windows-amd64-cygwin\jdk8u151\9699\hotspot\src\share\vm\interpreter\linkResolver.cpp, line 1183]
Event: 10.699 Thread 0x00000000026bd800 Exception <a 'java/lang/NullPointerException'> (0x00000000d9f6c6f0) thrown at [C:\re\workspace\8-2-build-windows-amd64-cygwin\jdk8u151\9699\hotspot\src\share\vm\interpreter\linkResolver.cpp, line 1183]
Event: 11.742 Thread 0x00000000026bd800 Implicit null exception at 0x0000000002b49515 to 0x0000000002b496e5
Event: 11.743 Thread 0x00000000026bd800 Implicit null exception at 0x0000000002b3b9ef to 0x0000000002b3ba59
Event: 12.163 Thread 0x00000000026bd800 Implicit null exception at 0x00000000029ced77 to 0x00000000029cefbd
Event: 27.059 Thread 0x00000000026bd800 Exception <a 'java/lang/ClassNotFoundException': com/sun/tools/javac/api/JavacTool> (0x00000000d92463b0) thrown at [C:\re\workspace\8-2-build-windows-amd64-cygwin\jdk8u151\9699\hotspot\src\share\vm\classfile\systemDictionary.cpp, line 210]
Event: 29.886 Thread 0x00000000026bd800 Exception <a 'java/io/FileNotFoundException'> (0x00000000d985ac50) thrown at [C:\re\workspace\8-2-build-windows-amd64-cygwin\jdk8u151\9699\hotspot\src\share\vm\prims\jni.cpp, line 709]
Event: 29.911 Thread 0x00000000026bd800 Exception <a 'java/io/FileNotFoundException'> (0x00000000d989d1a0) thrown at [C:\re\workspace\8-2-build-windows-amd64-cygwin\jdk8u151\9699\hotspot\src\share\vm\prims\jni.cpp, line 709]
Event: 41.321 Thread 0x00000000026bd800 Implicit null exception at 0x0000000003545651 to 0x0000000003545e91

Events (10 events):
Event: 42.530 Thread 0x00000000026bd800 DEOPT UNPACKING pc=0x000000000290582a sp=0x00000000027bcd20 mode 2
Event: 42.530 Thread 0x00000000026bd800 Uncommon trap: trap_request=0xffffffde fr.pc=0x0000000002fe5700
Event: 42.530 Thread 0x00000000026bd800 DEOPT PACKING pc=0x0000000002fe5700 sp=0x00000000027bcd90
Event: 42.530 Thread 0x00000000026bd800 DEOPT UNPACKING pc=0x000000000290582a sp=0x00000000027bcd20 mode 2
Event: 42.533 loading class com/sun/tools/javac/tree/Pretty
Event: 42.533 loading class com/sun/tools/javac/tree/Pretty done
Event: 42.535 loading class com/sun/tools/javac/tree/Pretty$UncheckedIOException
Event: 42.535 loading class com/sun/tools/javac/tree/Pretty$UncheckedIOException done
Event: 42.552 loading class com/sun/tools/javac/tree/JCTree$JCPolyExpression$PolyKind
Event: 42.552 loading class com/sun/tools/javac/tree/JCTree$JCPolyExpression$PolyKind done


Dynamic libraries:
0x00007ff6edd00000 - 0x00007ff6edd37000 	D:\software\Java\jdk1.8.0_151\bin\java.exe
0x00007ffb13320000 - 0x00007ffb13510000 	C:\Windows\SYSTEM32\ntdll.dll
0x00007ffb11a60000 - 0x00007ffb11b12000 	C:\Windows\System32\KERNEL32.DLL
0x00007ffb102a0000 - 0x00007ffb10545000 	C:\Windows\System32\KERNELBASE.dll
0x00007ffb11cd0000 - 0x00007ffb11d73000 	C:\Windows\System32\ADVAPI32.dll
0x00007ffb13240000 - 0x00007ffb132de000 	C:\Windows\System32\msvcrt.dll
0x00007ffb11480000 - 0x00007ffb11517000 	C:\Windows\System32\sechost.dll
0x00007ffb12240000 - 0x00007ffb1235f000 	C:\Windows\System32\RPCRT4.dll
0x00007ffb118c0000 - 0x00007ffb11a54000 	C:\Windows\System32\USER32.dll
0x00007ffb10d80000 - 0x00007ffb10da1000 	C:\Windows\System32\win32u.dll
0x00007ffb120d0000 - 0x00007ffb120f6000 	C:\Windows\System32\GDI32.dll
0x00007ffb10ee0000 - 0x00007ffb11078000 	C:\Windows\System32\gdi32full.dll
0x00007ffb10db0000 - 0x00007ffb10e4e000 	C:\Windows\System32\msvcp_win.dll
0x00007ffb11220000 - 0x00007ffb1131a000 	C:\Windows\System32\ucrtbase.dll
0x00007ffb02380000 - 0x00007ffb02604000 	C:\Windows\WinSxS\amd64_microsoft.windows.common-controls_6595b64144ccf1df_6.0.18362.1379_none_9e7ff3b3e45cc0c4\COMCTL32.dll
0x00007ffb11d80000 - 0x00007ffb120b7000 	C:\Windows\System32\combase.dll
0x00007ffb10e50000 - 0x00007ffb10ed1000 	C:\Windows\System32\bcryptPrimitives.dll
0x00007ffb12490000 - 0x00007ffb124be000 	C:\Windows\System32\IMM32.DLL
0x0000000062800000 - 0x00000000628d2000 	D:\software\Java\jdk1.8.0_151\jre\bin\msvcr100.dll
0x0000000061f60000 - 0x00000000627fd000 	D:\software\Java\jdk1.8.0_151\jre\bin\server\jvm.dll
0x00007ffb11520000 - 0x00007ffb11528000 	C:\Windows\System32\PSAPI.DLL
0x00007ffb09df0000 - 0x00007ffb09df9000 	C:\Windows\SYSTEM32\WSOCK32.dll
0x00007ffb0c920000 - 0x00007ffb0c944000 	C:\Windows\SYSTEM32\WINMM.dll
0x00007ffb11c60000 - 0x00007ffb11ccf000 	C:\Windows\System32\WS2_32.dll
0x00007ffb0a410000 - 0x00007ffb0a41a000 	C:\Windows\SYSTEM32\VERSION.dll
0x00007ffb0c8f0000 - 0x00007ffb0c91d000 	C:\Windows\SYSTEM32\winmmbase.dll
0x00007ffb10550000 - 0x00007ffb1059a000 	C:\Windows\System32\cfgmgr32.dll
0x0000000061f50000 - 0x0000000061f5f000 	D:\software\Java\jdk1.8.0_151\jre\bin\verify.dll
0x0000000061f20000 - 0x0000000061f49000 	D:\software\Java\jdk1.8.0_151\jre\bin\java.dll
0x0000000061f00000 - 0x0000000061f16000 	D:\software\Java\jdk1.8.0_151\jre\bin\zip.dll
0x00007ffb12930000 - 0x00007ffb13018000 	C:\Windows\System32\SHELL32.dll
0x00007ffb13110000 - 0x00007ffb131b7000 	C:\Windows\System32\shcore.dll
0x00007ffb105a0000 - 0x00007ffb10d1b000 	C:\Windows\System32\windows.storage.dll
0x00007ffb10270000 - 0x00007ffb10293000 	C:\Windows\System32\profapi.dll
0x00007ffb101e0000 - 0x00007ffb1022a000 	C:\Windows\System32\powrprof.dll
0x00007ffb101d0000 - 0x00007ffb101e0000 	C:\Windows\System32\UMPDC.dll
0x00007ffb130b0000 - 0x00007ffb13102000 	C:\Windows\System32\shlwapi.dll
0x00007ffb10250000 - 0x00007ffb10261000 	C:\Windows\System32\kernel.appcore.dll
0x00007ffb110b0000 - 0x00007ffb110c7000 	C:\Windows\System32\cryptsp.dll
0x00007ffb0f590000 - 0x00007ffb0f5c3000 	C:\Windows\system32\rsaenh.dll
0x00007ffb11080000 - 0x00007ffb110a6000 	C:\Windows\System32\bcrypt.dll
0x00007ffb100b0000 - 0x00007ffb100d5000 	C:\Windows\SYSTEM32\USERENV.dll
0x00007ffb0fbe0000 - 0x00007ffb0fbec000 	C:\Windows\SYSTEM32\CRYPTBASE.dll
0x0000000061ee0000 - 0x0000000061efa000 	D:\software\Java\jdk1.8.0_151\jre\bin\net.dll
0x00007ffb0fa10000 - 0x00007ffb0fa77000 	C:\Windows\system32\mswsock.dll
0x00007ffb0f720000 - 0x00007ffb0f75a000 	C:\Windows\SYSTEM32\IPHLPAPI.DLL
0x00007ffb130a0000 - 0x00007ffb130a8000 	C:\Windows\System32\NSI.dll
0x00007ffb093d0000 - 0x00007ffb093e6000 	C:\Windows\SYSTEM32\dhcpcsvc6.DLL
0x00007ffb0a500000 - 0x00007ffb0a51c000 	C:\Windows\SYSTEM32\dhcpcsvc.DLL
0x00007ffb0f760000 - 0x00007ffb0f82b000 	C:\Windows\SYSTEM32\DNSAPI.dll
0x0000000061ec0000 - 0x0000000061ed1000 	D:\software\Java\jdk1.8.0_151\jre\bin\nio.dll
0x00007ffaf1710000 - 0x00007ffaf171a000 	C:\Users\10957\AppData\Local\Temp\jansi-1.17.1-6756498855490875049.dll
0x00007ffaf0c90000 - 0x00007ffaf0c9a000 	C:\Users\10957\AppData\Local\Temp\jansi-1.17.1-8065778833387650753.dll

VM Arguments:
jvm_args: -Dmaven.multiModuleProjectDirectory=D:\work\IDEA\code\EquipmentManagementSystem -Dfile.encoding=GBK -Dmaven.home=D:\work\maven\apache-maven-3.6.1 -Dclassworlds.conf=D:\work\maven\apache-maven-3.6.1\bin\m2.conf -Dmaven.ext.class.path=D:\work\IDEA\IntelliJ IDEA 2020.1\plugins\maven\lib\maven-event-listener.jar 
java_command: org.codehaus.classworlds.Launcher -Didea.version2020.1 -s D:\work\maven\apache-maven-3.6.1\conf\settings.xml install
java_class_path (initial): D:\work\maven\apache-maven-3.6.1\boot\plexus-classworlds-2.6.0.jar
Launcher Type: SUN_STANDARD

Environment Variables:
JAVA_HOME=D:\software\Java\jdk1.8.0_151
PATH=D:\工具\maven\apache-maven-3.6.1\bin;C:\Program Files\NVIDIA Corporation\NVIDIA NvDLISR;C:\Users\10957\AppData\Local\Microsoft\WindowsApps;C:\Program Files\MySQL\MySQL Server 5.7\bin;D:\工具\maven\apache-maven-3.6.1\bin;
USERNAME=10957
OS=Windows_NT
PROCESSOR_IDENTIFIER=AMD64 Family 23 Model 96 Stepping 1, AuthenticAMD



---------------  S Y S T E M  ---------------

OS: Windows 10.0 , 64 bit Build 18362 (10.0.18362.1350)

CPU:total 12 (initial active 12) (12 cores per cpu, 1 threads per core) family 23 model 96 stepping 1, cmov, cx8, fxsr, mmx, sse, sse2, sse3, ssse3, sse4.1, sse4.2, popcnt, avx, avx2, aes, clmul, mmxext, 3dnowpref, lzcnt, sse4a, tsc, tscinvbit, tscinv, bmi1

Memory: 4k page, physical 7730500k(205404k free), swap 20837696k(120k free)

vm_info: Java HotSpot(TM) 64-Bit Server VM (25.151-b12) for windows-amd64 JRE (1.8.0_151-b12), built on Sep  5 2017 19:33:46 by "java_re" with MS VC++ 10.0 (VS2010)

time: Wed Apr 14 18:58:31 2021
elapsed time: 42 seconds (0d 0h 0m 42s)

