#
# There is insufficient memory for the Java Runtime Environment to continue.
# Native memory allocation (malloc) failed to allocate 1207936 bytes for Chunk::new
# Possible reasons:
#   The system is out of physical RAM or swap space
#   In 32 bit mode, the process size limit was hit
# Possible solutions:
#   Reduce memory load on the system
#   Increase physical memory or swap space
#   Check if swap backing store is full
#   Use 64 bit Java on a 64 bit OS
#   Decrease Java heap size (-Xmx/-Xms)
#   Decrease number of Java threads
#   Decrease Java thread stack sizes (-Xss)
#   Set larger code cache with -XX:ReservedCodeCacheSize=
# This output file may be truncated or incomplete.
#
#  Out of Memory Error (allocation.cpp:390), pid=31408, tid=0x00000000000044f0
#
# JRE version: Java(TM) SE Runtime Environment (8.0_151-b12) (build 1.8.0_151-b12)
# Java VM: Java HotSpot(TM) 64-Bit Server VM (25.151-b12 mixed mode windows-amd64 compressed oops)
# Failed to write core dump. Minidumps are not enabled by default on client versions of Windows
#

---------------  T H R E A D  ---------------

Current thread (0x000000001996b800):  JavaThread "C2 CompilerThread2" daemon [_thread_in_native, id=17648, stack(0x000000001b050000,0x000000001b150000)]

Stack: [0x000000001b050000,0x000000001b150000]
[error occurred during error reporting (printing stack bounds), id 0xc0000005]

Native frames: (J=compiled Java code, j=interpreted, Vv=VM code, C=native code)


Current CompileTask:
C2:   6739 1560       4       java.net.URLClassLoader$1::run (5 bytes)


---------------  P R O C E S S  ---------------

Java Threads: ( => current thread )
  0x0000000019a06800 JavaThread "Service Thread" daemon [_thread_blocked, id=28472, stack(0x000000001b250000,0x000000001b350000)]
  0x000000001996c800 JavaThread "C1 CompilerThread3" daemon [_thread_blocked, id=22544, stack(0x000000001b150000,0x000000001b250000)]
=>0x000000001996b800 JavaThread "C2 CompilerThread2" daemon [_thread_in_native, id=17648, stack(0x000000001b050000,0x000000001b150000)]
  0x0000000019967000 JavaThread "C2 CompilerThread1" daemon [_thread_in_native, id=20508, stack(0x000000001af50000,0x000000001b050000)]
  0x000000001995f000 JavaThread "C2 CompilerThread0" daemon [_thread_blocked, id=12444, stack(0x000000001ae50000,0x000000001af50000)]
  0x000000001990e000 JavaThread "Attach Listener" daemon [_thread_blocked, id=33552, stack(0x000000001ad50000,0x000000001ae50000)]
  0x000000001990d000 JavaThread "Signal Dispatcher" daemon [_thread_blocked, id=26680, stack(0x000000001ac50000,0x000000001ad50000)]
  0x00000000181ee000 JavaThread "Finalizer" daemon [_thread_blocked, id=25236, stack(0x000000001ab50000,0x000000001ac50000)]
  0x00000000181ed800 JavaThread "Reference Handler" daemon [_thread_blocked, id=8396, stack(0x000000001aa50000,0x000000001ab50000)]
  0x000000000334d800 JavaThread "main" [_thread_in_native, id=31796, stack(0x0000000003350000,0x0000000003450000)]

Other Threads:
  0x00000000198d2800 VMThread [stack: 0x000000001a950000,0x000000001aa50000] [id=8924]
  0x0000000019a1e000 WatcherThread [stack: 0x000000001b350000,0x000000001b450000] [id=18520]

VM state:not at safepoint (normal execution)

VM Mutex/Monitor currently owned by a thread:  ([mutex/lock_event])
[0x000000000334bfc0] CodeCache_lock - owner thread: 0x0000000000000000

Heap:
 PSYoungGen      total 35328K, used 30385K [0x00000000d8b00000, 0x00000000db200000, 0x0000000100000000)
  eden space 30720K, 83% used [0x00000000d8b00000,0x00000000da42d478,0x00000000da900000)
  from space 4608K, 99% used [0x00000000dad80000,0x00000000db1ff340,0x00000000db200000)
  to   space 4608K, 0% used [0x00000000da900000,0x00000000da900000,0x00000000dad80000)
 ParOldGen       total 80896K, used 2682K [0x000000008a000000, 0x000000008ef00000, 0x00000000d8b00000)
  object space 80896K, 3% used [0x000000008a000000,0x000000008a29ea40,0x000000008ef00000)
 Metaspace       used 14566K, capacity 14804K, committed 14976K, reserved 1062912K
  class space    used 1803K, capacity 1877K, committed 1920K, reserved 1048576K

Card table byte_map: [0x0000000012910000,0x0000000012cd0000] byte_map_base: 0x00000000124c0000

Marking Bits: (ParMarkBitMap*) 0x000000006277d850
 Begin Bits: [0x0000000013950000, 0x00000000156d0000)
 End Bits:   [0x00000000156d0000, 0x0000000017450000)

Polling page: 0x00000000010f0000

CodeCache: size=245760Kb used=5788Kb max_used=5801Kb free=239971Kb
 bounds [0x0000000003550000, 0x0000000003b00000, 0x0000000012550000]
 total_blobs=1996 nmethods=1643 adapters=266
 compilation: enabled

Compilation events (10 events):
Event: 6.709 Thread 0x000000001996c800 nmethod 1641 0x0000000003af7010 code [0x0000000003af71a0, 0x0000000003af73a8]
Event: 6.709 Thread 0x000000001996c800 1642   !   3       com.google.inject.internal.InjectorImpl::getProvider (46 bytes)
Event: 6.710 Thread 0x000000001996c800 nmethod 1642 0x0000000003afaa10 code [0x0000000003afac80, 0x0000000003afbb38]
Event: 6.710 Thread 0x000000001995f000 nmethod 1635 0x0000000003afc3d0 code [0x0000000003afc560, 0x0000000003afceb8]
Event: 6.710 Thread 0x000000001996c800 1644       3       java.lang.reflect.Executable::getGenericParameterTypes (20 bytes)
Event: 6.710 Thread 0x000000001996c800 nmethod 1644 0x0000000003afa310 code [0x0000000003afa4a0, 0x0000000003afa918]
Event: 6.710 Thread 0x000000001996c800 1643       3       java.lang.reflect.Modifier::isPrivate (12 bytes)
Event: 6.710 Thread 0x000000001996c800 nmethod 1643 0x0000000003af9fd0 code [0x0000000003afa120, 0x0000000003afa2b0]
Event: 6.719 Thread 0x000000001995f000 1645   !   4       java.util.zip.ZipFile$ZipFileInputStream::close (110 bytes)
Event: 6.725 Thread 0x000000001995f000 nmethod 1645 0x0000000003af7ad0 code [0x0000000003af7c60, 0x0000000003af8528]

GC Heap History (4 events):
Event: 4.824 GC heap before
{Heap before GC invocations=1 (full 0):
 PSYoungGen      total 35328K, used 30720K [0x00000000d8b00000, 0x00000000db200000, 0x0000000100000000)
  eden space 30720K, 100% used [0x00000000d8b00000,0x00000000da900000,0x00000000da900000)
  from space 4608K, 0% used [0x00000000dad80000,0x00000000dad80000,0x00000000db200000)
  to   space 4608K, 0% used [0x00000000da900000,0x00000000da900000,0x00000000dad80000)
 ParOldGen       total 80896K, used 0K [0x000000008a000000, 0x000000008ef00000, 0x00000000d8b00000)
  object space 80896K, 0% used [0x000000008a000000,0x000000008a000000,0x000000008ef00000)
 Metaspace       used 8689K, capacity 8888K, committed 9088K, reserved 1056768K
  class space    used 1046K, capacity 1116K, committed 1152K, reserved 1048576K
Event: 4.844 GC heap after
Heap after GC invocations=1 (full 0):
 PSYoungGen      total 35328K, used 4585K [0x00000000d8b00000, 0x00000000db200000, 0x0000000100000000)
  eden space 30720K, 0% used [0x00000000d8b00000,0x00000000d8b00000,0x00000000da900000)
  from space 4608K, 99% used [0x00000000da900000,0x00000000dad7a630,0x00000000dad80000)
  to   space 4608K, 0% used [0x00000000dad80000,0x00000000dad80000,0x00000000db200000)
 ParOldGen       total 80896K, used 793K [0x000000008a000000, 0x000000008ef00000, 0x00000000d8b00000)
  object space 80896K, 0% used [0x000000008a000000,0x000000008a0c65f8,0x000000008ef00000)
 Metaspace       used 8689K, capacity 8888K, committed 9088K, reserved 1056768K
  class space    used 1046K, capacity 1116K, committed 1152K, reserved 1048576K
}
Event: 5.833 GC heap before
{Heap before GC invocations=2 (full 0):
 PSYoungGen      total 35328K, used 35305K [0x00000000d8b00000, 0x00000000db200000, 0x0000000100000000)
  eden space 30720K, 100% used [0x00000000d8b00000,0x00000000da900000,0x00000000da900000)
  from space 4608K, 99% used [0x00000000da900000,0x00000000dad7a630,0x00000000dad80000)
  to   space 4608K, 0% used [0x00000000dad80000,0x00000000dad80000,0x00000000db200000)
 ParOldGen       total 80896K, used 793K [0x000000008a000000, 0x000000008ef00000, 0x00000000d8b00000)
  object space 80896K, 0% used [0x000000008a000000,0x000000008a0c65f8,0x000000008ef00000)
 Metaspace       used 11689K, capacity 11908K, committed 12160K, reserved 1060864K
  class space    used 1432K, capacity 1545K, committed 1664K, reserved 1048576K
Event: 5.847 GC heap after
Heap after GC invocations=2 (full 0):
 PSYoungGen      total 35328K, used 4604K [0x00000000d8b00000, 0x00000000db200000, 0x0000000100000000)
  eden space 30720K, 0% used [0x00000000d8b00000,0x00000000d8b00000,0x00000000da900000)
  from space 4608K, 99% used [0x00000000dad80000,0x00000000db1ff340,0x00000000db200000)
  to   space 4608K, 0% used [0x00000000da900000,0x00000000da900000,0x00000000dad80000)
 ParOldGen       total 80896K, used 2682K [0x000000008a000000, 0x000000008ef00000, 0x00000000d8b00000)
  object space 80896K, 3% used [0x000000008a000000,0x000000008a29ea40,0x000000008ef00000)
 Metaspace       used 11689K, capacity 11908K, committed 12160K, reserved 1060864K
  class space    used 1432K, capacity 1545K, committed 1664K, reserved 1048576K
}

Deoptimization events (10 events):
Event: 4.844 Thread 0x000000000334d800 Uncommon trap: reason=unstable_if action=reinterpret pc=0x0000000003848f88 method=sun.nio.cs.StreamDecoder.implRead([CII)I @ 197
Event: 4.848 Thread 0x000000000334d800 Uncommon trap: reason=unstable_if action=reinterpret pc=0x00000000038654e4 method=org.codehaus.plexus.util.xml.pull.MXParser.nextImpl()I @ 241
Event: 5.095 Thread 0x000000000334d800 Uncommon trap: reason=range_check action=make_not_entrant pc=0x000000000380eba0 method=sun.reflect.generics.parser.SignatureParser.current()C @ 34
Event: 5.117 Thread 0x000000000334d800 Uncommon trap: reason=bimorphic action=maybe_recompile pc=0x00000000038c8cc0 method=java.util.HashMap.putVal(ILjava/lang/Object;Ljava/lang/Object;ZZ)Ljava/lang/Object; @ 203
Event: 5.309 Thread 0x000000000334d800 Uncommon trap: reason=bimorphic action=maybe_recompile pc=0x00000000038c8cc0 method=java.util.HashMap.putVal(ILjava/lang/Object;Ljava/lang/Object;ZZ)Ljava/lang/Object; @ 203
Event: 6.153 Thread 0x000000000334d800 Uncommon trap: reason=bimorphic action=maybe_recompile pc=0x00000000038c8cc0 method=java.util.HashMap.putVal(ILjava/lang/Object;Ljava/lang/Object;ZZ)Ljava/lang/Object; @ 203
Event: 6.153 Thread 0x000000000334d800 Uncommon trap: reason=bimorphic action=maybe_recompile pc=0x00000000038c8cc0 method=java.util.HashMap.putVal(ILjava/lang/Object;Ljava/lang/Object;ZZ)Ljava/lang/Object; @ 203
Event: 6.514 Thread 0x000000000334d800 Uncommon trap: reason=unstable_if action=reinterpret pc=0x00000000038adc2c method=org.codehaus.plexus.util.xml.pull.MXParser.parseStartTag()I @ 443
Event: 6.680 Thread 0x000000000334d800 Uncommon trap: reason=unstable_if action=reinterpret pc=0x00000000037a8880 method=sun.nio.cs.UTF_8$Decoder.decode([BII[C)I @ 30
Event: 6.687 Thread 0x000000000334d800 Uncommon trap: reason=unstable_if action=reinterpret pc=0x000000000382f384 method=sun.nio.cs.UTF_8$Decoder.decodeArrayLoop(Ljava/nio/ByteBuffer;Ljava/nio/CharBuffer;)Ljava/nio/charset/CoderResult; @ 84

Internal exceptions (10 events):
Event: 5.095 Thread 0x000000000334d800 Exception <a 'java/lang/ArrayIndexOutOfBoundsException': 66> (0x00000000d90fef80) thrown at [C:\re\workspace\8-2-build-windows-amd64-cygwin\jdk8u151\9699\hotspot\src\share\vm\interpreter\interpreterRuntime.cpp, line 366]
Event: 6.307 Thread 0x000000000334d800 Exception <a 'java/lang/NoClassDefFoundError': com/google/inject/servlet/ServletModuleTargetVisitor> (0x00000000d99330e0) thrown at [C:\re\workspace\8-2-build-windows-amd64-cygwin\jdk8u151\9699\hotspot\src\share\vm\classfile\systemDictionary.cpp, line 199
Event: 6.307 Thread 0x000000000334d800 Exception <a 'java/lang/NoClassDefFoundError'> (0x00000000d99330e0) thrown at [C:\re\workspace\8-2-build-windows-amd64-cygwin\jdk8u151\9699\hotspot\src\share\vm\prims\jvm.cpp, line 1394]
Event: 6.307 Thread 0x000000000334d800 Exception <a 'java/lang/NoClassDefFoundError': javax/annotation/Priority> (0x00000000d9937ec0) thrown at [C:\re\workspace\8-2-build-windows-amd64-cygwin\jdk8u151\9699\hotspot\src\share\vm\classfile\systemDictionary.cpp, line 199]
Event: 6.630 Thread 0x000000000334d800 Exception <a 'java/lang/NullPointerException'> (0x00000000da0d5d68) thrown at [C:\re\workspace\8-2-build-windows-amd64-cygwin\jdk8u151\9699\hotspot\src\share\vm\interpreter\linkResolver.cpp, line 1183]
Event: 6.630 Thread 0x000000000334d800 Exception <a 'java/lang/NullPointerException'> (0x00000000da0d5f80) thrown at [C:\re\workspace\8-2-build-windows-amd64-cygwin\jdk8u151\9699\hotspot\src\share\vm\interpreter\linkResolver.cpp, line 1183]
Event: 6.630 Thread 0x000000000334d800 Exception <a 'java/lang/NullPointerException'> (0x00000000da0d6198) thrown at [C:\re\workspace\8-2-build-windows-amd64-cygwin\jdk8u151\9699\hotspot\src\share\vm\interpreter\linkResolver.cpp, line 1183]
Event: 6.633 Thread 0x000000000334d800 Exception <a 'java/lang/NullPointerException'> (0x00000000da0de340) thrown at [C:\re\workspace\8-2-build-windows-amd64-cygwin\jdk8u151\9699\hotspot\src\share\vm\interpreter\linkResolver.cpp, line 1183]
Event: 6.633 Thread 0x000000000334d800 Exception <a 'java/lang/NullPointerException'> (0x00000000da0de558) thrown at [C:\re\workspace\8-2-build-windows-amd64-cygwin\jdk8u151\9699\hotspot\src\share\vm\interpreter\linkResolver.cpp, line 1183]
Event: 6.633 Thread 0x000000000334d800 Exception <a 'java/lang/NullPointerException'> (0x00000000da0de770) thrown at [C:\re\workspace\8-2-build-windows-amd64-cygwin\jdk8u151\9699\hotspot\src\share\vm\interpreter\linkResolver.cpp, line 1183]

Events (10 events):
Event: 6.727 loading class org/apache/maven/model/Parent
Event: 6.727 loading class org/apache/maven/model/Parent done
Event: 6.728 loading class org/apache/maven/model/Organization
Event: 6.728 loading class org/apache/maven/model/Organization done
Event: 6.730 loading class org/apache/maven/model/Prerequisites
Event: 6.730 loading class org/apache/maven/model/Prerequisites done
Event: 6.731 loading class org/apache/maven/model/Scm
Event: 6.731 loading class org/apache/maven/model/Scm done
Event: 6.733 loading class org/apache/maven/model/IssueManagement
Event: 6.733 loading class org/apache/maven/model/IssueManagement done


Dynamic libraries:
0x00007ff6edd00000 - 0x00007ff6edd37000 	D:\software\Java\jdk1.8.0_151\bin\java.exe
0x00007ffb13320000 - 0x00007ffb13510000 	C:\Windows\SYSTEM32\ntdll.dll
0x00007ffb11a60000 - 0x00007ffb11b12000 	C:\Windows\System32\KERNEL32.DLL
0x00007ffb102a0000 - 0x00007ffb10545000 	C:\Windows\System32\KERNELBASE.dll
0x00007ffb11cd0000 - 0x00007ffb11d73000 	C:\Windows\System32\ADVAPI32.dll
0x00007ffb13240000 - 0x00007ffb132de000 	C:\Windows\System32\msvcrt.dll
0x00007ffb11480000 - 0x00007ffb11517000 	C:\Windows\System32\sechost.dll
0x00007ffb12240000 - 0x00007ffb1235f000 	C:\Windows\System32\RPCRT4.dll
0x00007ffb118c0000 - 0x00007ffb11a54000 	C:\Windows\System32\USER32.dll
0x00007ffb10d80000 - 0x00007ffb10da1000 	C:\Windows\System32\win32u.dll
0x00007ffb120d0000 - 0x00007ffb120f6000 	C:\Windows\System32\GDI32.dll
0x00007ffb10ee0000 - 0x00007ffb11078000 	C:\Windows\System32\gdi32full.dll
0x00007ffb10db0000 - 0x00007ffb10e4e000 	C:\Windows\System32\msvcp_win.dll
0x00007ffb11220000 - 0x00007ffb1131a000 	C:\Windows\System32\ucrtbase.dll
0x00007ffb02380000 - 0x00007ffb02604000 	C:\Windows\WinSxS\amd64_microsoft.windows.common-controls_6595b64144ccf1df_6.0.18362.1379_none_9e7ff3b3e45cc0c4\COMCTL32.dll
0x00007ffb11d80000 - 0x00007ffb120b7000 	C:\Windows\System32\combase.dll
0x00007ffb10e50000 - 0x00007ffb10ed1000 	C:\Windows\System32\bcryptPrimitives.dll
0x00007ffb12490000 - 0x00007ffb124be000 	C:\Windows\System32\IMM32.DLL
0x0000000062800000 - 0x00000000628d2000 	D:\software\Java\jdk1.8.0_151\jre\bin\msvcr100.dll
0x0000000061f60000 - 0x00000000627fd000 	D:\software\Java\jdk1.8.0_151\jre\bin\server\jvm.dll
0x00007ffb11520000 - 0x00007ffb11528000 	C:\Windows\System32\PSAPI.DLL
0x00007ffb09df0000 - 0x00007ffb09df9000 	C:\Windows\SYSTEM32\WSOCK32.dll
0x00007ffb11c60000 - 0x00007ffb11ccf000 	C:\Windows\System32\WS2_32.dll
0x00007ffb0c920000 - 0x00007ffb0c944000 	C:\Windows\SYSTEM32\WINMM.dll
0x00007ffb0a410000 - 0x00007ffb0a41a000 	C:\Windows\SYSTEM32\VERSION.dll
0x00007ffb0c8f0000 - 0x00007ffb0c91d000 	C:\Windows\SYSTEM32\WINMMBASE.dll
0x00007ffb10550000 - 0x00007ffb1059a000 	C:\Windows\System32\cfgmgr32.dll
0x0000000061f50000 - 0x0000000061f5f000 	D:\software\Java\jdk1.8.0_151\jre\bin\verify.dll
0x0000000061f20000 - 0x0000000061f49000 	D:\software\Java\jdk1.8.0_151\jre\bin\java.dll
0x0000000061f00000 - 0x0000000061f16000 	D:\software\Java\jdk1.8.0_151\jre\bin\zip.dll
0x00007ffb12930000 - 0x00007ffb13018000 	C:\Windows\System32\SHELL32.dll
0x00007ffb13110000 - 0x00007ffb131b7000 	C:\Windows\System32\shcore.dll
0x00007ffb105a0000 - 0x00007ffb10d1b000 	C:\Windows\System32\windows.storage.dll
0x00007ffb10270000 - 0x00007ffb10293000 	C:\Windows\System32\profapi.dll
0x00007ffb101e0000 - 0x00007ffb1022a000 	C:\Windows\System32\powrprof.dll
0x00007ffb101d0000 - 0x00007ffb101e0000 	C:\Windows\System32\UMPDC.dll
0x00007ffb130b0000 - 0x00007ffb13102000 	C:\Windows\System32\shlwapi.dll
0x00007ffb10250000 - 0x00007ffb10261000 	C:\Windows\System32\kernel.appcore.dll
0x00007ffb110b0000 - 0x00007ffb110c7000 	C:\Windows\System32\cryptsp.dll
0x00007ffb0f590000 - 0x00007ffb0f5c3000 	C:\Windows\system32\rsaenh.dll
0x00007ffb11080000 - 0x00007ffb110a6000 	C:\Windows\System32\bcrypt.dll
0x00007ffb100b0000 - 0x00007ffb100d5000 	C:\Windows\SYSTEM32\USERENV.dll
0x00007ffb0fbe0000 - 0x00007ffb0fbec000 	C:\Windows\SYSTEM32\CRYPTBASE.dll
0x0000000061ee0000 - 0x0000000061efa000 	D:\software\Java\jdk1.8.0_151\jre\bin\net.dll
0x00007ffb0fa10000 - 0x00007ffb0fa77000 	C:\Windows\system32\mswsock.dll
0x00007ffb0f720000 - 0x00007ffb0f75a000 	C:\Windows\SYSTEM32\IPHLPAPI.DLL
0x00007ffb130a0000 - 0x00007ffb130a8000 	C:\Windows\System32\NSI.dll
0x00007ffb093d0000 - 0x00007ffb093e6000 	C:\Windows\SYSTEM32\dhcpcsvc6.DLL
0x00007ffb0a500000 - 0x00007ffb0a51c000 	C:\Windows\SYSTEM32\dhcpcsvc.DLL
0x00007ffb0f760000 - 0x00007ffb0f82b000 	C:\Windows\SYSTEM32\DNSAPI.dll
0x0000000061ec0000 - 0x0000000061ed1000 	D:\software\Java\jdk1.8.0_151\jre\bin\nio.dll
0x00007ffb00ca0000 - 0x00007ffb00caa000 	C:\Users\10957\AppData\Local\Temp\jansi-1.17.1-6601758250259840281.dll
0x00007ffafcfa0000 - 0x00007ffafcfaa000 	C:\Users\10957\AppData\Local\Temp\jansi-1.17.1-1670048735629536737.dll

VM Arguments:
jvm_args: -Dmaven.multiModuleProjectDirectory=D:\work\IDEA\code\EquipmentManagementSystem -Dfile.encoding=GBK -Dmaven.home=D:\work\maven\apache-maven-3.6.1 -Dclassworlds.conf=D:\work\maven\apache-maven-3.6.1\bin\m2.conf -Dmaven.ext.class.path=D:\work\IDEA\IntelliJ IDEA 2020.1\plugins\maven\lib\maven-event-listener.jar 
java_command: org.codehaus.classworlds.Launcher -Didea.version2020.1 -s D:\work\maven\apache-maven-3.6.1\conf\settings.xml install
java_class_path (initial): D:\work\maven\apache-maven-3.6.1\boot\plexus-classworlds-2.6.0.jar
Launcher Type: SUN_STANDARD

Environment Variables:
JAVA_HOME=D:\software\Java\jdk1.8.0_151
PATH=D:\工具\maven\apache-maven-3.6.1\bin;C:\Program Files\NVIDIA Corporation\NVIDIA NvDLISR;C:\Users\10957\AppData\Local\Microsoft\WindowsApps;C:\Program Files\MySQL\MySQL Server 5.7\bin;D:\工具\maven\apache-maven-3.6.1\bin;
USERNAME=10957
OS=Windows_NT
PROCESSOR_IDENTIFIER=AMD64 Family 23 Model 96 Stepping 1, AuthenticAMD



---------------  S Y S T E M  ---------------

OS: Windows 10.0 , 64 bit Build 18362 (10.0.18362.1350)

CPU:total 12 (initial active 12) (12 cores per cpu, 1 threads per core) family 23 model 96 stepping 1, cmov, cx8, fxsr, mmx, sse, sse2, sse3, ssse3, sse4.1, sse4.2, popcnt, avx, avx2, aes, clmul, mmxext, 3dnowpref, lzcnt, sse4a, tsc, tscinvbit, tscinv, bmi1

Memory: 4k page, physical 7730500k(307976k free), swap 20837696k(3540k free)

vm_info: Java HotSpot(TM) 64-Bit Server VM (25.151-b12) for windows-amd64 JRE (1.8.0_151-b12), built on Sep  5 2017 19:33:46 by "java_re" with MS VC++ 10.0 (VS2010)

time: Wed Apr 14 18:57:51 2021
elapsed time: 6 seconds (0d 0h 0m 6s)

