#
# There is insufficient memory for the Java Runtime Environment to continue.
# Native memory allocation (malloc) failed to allocate 32744 bytes for ChunkPool::allocate
# Possible reasons:
#   The system is out of physical RAM or swap space
#   In 32 bit mode, the process size limit was hit
# Possible solutions:
#   Reduce memory load on the system
#   Increase physical memory or swap space
#   Check if swap backing store is full
#   Use 64 bit Java on a 64 bit OS
#   Decrease Java heap size (-Xmx/-Xms)
#   Decrease number of Java threads
#   Decrease Java thread stack sizes (-Xss)
#   Set larger code cache with -XX:ReservedCodeCacheSize=
# This output file may be truncated or incomplete.
#
#  Out of Memory Error (allocation.cpp:273), pid=10972, tid=0x0000000000006f28
#
# JRE version: Java(TM) SE Runtime Environment (8.0_151-b12) (build 1.8.0_151-b12)
# Java VM: Java HotSpot(TM) 64-Bit Server VM (25.151-b12 mixed mode windows-amd64 compressed oops)
# Failed to write core dump. Minidumps are not enabled by default on client versions of Windows
#

---------------  T H R E A D  ---------------

Current thread (0x00000000196eb000):  JavaThread "C2 CompilerThread0" daemon [_thread_in_native, id=28456, stack(0x000000001ac90000,0x000000001ad90000)]

Stack: [0x000000001ac90000,0x000000001ad90000]
[error occurred during error reporting (printing stack bounds), id 0xc0000005]

Native frames: (J=compiled Java code, j=interpreted, Vv=VM code, C=native code)


Current CompileTask:
C2:  21608 2878   !   4       org.apache.maven.model.Plugin::clone (204 bytes)


---------------  P R O C E S S  ---------------

Java Threads: ( => current thread )
  0x00000000197a3800 JavaThread "Service Thread" daemon [_thread_blocked, id=12748, stack(0x000000001b090000,0x000000001b190000)]
  0x000000001979b800 JavaThread "C1 CompilerThread3" daemon [_thread_in_native, id=13100, stack(0x000000001af90000,0x000000001b090000)]
  0x0000000019797000 JavaThread "C2 CompilerThread2" daemon [_thread_blocked, id=2004, stack(0x000000001ae90000,0x000000001af90000)]
  0x0000000019794800 JavaThread "C2 CompilerThread1" daemon [_thread_blocked, id=28864, stack(0x000000001ad90000,0x000000001ae90000)]
=>0x00000000196eb000 JavaThread "C2 CompilerThread0" daemon [_thread_in_native, id=28456, stack(0x000000001ac90000,0x000000001ad90000)]
  0x00000000196e9000 JavaThread "Attach Listener" daemon [_thread_blocked, id=9204, stack(0x000000001ab90000,0x000000001ac90000)]
  0x00000000196e8000 JavaThread "Signal Dispatcher" daemon [_thread_blocked, id=33136, stack(0x000000001aa90000,0x000000001ab90000)]
  0x00000000196d3000 JavaThread "Finalizer" daemon [_thread_blocked, id=22388, stack(0x000000001a930000,0x000000001aa30000)]
  0x0000000017ffc800 JavaThread "Reference Handler" daemon [_thread_blocked, id=16868, stack(0x000000001a830000,0x000000001a930000)]
  0x000000000103d800 JavaThread "main" [_thread_in_native, id=30092, stack(0x0000000003160000,0x0000000003260000)]

Other Threads:
  0x0000000017ff5000 VMThread [stack: 0x000000001a730000,0x000000001a830000] [id=7600]
  0x0000000019841800 WatcherThread [stack: 0x000000001b190000,0x000000001b290000] [id=25112]

VM state:not at safepoint (normal execution)

VM Mutex/Monitor currently owned by a thread: None

Heap:
 PSYoungGen      total 66048K, used 42732K [0x00000000d8b00000, 0x00000000e0c00000, 0x0000000100000000)
  eden space 61440K, 62% used [0x00000000d8b00000,0x00000000db03d128,0x00000000dc700000)
  from space 4608K, 99% used [0x00000000dc700000,0x00000000dcb7e050,0x00000000dcb80000)
  to   space 4608K, 0% used [0x00000000e0780000,0x00000000e0780000,0x00000000e0c00000)
 ParOldGen       total 80896K, used 7551K [0x000000008a000000, 0x000000008ef00000, 0x00000000d8b00000)
  object space 80896K, 9% used [0x000000008a000000,0x000000008a75fe00,0x000000008ef00000)
 Metaspace       used 16806K, capacity 17208K, committed 17536K, reserved 1064960K
  class space    used 1995K, capacity 2089K, committed 2176K, reserved 1048576K

Card table byte_map: [0x0000000012720000,0x0000000012ae0000] byte_map_base: 0x00000000122d0000

Marking Bits: (ParMarkBitMap*) 0x000000006277d850
 Begin Bits: [0x0000000013760000, 0x00000000154e0000)
 End Bits:   [0x00000000154e0000, 0x0000000017260000)

Polling page: 0x0000000001000000

CodeCache: size=245760Kb used=10006Kb max_used=10008Kb free=235753Kb
 bounds [0x0000000003360000, 0x0000000003d40000, 0x0000000012360000]
 total_blobs=3258 nmethods=2883 adapters=288
 compilation: enabled

Compilation events (10 events):
Event: 21.564 Thread 0x000000001979b800 2881       3       org.apache.maven.model.RepositoryBase::setName (6 bytes)
Event: 21.564 Thread 0x000000001979b800 nmethod 2881 0x0000000003d2b150 code [0x0000000003d2b2a0, 0x0000000003d2b410]
Event: 21.564 Thread 0x0000000019797000 nmethod 2880 0x0000000003d2cb50 code [0x0000000003d2cc80, 0x0000000003d2cd58]
Event: 21.565 Thread 0x0000000019794800 2882       4       org.codehaus.plexus.interpolation.PrefixedValueSourceWrapper::clearFeedback (10 bytes)
Event: 21.566 Thread 0x0000000019794800 nmethod 2882 0x0000000003d2c710 code [0x0000000003d2c860, 0x0000000003d2c978]
Event: 21.567 Thread 0x000000001979b800 2883       3       org.apache.maven.model.DependencyManagement::getDependencies (23 bytes)
Event: 21.567 Thread 0x000000001979b800 nmethod 2883 0x0000000003d228d0 code [0x0000000003d22a40, 0x0000000003d22dd0]
Event: 21.567 Thread 0x000000001979b800 2884       1       org.eclipse.aether.util.version.GenericVersionConstraint::getVersion (5 bytes)
Event: 21.568 Thread 0x000000001979b800 nmethod 2884 0x0000000003d22610 code [0x0000000003d22760, 0x0000000003d22870]
Event: 21.585 Thread 0x000000001979b800 2885   !   3       org.apache.maven.model.Parent::clone (73 bytes)

GC Heap History (6 events):
Event: 3.810 GC heap before
{Heap before GC invocations=1 (full 0):
 PSYoungGen      total 35328K, used 30720K [0x00000000d8b00000, 0x00000000db200000, 0x0000000100000000)
  eden space 30720K, 100% used [0x00000000d8b00000,0x00000000da900000,0x00000000da900000)
  from space 4608K, 0% used [0x00000000dad80000,0x00000000dad80000,0x00000000db200000)
  to   space 4608K, 0% used [0x00000000da900000,0x00000000da900000,0x00000000dad80000)
 ParOldGen       total 80896K, used 0K [0x000000008a000000, 0x000000008ef00000, 0x00000000d8b00000)
  object space 80896K, 0% used [0x000000008a000000,0x000000008a000000,0x000000008ef00000)
 Metaspace       used 8686K, capacity 8888K, committed 9088K, reserved 1056768K
  class space    used 1046K, capacity 1116K, committed 1152K, reserved 1048576K
Event: 3.932 GC heap after
Heap after GC invocations=1 (full 0):
 PSYoungGen      total 35328K, used 4576K [0x00000000d8b00000, 0x00000000dd000000, 0x0000000100000000)
  eden space 30720K, 0% used [0x00000000d8b00000,0x00000000d8b00000,0x00000000da900000)
  from space 4608K, 99% used [0x00000000da900000,0x00000000dad78108,0x00000000dad80000)
  to   space 4608K, 0% used [0x00000000dcb80000,0x00000000dcb80000,0x00000000dd000000)
 ParOldGen       total 80896K, used 786K [0x000000008a000000, 0x000000008ef00000, 0x00000000d8b00000)
  object space 80896K, 0% used [0x000000008a000000,0x000000008a0c4b60,0x000000008ef00000)
 Metaspace       used 8686K, capacity 8888K, committed 9088K, reserved 1056768K
  class space    used 1046K, capacity 1116K, committed 1152K, reserved 1048576K
}
Event: 4.876 GC heap before
{Heap before GC invocations=2 (full 0):
 PSYoungGen      total 35328K, used 35296K [0x00000000d8b00000, 0x00000000dd000000, 0x0000000100000000)
  eden space 30720K, 100% used [0x00000000d8b00000,0x00000000da900000,0x00000000da900000)
  from space 4608K, 99% used [0x00000000da900000,0x00000000dad78108,0x00000000dad80000)
  to   space 4608K, 0% used [0x00000000dcb80000,0x00000000dcb80000,0x00000000dd000000)
 ParOldGen       total 80896K, used 786K [0x000000008a000000, 0x000000008ef00000, 0x00000000d8b00000)
  object space 80896K, 0% used [0x000000008a000000,0x000000008a0c4b60,0x000000008ef00000)
 Metaspace       used 11697K, capacity 11908K, committed 12160K, reserved 1060864K
  class space    used 1432K, capacity 1545K, committed 1664K, reserved 1048576K
Event: 4.896 GC heap after
Heap after GC invocations=2 (full 0):
 PSYoungGen      total 66048K, used 4577K [0x00000000d8b00000, 0x00000000dd000000, 0x0000000100000000)
  eden space 61440K, 0% used [0x00000000d8b00000,0x00000000d8b00000,0x00000000dc700000)
  from space 4608K, 99% used [0x00000000dcb80000,0x00000000dcff8590,0x00000000dd000000)
  to   space 4608K, 0% used [0x00000000dc700000,0x00000000dc700000,0x00000000dcb80000)
 ParOldGen       total 80896K, used 2689K [0x000000008a000000, 0x000000008ef00000, 0x00000000d8b00000)
  object space 80896K, 3% used [0x000000008a000000,0x000000008a2a06d8,0x000000008ef00000)
 Metaspace       used 11697K, capacity 11908K, committed 12160K, reserved 1060864K
  class space    used 1432K, capacity 1545K, committed 1664K, reserved 1048576K
}
Event: 11.407 GC heap before
{Heap before GC invocations=3 (full 0):
 PSYoungGen      total 66048K, used 66017K [0x00000000d8b00000, 0x00000000dd000000, 0x0000000100000000)
  eden space 61440K, 100% used [0x00000000d8b00000,0x00000000dc700000,0x00000000dc700000)
  from space 4608K, 99% used [0x00000000dcb80000,0x00000000dcff8590,0x00000000dd000000)
  to   space 4608K, 0% used [0x00000000dc700000,0x00000000dc700000,0x00000000dcb80000)
 ParOldGen       total 80896K, used 2689K [0x000000008a000000, 0x000000008ef00000, 0x00000000d8b00000)
  object space 80896K, 3% used [0x000000008a000000,0x000000008a2a06d8,0x000000008ef00000)
 Metaspace       used 15767K, capacity 15990K, committed 16128K, reserved 1062912K
  class space    used 1906K, capacity 1984K, committed 2048K, reserved 1048576K
Event: 11.423 GC heap after
Heap after GC invocations=3 (full 0):
 PSYoungGen      total 66048K, used 4600K [0x00000000d8b00000, 0x00000000e0c00000, 0x0000000100000000)
  eden space 61440K, 0% used [0x00000000d8b00000,0x00000000d8b00000,0x00000000dc700000)
  from space 4608K, 99% used [0x00000000dc700000,0x00000000dcb7e050,0x00000000dcb80000)
  to   space 4608K, 0% used [0x00000000e0780000,0x00000000e0780000,0x00000000e0c00000)
 ParOldGen       total 80896K, used 7551K [0x000000008a000000, 0x000000008ef00000, 0x00000000d8b00000)
  object space 80896K, 9% used [0x000000008a000000,0x000000008a75fe00,0x000000008ef00000)
 Metaspace       used 15767K, capacity 15990K, committed 16128K, reserved 1062912K
  class space    used 1906K, capacity 1984K, committed 2048K, reserved 1048576K
}

Deoptimization events (10 events):
Event: 15.719 Thread 0x000000000103d800 Uncommon trap: reason=bimorphic action=maybe_recompile pc=0x00000000039da4c4 method=java.util.concurrent.ConcurrentHashMap.get(Ljava/lang/Object;)Ljava/lang/Object; @ 149
Event: 20.615 Thread 0x000000000103d800 Uncommon trap: reason=unstable_if action=reinterpret pc=0x00000000039172c0 method=sun.net.www.protocol.jar.Handler.parseURL(Ljava/net/URL;Ljava/lang/String;II)V @ 94
Event: 20.646 Thread 0x000000000103d800 Uncommon trap: reason=unstable_if action=reinterpret pc=0x0000000003a0e85c method=java.util.LinkedHashMap.afterNodeInsertion(Z)V @ 18
Event: 20.906 Thread 0x000000000103d800 Uncommon trap: reason=predicate action=maybe_recompile pc=0x00000000035c8f00 method=sun.net.www.ParseUtil.encodePath(Ljava/lang/String;Z)Ljava/lang/String; @ 36
Event: 20.942 Thread 0x000000000103d800 Uncommon trap: reason=unstable_if action=reinterpret pc=0x000000000395c708 method=java.lang.ClassLoader.getPackage(Ljava/lang/String;)Ljava/lang/Package; @ 60
Event: 21.062 Thread 0x000000000103d800 Uncommon trap: reason=predicate action=maybe_recompile pc=0x0000000003d08840 method=java.util.TimSort.binarySort([Ljava/lang/Object;IIILjava/util/Comparator;)V @ 37
Event: 21.127 Thread 0x000000000103d800 Uncommon trap: reason=array_check action=maybe_recompile pc=0x0000000003d196d4 method=java.util.TimSort.binarySort([Ljava/lang/Object;IIILjava/util/Comparator;)V @ 215
Event: 21.127 Thread 0x000000000103d800 Uncommon trap: reason=array_check action=maybe_recompile pc=0x0000000003d19798 method=java.util.TimSort.binarySort([Ljava/lang/Object;IIILjava/util/Comparator;)V @ 193
Event: 21.128 Thread 0x000000000103d800 Uncommon trap: reason=array_check action=maybe_recompile pc=0x0000000003d196d4 method=java.util.TimSort.binarySort([Ljava/lang/Object;IIILjava/util/Comparator;)V @ 215
Event: 21.128 Thread 0x000000000103d800 Uncommon trap: reason=array_check action=maybe_recompile pc=0x0000000003d196d4 method=java.util.TimSort.binarySort([Ljava/lang/Object;IIILjava/util/Comparator;)V @ 215

Internal exceptions (10 events):
Event: 6.208 Thread 0x000000000103d800 Exception <a 'java/lang/NullPointerException'> (0x00000000da1a0870) thrown at [C:\re\workspace\8-2-build-windows-amd64-cygwin\jdk8u151\9699\hotspot\src\share\vm\interpreter\linkResolver.cpp, line 1183]
Event: 6.208 Thread 0x000000000103d800 Exception <a 'java/lang/NullPointerException'> (0x00000000da1a0a88) thrown at [C:\re\workspace\8-2-build-windows-amd64-cygwin\jdk8u151\9699\hotspot\src\share\vm\interpreter\linkResolver.cpp, line 1183]
Event: 6.212 Thread 0x000000000103d800 Exception <a 'java/lang/NullPointerException'> (0x00000000da1a8c30) thrown at [C:\re\workspace\8-2-build-windows-amd64-cygwin\jdk8u151\9699\hotspot\src\share\vm\interpreter\linkResolver.cpp, line 1183]
Event: 6.212 Thread 0x000000000103d800 Exception <a 'java/lang/NullPointerException'> (0x00000000da1a8e48) thrown at [C:\re\workspace\8-2-build-windows-amd64-cygwin\jdk8u151\9699\hotspot\src\share\vm\interpreter\linkResolver.cpp, line 1183]
Event: 6.212 Thread 0x000000000103d800 Exception <a 'java/lang/NullPointerException'> (0x00000000da1a9060) thrown at [C:\re\workspace\8-2-build-windows-amd64-cygwin\jdk8u151\9699\hotspot\src\share\vm\interpreter\linkResolver.cpp, line 1183]
Event: 7.325 Thread 0x000000000103d800 Implicit null exception at 0x00000000039cb6b7 to 0x00000000039cb8fd
Event: 7.533 Thread 0x000000000103d800 Implicit null exception at 0x00000000035debd5 to 0x00000000035deda5
Event: 7.533 Thread 0x000000000103d800 Implicit null exception at 0x00000000035d866f to 0x00000000035d86d9
Event: 8.048 Thread 0x000000000103d800 Implicit null exception at 0x00000000039b15ab to 0x00000000039b1d9d
Event: 8.048 Thread 0x000000000103d800 Implicit null exception at 0x00000000036bfa18 to 0x00000000036bfaa6

Events (10 events):
Event: 21.549 loading class org/apache/maven/plugin/logging/Log
Event: 21.549 loading class org/apache/maven/plugin/logging/Log done
Event: 21.549 loading class org/apache/maven/plugin/logging/Log
Event: 21.549 loading class org/apache/maven/plugin/logging/Log done
Event: 21.549 loading class org/apache/maven/plugin/logging/Log
Event: 21.549 loading class org/apache/maven/plugin/logging/Log done
Event: 21.552 loading class org/apache/maven/artifact/resolver/filter/CumulativeScopeArtifactFilter
Event: 21.552 loading class org/apache/maven/artifact/resolver/filter/CumulativeScopeArtifactFilter done
Event: 21.552 loading class org/apache/maven/artifact/resolver/filter/AbstractScopeArtifactFilter
Event: 21.552 loading class org/apache/maven/artifact/resolver/filter/AbstractScopeArtifactFilter done


Dynamic libraries:
0x00007ff6edd00000 - 0x00007ff6edd37000 	D:\software\Java\jdk1.8.0_151\bin\java.exe
0x00007ffb13320000 - 0x00007ffb13510000 	C:\Windows\SYSTEM32\ntdll.dll
0x00007ffb11a60000 - 0x00007ffb11b12000 	C:\Windows\System32\KERNEL32.DLL
0x00007ffb102a0000 - 0x00007ffb10545000 	C:\Windows\System32\KERNELBASE.dll
0x00007ffb11cd0000 - 0x00007ffb11d73000 	C:\Windows\System32\ADVAPI32.dll
0x00007ffb13240000 - 0x00007ffb132de000 	C:\Windows\System32\msvcrt.dll
0x00007ffb11480000 - 0x00007ffb11517000 	C:\Windows\System32\sechost.dll
0x00007ffb12240000 - 0x00007ffb1235f000 	C:\Windows\System32\RPCRT4.dll
0x00007ffb118c0000 - 0x00007ffb11a54000 	C:\Windows\System32\USER32.dll
0x00007ffb10d80000 - 0x00007ffb10da1000 	C:\Windows\System32\win32u.dll
0x00007ffb120d0000 - 0x00007ffb120f6000 	C:\Windows\System32\GDI32.dll
0x00007ffb10ee0000 - 0x00007ffb11078000 	C:\Windows\System32\gdi32full.dll
0x00007ffb10db0000 - 0x00007ffb10e4e000 	C:\Windows\System32\msvcp_win.dll
0x00007ffb11220000 - 0x00007ffb1131a000 	C:\Windows\System32\ucrtbase.dll
0x00007ffb02380000 - 0x00007ffb02604000 	C:\Windows\WinSxS\amd64_microsoft.windows.common-controls_6595b64144ccf1df_6.0.18362.1379_none_9e7ff3b3e45cc0c4\COMCTL32.dll
0x00007ffb11d80000 - 0x00007ffb120b7000 	C:\Windows\System32\combase.dll
0x00007ffb10e50000 - 0x00007ffb10ed1000 	C:\Windows\System32\bcryptPrimitives.dll
0x00007ffb12490000 - 0x00007ffb124be000 	C:\Windows\System32\IMM32.DLL
0x0000000062800000 - 0x00000000628d2000 	D:\software\Java\jdk1.8.0_151\jre\bin\msvcr100.dll
0x0000000061f60000 - 0x00000000627fd000 	D:\software\Java\jdk1.8.0_151\jre\bin\server\jvm.dll
0x00007ffb11520000 - 0x00007ffb11528000 	C:\Windows\System32\PSAPI.DLL
0x00007ffb09df0000 - 0x00007ffb09df9000 	C:\Windows\SYSTEM32\WSOCK32.dll
0x00007ffb11c60000 - 0x00007ffb11ccf000 	C:\Windows\System32\WS2_32.dll
0x00007ffb0c920000 - 0x00007ffb0c944000 	C:\Windows\SYSTEM32\WINMM.dll
0x00007ffb0a410000 - 0x00007ffb0a41a000 	C:\Windows\SYSTEM32\VERSION.dll
0x00007ffb0c8f0000 - 0x00007ffb0c91d000 	C:\Windows\SYSTEM32\winmmbase.dll
0x00007ffb10550000 - 0x00007ffb1059a000 	C:\Windows\System32\cfgmgr32.dll
0x0000000061f50000 - 0x0000000061f5f000 	D:\software\Java\jdk1.8.0_151\jre\bin\verify.dll
0x0000000061f20000 - 0x0000000061f49000 	D:\software\Java\jdk1.8.0_151\jre\bin\java.dll
0x0000000061f00000 - 0x0000000061f16000 	D:\software\Java\jdk1.8.0_151\jre\bin\zip.dll
0x00007ffb12930000 - 0x00007ffb13018000 	C:\Windows\System32\SHELL32.dll
0x00007ffb13110000 - 0x00007ffb131b7000 	C:\Windows\System32\shcore.dll
0x00007ffb105a0000 - 0x00007ffb10d1b000 	C:\Windows\System32\windows.storage.dll
0x00007ffb10270000 - 0x00007ffb10293000 	C:\Windows\System32\profapi.dll
0x00007ffb101e0000 - 0x00007ffb1022a000 	C:\Windows\System32\powrprof.dll
0x00007ffb101d0000 - 0x00007ffb101e0000 	C:\Windows\System32\UMPDC.dll
0x00007ffb130b0000 - 0x00007ffb13102000 	C:\Windows\System32\shlwapi.dll
0x00007ffb10250000 - 0x00007ffb10261000 	C:\Windows\System32\kernel.appcore.dll
0x00007ffb110b0000 - 0x00007ffb110c7000 	C:\Windows\System32\cryptsp.dll
0x00007ffb0f590000 - 0x00007ffb0f5c3000 	C:\Windows\system32\rsaenh.dll
0x00007ffb11080000 - 0x00007ffb110a6000 	C:\Windows\System32\bcrypt.dll
0x00007ffb100b0000 - 0x00007ffb100d5000 	C:\Windows\SYSTEM32\USERENV.dll
0x00007ffb0fbe0000 - 0x00007ffb0fbec000 	C:\Windows\SYSTEM32\CRYPTBASE.dll
0x0000000061ee0000 - 0x0000000061efa000 	D:\software\Java\jdk1.8.0_151\jre\bin\net.dll
0x00007ffb0fa10000 - 0x00007ffb0fa77000 	C:\Windows\system32\mswsock.dll
0x00007ffb0f720000 - 0x00007ffb0f75a000 	C:\Windows\SYSTEM32\IPHLPAPI.DLL
0x00007ffb130a0000 - 0x00007ffb130a8000 	C:\Windows\System32\NSI.dll
0x00007ffb093d0000 - 0x00007ffb093e6000 	C:\Windows\SYSTEM32\dhcpcsvc6.DLL
0x00007ffb0a500000 - 0x00007ffb0a51c000 	C:\Windows\SYSTEM32\dhcpcsvc.DLL
0x00007ffb0f760000 - 0x00007ffb0f82b000 	C:\Windows\SYSTEM32\DNSAPI.dll
0x0000000061ec0000 - 0x0000000061ed1000 	D:\software\Java\jdk1.8.0_151\jre\bin\nio.dll
0x00007ffb06700000 - 0x00007ffb0670a000 	C:\Users\10957\AppData\Local\Temp\jansi-1.17.1-4153120327316410865.dll
0x00007ffaf9960000 - 0x00007ffaf996a000 	C:\Users\10957\AppData\Local\Temp\jansi-1.17.1-8979314092721334974.dll

VM Arguments:
jvm_args: -Dmaven.multiModuleProjectDirectory=D:\work\IDEA\code\EquipmentManagementSystem -Dfile.encoding=GBK -Dmaven.home=D:\work\maven\apache-maven-3.6.1 -Dclassworlds.conf=D:\work\maven\apache-maven-3.6.1\bin\m2.conf -Dmaven.ext.class.path=D:\work\IDEA\IntelliJ IDEA 2020.1\plugins\maven\lib\maven-event-listener.jar 
java_command: org.codehaus.classworlds.Launcher -Didea.version2020.1 -s D:\work\maven\apache-maven-3.6.1\conf\settings.xml compile war:exploded
java_class_path (initial): D:\work\maven\apache-maven-3.6.1\boot\plexus-classworlds-2.6.0.jar
Launcher Type: SUN_STANDARD

Environment Variables:
JAVA_HOME=D:\software\Java\jdk1.8.0_151
PATH=D:\工具\maven\apache-maven-3.6.1\bin;C:\Program Files\NVIDIA Corporation\NVIDIA NvDLISR;C:\Users\10957\AppData\Local\Microsoft\WindowsApps;C:\Program Files\MySQL\MySQL Server 5.7\bin;D:\工具\maven\apache-maven-3.6.1\bin;
USERNAME=10957
OS=Windows_NT
PROCESSOR_IDENTIFIER=AMD64 Family 23 Model 96 Stepping 1, AuthenticAMD



---------------  S Y S T E M  ---------------

OS: Windows 10.0 , 64 bit Build 18362 (10.0.18362.1350)

CPU:total 12 (initial active 12) (12 cores per cpu, 1 threads per core) family 23 model 96 stepping 1, cmov, cx8, fxsr, mmx, sse, sse2, sse3, ssse3, sse4.1, sse4.2, popcnt, avx, avx2, aes, clmul, mmxext, 3dnowpref, lzcnt, sse4a, tsc, tscinvbit, tscinv, bmi1

Memory: 4k page, physical 7730500k(444964k free), swap 20837696k(13328k free)

vm_info: Java HotSpot(TM) 64-Bit Server VM (25.151-b12) for windows-amd64 JRE (1.8.0_151-b12), built on Sep  5 2017 19:33:46 by "java_re" with MS VC++ 10.0 (VS2010)

time: Wed Apr 14 18:57:57 2021
elapsed time: 21 seconds (0d 0h 0m 21s)

