#
# There is insufficient memory for the Java Runtime Environment to continue.
# Native memory allocation (malloc) failed to allocate 1135376 bytes for Chunk::new
# Possible reasons:
#   The system is out of physical RAM or swap space
#   In 32 bit mode, the process size limit was hit
# Possible solutions:
#   Reduce memory load on the system
#   Increase physical memory or swap space
#   Check if swap backing store is full
#   Use 64 bit Java on a 64 bit OS
#   Decrease Java heap size (-Xmx/-Xms)
#   Decrease number of Java threads
#   Decrease Java thread stack sizes (-Xss)
#   Set larger code cache with -XX:ReservedCodeCacheSize=
# This output file may be truncated or incomplete.
#
#  Out of Memory Error (allocation.cpp:390), pid=18684, tid=0x0000000000005678
#
# JRE version: Java(TM) SE Runtime Environment (8.0_151-b12) (build 1.8.0_151-b12)
# Java VM: Java HotSpot(TM) 64-Bit Server VM (25.151-b12 mixed mode windows-amd64 compressed oops)
# Failed to write core dump. Minidumps are not enabled by default on client versions of Windows
#

---------------  T H R E A D  ---------------

Current thread (0x000000001900b000):  JavaThread "C2 CompilerThread1" daemon [_thread_in_native, id=22136, stack(0x000000001a670000,0x000000001a770000)]

Stack: [0x000000001a670000,0x000000001a770000]
[error occurred during error reporting (printing stack bounds), id 0xc0000005]

Native frames: (J=compiled Java code, j=interpreted, Vv=VM code, C=native code)


Current CompileTask:
C2:  16918 3480       4       com.sun.tools.javac.file.ZipFileIndex$ZipDirectory::readEntry (587 bytes)


---------------  P R O C E S S  ---------------

Java Threads: ( => current thread )
  0x00000000190aa800 JavaThread "Service Thread" daemon [_thread_blocked, id=5036, stack(0x000000001a970000,0x000000001aa70000)]
  0x000000001900e000 JavaThread "C1 CompilerThread3" daemon [_thread_blocked, id=17960, stack(0x000000001a870000,0x000000001a970000)]
  0x0000000019009800 JavaThread "C2 CompilerThread2" daemon [_thread_blocked, id=10816, stack(0x000000001a770000,0x000000001a870000)]
=>0x000000001900b000 JavaThread "C2 CompilerThread1" daemon [_thread_in_native, id=22136, stack(0x000000001a670000,0x000000001a770000)]
  0x0000000018fad000 JavaThread "C2 CompilerThread0" daemon [_thread_blocked, id=25108, stack(0x000000001a570000,0x000000001a670000)]
  0x0000000018fa9000 JavaThread "Attach Listener" daemon [_thread_blocked, id=15720, stack(0x000000001a470000,0x000000001a570000)]
  0x0000000018fa8000 JavaThread "Signal Dispatcher" daemon [_thread_blocked, id=12332, stack(0x000000001a370000,0x000000001a470000)]
  0x0000000018f93000 JavaThread "Finalizer" daemon [_thread_blocked, id=13792, stack(0x000000001a200000,0x000000001a300000)]
  0x00000000178cd800 JavaThread "Reference Handler" daemon [_thread_blocked, id=28864, stack(0x000000001a100000,0x000000001a200000)]
  0x0000000002afd800 JavaThread "main" [_thread_in_native, id=19972, stack(0x00000000029e0000,0x0000000002ae0000)]

Other Threads:
  0x00000000178c5800 VMThread [stack: 0x000000001a000000,0x000000001a100000] [id=16820]
  0x0000000019025000 WatcherThread [stack: 0x000000001aa70000,0x000000001ab70000] [id=18980]

VM state:not at safepoint (normal execution)

VM Mutex/Monitor currently owned by a thread: None

Heap:
 PSYoungGen      total 37376K, used 15461K [0x00000000d8b00000, 0x00000000dd400000, 0x0000000100000000)
  eden space 29696K, 52% used [0x00000000d8b00000,0x00000000d9a19528,0x00000000da800000)
  from space 7680K, 0% used [0x00000000da800000,0x00000000da800000,0x00000000daf80000)
  to   space 7680K, 0% used [0x00000000dcc80000,0x00000000dcc80000,0x00000000dd400000)
 ParOldGen       total 66048K, used 9989K [0x000000008a000000, 0x000000008e080000, 0x00000000d8b00000)
  object space 66048K, 15% used [0x000000008a000000,0x000000008a9c17f8,0x000000008e080000)
 Metaspace       used 21691K, capacity 22148K, committed 22448K, reserved 1069056K
  class space    used 2579K, capacity 2715K, committed 2816K, reserved 1048576K

Card table byte_map: [0x0000000011fc0000,0x0000000012380000] byte_map_base: 0x0000000011b70000

Marking Bits: (ParMarkBitMap*) 0x000000006277d850
 Begin Bits: [0x0000000013000000, 0x0000000014d80000)
 End Bits:   [0x0000000014d80000, 0x0000000016b00000)

Polling page: 0x0000000000830000

CodeCache: size=245760Kb used=10227Kb max_used=11132Kb free=235532Kb
 bounds [0x0000000002c00000, 0x0000000003700000, 0x0000000011c00000]
 total_blobs=3440 nmethods=3037 adapters=316
 compilation: enabled

Compilation events (10 events):
Event: 16.256 Thread 0x000000001900e000 3477       3       java.util.ComparableTimSort::mergeCollapse (101 bytes)
Event: 16.256 Thread 0x000000001900e000 nmethod 3477 0x0000000002eb2e90 code [0x0000000002eb3020, 0x0000000002eb3438]
Event: 16.256 Thread 0x000000001900e000 3476       3       java.util.ComparableTimSort::pushRun (31 bytes)
Event: 16.256 Thread 0x000000001900e000 nmethod 3476 0x0000000003299450 code [0x00000000032995c0, 0x0000000003299770]
Event: 16.257 Thread 0x000000001900e000 3479       3       java.util.ComparableTimSort::mergeAt (356 bytes)
Event: 16.258 Thread 0x000000001900e000 nmethod 3479 0x0000000003191f50 code [0x0000000003192140, 0x00000000031928f8]
Event: 16.258 Thread 0x000000001900e000 3478       3       java.util.ComparableTimSort::ensureCapacity (91 bytes)
Event: 16.258 Thread 0x000000001900e000 nmethod 3478 0x0000000002e15d90 code [0x0000000002e15f00, 0x0000000002e16270]
Event: 16.508 Thread 0x0000000018fad000 nmethod 3458% 0x000000000319ca90 code [0x000000000319d020, 0x00000000031a16b0]
Event: 16.564 Thread 0x000000001900b000 3480       4       com.sun.tools.javac.file.ZipFileIndex$ZipDirectory::readEntry (587 bytes)

GC Heap History (10 events):
Event: 4.645 GC heap before
{Heap before GC invocations=4 (full 0):
 PSYoungGen      total 35328K, used 35304K [0x00000000d8b00000, 0x00000000db200000, 0x0000000100000000)
  eden space 30720K, 100% used [0x00000000d8b00000,0x00000000da900000,0x00000000da900000)
  from space 4608K, 99% used [0x00000000da900000,0x00000000dad7a040,0x00000000dad80000)
  to   space 4608K, 0% used [0x00000000dad80000,0x00000000dad80000,0x00000000db200000)
 ParOldGen       total 80896K, used 5864K [0x000000008a000000, 0x000000008ef00000, 0x00000000d8b00000)
  object space 80896K, 7% used [0x000000008a000000,0x000000008a5ba2a8,0x000000008ef00000)
 Metaspace       used 15811K, capacity 16150K, committed 16384K, reserved 1062912K
  class space    used 1909K, capacity 2016K, committed 2048K, reserved 1048576K
Event: 4.655 GC heap after
Heap after GC invocations=4 (full 0):
 PSYoungGen      total 35328K, used 4600K [0x00000000d8b00000, 0x00000000db200000, 0x0000000100000000)
  eden space 30720K, 0% used [0x00000000d8b00000,0x00000000d8b00000,0x00000000da900000)
  from space 4608K, 99% used [0x00000000dad80000,0x00000000db1fe030,0x00000000db200000)
  to   space 4608K, 0% used [0x00000000da900000,0x00000000da900000,0x00000000dad80000)
 ParOldGen       total 80896K, used 7828K [0x000000008a000000, 0x000000008ef00000, 0x00000000d8b00000)
  object space 80896K, 9% used [0x000000008a000000,0x000000008a7a5350,0x000000008ef00000)
 Metaspace       used 15811K, capacity 16150K, committed 16384K, reserved 1062912K
  class space    used 1909K, capacity 2016K, committed 2048K, reserved 1048576K
}
Event: 6.812 GC heap before
{Heap before GC invocations=5 (full 0):
 PSYoungGen      total 35328K, used 35320K [0x00000000d8b00000, 0x00000000db200000, 0x0000000100000000)
  eden space 30720K, 100% used [0x00000000d8b00000,0x00000000da900000,0x00000000da900000)
  from space 4608K, 99% used [0x00000000dad80000,0x00000000db1fe030,0x00000000db200000)
  to   space 4608K, 0% used [0x00000000da900000,0x00000000da900000,0x00000000dad80000)
 ParOldGen       total 80896K, used 7828K [0x000000008a000000, 0x000000008ef00000, 0x00000000d8b00000)
  object space 80896K, 9% used [0x000000008a000000,0x000000008a7a5350,0x000000008ef00000)
 Metaspace       used 16468K, capacity 16850K, committed 17024K, reserved 1064960K
  class space    used 1963K, capacity 2056K, committed 2176K, reserved 1048576K
Event: 6.831 GC heap after
Heap after GC invocations=5 (full 0):
 PSYoungGen      total 34816K, used 4600K [0x00000000d8b00000, 0x00000000db780000, 0x0000000100000000)
  eden space 30208K, 0% used [0x00000000d8b00000,0x00000000d8b00000,0x00000000da880000)
  from space 4608K, 99% used [0x00000000da900000,0x00000000dad7e010,0x00000000dad80000)
  to   space 7680K, 0% used [0x00000000db000000,0x00000000db000000,0x00000000db780000)
 ParOldGen       total 80896K, used 9731K [0x000000008a000000, 0x000000008ef00000, 0x00000000d8b00000)
  object space 80896K, 12% used [0x000000008a000000,0x000000008a980f98,0x000000008ef00000)
 Metaspace       used 16468K, capacity 16850K, committed 17024K, reserved 1064960K
  class space    used 1963K, capacity 2056K, committed 2176K, reserved 1048576K
}
Event: 9.233 GC heap before
{Heap before GC invocations=6 (full 0):
 PSYoungGen      total 34816K, used 34808K [0x00000000d8b00000, 0x00000000db780000, 0x0000000100000000)
  eden space 30208K, 100% used [0x00000000d8b00000,0x00000000da880000,0x00000000da880000)
  from space 4608K, 99% used [0x00000000da900000,0x00000000dad7e010,0x00000000dad80000)
  to   space 7680K, 0% used [0x00000000db000000,0x00000000db000000,0x00000000db780000)
 ParOldGen       total 80896K, used 9731K [0x000000008a000000, 0x000000008ef00000, 0x00000000d8b00000)
  object space 80896K, 12% used [0x000000008a000000,0x000000008a980f98,0x000000008ef00000)
 Metaspace       used 17359K, capacity 17808K, committed 18048K, reserved 1064960K
  class space    used 2033K, capacity 2163K, committed 2176K, reserved 1048576K
Event: 9.266 GC heap after
Heap after GC invocations=6 (full 0):
 PSYoungGen      total 36864K, used 6480K [0x00000000d8b00000, 0x00000000db700000, 0x0000000100000000)
  eden space 29696K, 0% used [0x00000000d8b00000,0x00000000d8b00000,0x00000000da800000)
  from space 7168K, 90% used [0x00000000db000000,0x00000000db654340,0x00000000db700000)
  to   space 7680K, 0% used [0x00000000da800000,0x00000000da800000,0x00000000daf80000)
 ParOldGen       total 80896K, used 9739K [0x000000008a000000, 0x000000008ef00000, 0x00000000d8b00000)
  object space 80896K, 12% used [0x000000008a000000,0x000000008a982f98,0x000000008ef00000)
 Metaspace       used 17359K, capacity 17808K, committed 18048K, reserved 1064960K
  class space    used 2033K, capacity 2163K, committed 2176K, reserved 1048576K
}
Event: 10.139 GC heap before
{Heap before GC invocations=7 (full 0):
 PSYoungGen      total 36864K, used 19373K [0x00000000d8b00000, 0x00000000db700000, 0x0000000100000000)
  eden space 29696K, 43% used [0x00000000d8b00000,0x00000000d9797330,0x00000000da800000)
  from space 7168K, 90% used [0x00000000db000000,0x00000000db654340,0x00000000db700000)
  to   space 7680K, 0% used [0x00000000da800000,0x00000000da800000,0x00000000daf80000)
 ParOldGen       total 80896K, used 9739K [0x000000008a000000, 0x000000008ef00000, 0x00000000d8b00000)
  object space 80896K, 12% used [0x000000008a000000,0x000000008a982f98,0x000000008ef00000)
 Metaspace       used 20643K, capacity 21092K, committed 21296K, reserved 1069056K
  class space    used 2491K, capacity 2619K, committed 2688K, reserved 1048576K
Event: 10.167 GC heap after
Heap after GC invocations=7 (full 0):
 PSYoungGen      total 37376K, used 5055K [0x00000000d8b00000, 0x00000000dd400000, 0x0000000100000000)
  eden space 29696K, 0% used [0x00000000d8b00000,0x00000000d8b00000,0x00000000da800000)
  from space 7680K, 65% used [0x00000000da800000,0x00000000daceff90,0x00000000daf80000)
  to   space 7680K, 0% used [0x00000000dcc80000,0x00000000dcc80000,0x00000000dd400000)
 ParOldGen       total 80896K, used 11512K [0x000000008a000000, 0x000000008ef00000, 0x00000000d8b00000)
  object space 80896K, 14% used [0x000000008a000000,0x000000008ab3e048,0x000000008ef00000)
 Metaspace       used 20643K, capacity 21092K, committed 21296K, reserved 1069056K
  class space    used 2491K, capacity 2619K, committed 2688K, reserved 1048576K
}
Event: 10.167 GC heap before
{Heap before GC invocations=8 (full 1):
 PSYoungGen      total 37376K, used 5055K [0x00000000d8b00000, 0x00000000dd400000, 0x0000000100000000)
  eden space 29696K, 0% used [0x00000000d8b00000,0x00000000d8b00000,0x00000000da800000)
  from space 7680K, 65% used [0x00000000da800000,0x00000000daceff90,0x00000000daf80000)
  to   space 7680K, 0% used [0x00000000dcc80000,0x00000000dcc80000,0x00000000dd400000)
 ParOldGen       total 80896K, used 11512K [0x000000008a000000, 0x000000008ef00000, 0x00000000d8b00000)
  object space 80896K, 14% used [0x000000008a000000,0x000000008ab3e048,0x000000008ef00000)
 Metaspace       used 20643K, capacity 21092K, committed 21296K, reserved 1069056K
  class space    used 2491K, capacity 2619K, committed 2688K, reserved 1048576K
Event: 10.542 GC heap after
Heap after GC invocations=8 (full 1):
 PSYoungGen      total 37376K, used 0K [0x00000000d8b00000, 0x00000000dd400000, 0x0000000100000000)
  eden space 29696K, 0% used [0x00000000d8b00000,0x00000000d8b00000,0x00000000da800000)
  from space 7680K, 0% used [0x00000000da800000,0x00000000da800000,0x00000000daf80000)
  to   space 7680K, 0% used [0x00000000dcc80000,0x00000000dcc80000,0x00000000dd400000)
 ParOldGen       total 66048K, used 9989K [0x000000008a000000, 0x000000008e080000, 0x00000000d8b00000)
  object space 66048K, 15% used [0x000000008a000000,0x000000008a9c17f8,0x000000008e080000)
 Metaspace       used 20643K, capacity 21092K, committed 21296K, reserved 1069056K
  class space    used 2491K, capacity 2619K, committed 2688K, reserved 1048576K
}

Deoptimization events (10 events):
Event: 9.121 Thread 0x0000000002afd800 Uncommon trap: reason=array_check action=maybe_recompile pc=0x000000000369dc18 method=java.util.TimSort.binarySort([Ljava/lang/Object;IIILjava/util/Comparator;)V @ 193
Event: 9.121 Thread 0x0000000002afd800 Uncommon trap: reason=array_check action=maybe_recompile pc=0x000000000369dc18 method=java.util.TimSort.binarySort([Ljava/lang/Object;IIILjava/util/Comparator;)V @ 193
Event: 9.215 Thread 0x0000000002afd800 Uncommon trap: reason=bimorphic action=maybe_recompile pc=0x000000000326091c method=java.util.concurrent.ConcurrentHashMap.get(Ljava/lang/Object;)Ljava/lang/Object; @ 149
Event: 9.322 Thread 0x0000000002afd800 Uncommon trap: reason=speculate_class_check action=maybe_recompile pc=0x0000000003578718 method=java.nio.charset.CharsetDecoder.reset()Ljava/nio/charset/CharsetDecoder; @ 1
Event: 13.256 Thread 0x0000000002afd800 Uncommon trap: reason=unstable_if action=reinterpret pc=0x0000000002fe6b28 method=java.util.jar.Manifest$FastInputStream.readLine([BII)I @ 87
Event: 14.514 Thread 0x0000000002afd800 Uncommon trap: reason=unstable_if action=reinterpret pc=0x00000000031d0c74 method=java.util.jar.Attributes$Name.isDigit(C)Z @ 3
Event: 14.791 Thread 0x0000000002afd800 Uncommon trap: reason=class_check action=maybe_recompile pc=0x0000000002e07d6c method=sun.misc.URLClassPath.getLoader(I)Lsun/misc/URLClassPath$Loader; @ 94
Event: 15.069 Thread 0x0000000002afd800 Uncommon trap: reason=unstable_if action=reinterpret pc=0x0000000002e13fc0 method=sun.misc.URLClassPath$JarLoader.getResource(Ljava/lang/String;Z)Lsun/misc/Resource; @ 62
Event: 15.226 Thread 0x0000000002afd800 Uncommon trap: reason=unstable_if action=reinterpret pc=0x00000000034f7998 method=java.util.regex.ASCII.isType(II)Z @ 6
Event: 15.683 Thread 0x0000000002afd800 Uncommon trap: reason=unstable_if action=reinterpret pc=0x0000000002d35e40 method=java.lang.CharacterData.of(I)Ljava/lang/CharacterData; @ 4

Internal exceptions (10 events):
Event: 3.078 Thread 0x0000000002afd800 Exception <a 'java/lang/NullPointerException'> (0x00000000d9f87270) thrown at [C:\re\workspace\8-2-build-windows-amd64-cygwin\jdk8u151\9699\hotspot\src\share\vm\interpreter\linkResolver.cpp, line 1183]
Event: 3.078 Thread 0x0000000002afd800 Exception <a 'java/lang/NullPointerException'> (0x00000000d9f87488) thrown at [C:\re\workspace\8-2-build-windows-amd64-cygwin\jdk8u151\9699\hotspot\src\share\vm\interpreter\linkResolver.cpp, line 1183]
Event: 3.078 Thread 0x0000000002afd800 Exception <a 'java/lang/NullPointerException'> (0x00000000d9f876a0) thrown at [C:\re\workspace\8-2-build-windows-amd64-cygwin\jdk8u151\9699\hotspot\src\share\vm\interpreter\linkResolver.cpp, line 1183]
Event: 3.596 Thread 0x0000000002afd800 Implicit null exception at 0x0000000002e8a915 to 0x0000000002e8aae5
Event: 3.597 Thread 0x0000000002afd800 Implicit null exception at 0x000000000300532f to 0x0000000003005399
Event: 3.646 Thread 0x0000000002afd800 Implicit null exception at 0x000000000327b2e8 to 0x000000000327c4ad
Event: 3.717 Thread 0x0000000002afd800 Implicit null exception at 0x0000000003070558 to 0x00000000030705e6
Event: 9.721 Thread 0x0000000002afd800 Exception <a 'java/lang/ClassNotFoundException': com/sun/tools/javac/api/JavacTool> (0x00000000d8d57f18) thrown at [C:\re\workspace\8-2-build-windows-amd64-cygwin\jdk8u151\9699\hotspot\src\share\vm\classfile\systemDictionary.cpp, line 210]
Event: 16.272 Thread 0x0000000002afd800 Exception <a 'java/io/FileNotFoundException'> (0x00000000d968b000) thrown at [C:\re\workspace\8-2-build-windows-amd64-cygwin\jdk8u151\9699\hotspot\src\share\vm\prims\jni.cpp, line 709]
Event: 16.684 Thread 0x0000000002afd800 Exception <a 'java/io/FileNotFoundException'> (0x00000000d96bf6f0) thrown at [C:\re\workspace\8-2-build-windows-amd64-cygwin\jdk8u151\9699\hotspot\src\share\vm\prims\jni.cpp, line 709]

Events (10 events):
Event: 16.839 Thread 0x0000000002afd800 DEOPT PACKING pc=0x0000000002f5863f sp=0x0000000002add2d0
Event: 16.839 Thread 0x0000000002afd800 DEOPT UNPACKING pc=0x0000000002c4747f sp=0x0000000002add0f8 mode 0
Event: 16.839 Thread 0x0000000002afd800 DEOPT PACKING pc=0x0000000002f5863f sp=0x0000000002add2d0
Event: 16.839 Thread 0x0000000002afd800 DEOPT UNPACKING pc=0x0000000002c4747f sp=0x0000000002add0f8 mode 0
Event: 16.840 Thread 0x0000000002afd800 DEOPT PACKING pc=0x0000000002f5863f sp=0x0000000002add2d0
Event: 16.840 Thread 0x0000000002afd800 DEOPT UNPACKING pc=0x0000000002c4747f sp=0x0000000002add0f8 mode 0
Event: 16.840 Thread 0x0000000002afd800 DEOPT PACKING pc=0x0000000002f5863f sp=0x0000000002add2d0
Event: 16.840 Thread 0x0000000002afd800 DEOPT UNPACKING pc=0x0000000002c4747f sp=0x0000000002add0f8 mode 0
Event: 16.872 Thread 0x0000000002afd800 DEOPT PACKING pc=0x0000000002f5863f sp=0x0000000002add2d0
Event: 16.872 Thread 0x0000000002afd800 DEOPT UNPACKING pc=0x0000000002c4747f sp=0x0000000002add0f8 mode 0


Dynamic libraries:
0x00007ff656420000 - 0x00007ff656457000 	D:\software\Java\jdk1.8.0_151\bin\java.exe
0x00007ffb13320000 - 0x00007ffb13510000 	C:\Windows\SYSTEM32\ntdll.dll
0x00007ffb11a60000 - 0x00007ffb11b12000 	C:\Windows\System32\KERNEL32.DLL
0x00007ffb102a0000 - 0x00007ffb10545000 	C:\Windows\System32\KERNELBASE.dll
0x00007ffb11cd0000 - 0x00007ffb11d73000 	C:\Windows\System32\ADVAPI32.dll
0x00007ffb13240000 - 0x00007ffb132de000 	C:\Windows\System32\msvcrt.dll
0x00007ffb11480000 - 0x00007ffb11517000 	C:\Windows\System32\sechost.dll
0x00007ffb12240000 - 0x00007ffb1235f000 	C:\Windows\System32\RPCRT4.dll
0x00007ffb118c0000 - 0x00007ffb11a54000 	C:\Windows\System32\USER32.dll
0x00007ffb10d80000 - 0x00007ffb10da1000 	C:\Windows\System32\win32u.dll
0x00007ffb120d0000 - 0x00007ffb120f6000 	C:\Windows\System32\GDI32.dll
0x00007ffb10ee0000 - 0x00007ffb11078000 	C:\Windows\System32\gdi32full.dll
0x00007ffb10db0000 - 0x00007ffb10e4e000 	C:\Windows\System32\msvcp_win.dll
0x00007ffb11220000 - 0x00007ffb1131a000 	C:\Windows\System32\ucrtbase.dll
0x00007ffb02380000 - 0x00007ffb02604000 	C:\Windows\WinSxS\amd64_microsoft.windows.common-controls_6595b64144ccf1df_6.0.18362.1379_none_9e7ff3b3e45cc0c4\COMCTL32.dll
0x00007ffb11d80000 - 0x00007ffb120b7000 	C:\Windows\System32\combase.dll
0x00007ffb10e50000 - 0x00007ffb10ed1000 	C:\Windows\System32\bcryptPrimitives.dll
0x00007ffb12490000 - 0x00007ffb124be000 	C:\Windows\System32\IMM32.DLL
0x0000000062800000 - 0x00000000628d2000 	D:\software\Java\jdk1.8.0_151\jre\bin\msvcr100.dll
0x0000000061f60000 - 0x00000000627fd000 	D:\software\Java\jdk1.8.0_151\jre\bin\server\jvm.dll
0x00007ffb11520000 - 0x00007ffb11528000 	C:\Windows\System32\PSAPI.DLL
0x00007ffb0c920000 - 0x00007ffb0c944000 	C:\Windows\SYSTEM32\WINMM.dll
0x00007ffb09bd0000 - 0x00007ffb09bd9000 	C:\Windows\SYSTEM32\WSOCK32.dll
0x00007ffb11c60000 - 0x00007ffb11ccf000 	C:\Windows\System32\WS2_32.dll
0x00007ffb0a410000 - 0x00007ffb0a41a000 	C:\Windows\SYSTEM32\VERSION.dll
0x00007ffb0c8f0000 - 0x00007ffb0c91d000 	C:\Windows\SYSTEM32\winmmbase.dll
0x00007ffb10550000 - 0x00007ffb1059a000 	C:\Windows\System32\cfgmgr32.dll
0x0000000061f50000 - 0x0000000061f5f000 	D:\software\Java\jdk1.8.0_151\jre\bin\verify.dll
0x0000000061f20000 - 0x0000000061f49000 	D:\software\Java\jdk1.8.0_151\jre\bin\java.dll
0x0000000061f00000 - 0x0000000061f16000 	D:\software\Java\jdk1.8.0_151\jre\bin\zip.dll
0x00007ffb12930000 - 0x00007ffb13018000 	C:\Windows\System32\SHELL32.dll
0x00007ffb13110000 - 0x00007ffb131b7000 	C:\Windows\System32\shcore.dll
0x00007ffb105a0000 - 0x00007ffb10d1b000 	C:\Windows\System32\windows.storage.dll
0x00007ffb10270000 - 0x00007ffb10293000 	C:\Windows\System32\profapi.dll
0x00007ffb101e0000 - 0x00007ffb1022a000 	C:\Windows\System32\powrprof.dll
0x00007ffb101d0000 - 0x00007ffb101e0000 	C:\Windows\System32\UMPDC.dll
0x00007ffb130b0000 - 0x00007ffb13102000 	C:\Windows\System32\shlwapi.dll
0x00007ffb10250000 - 0x00007ffb10261000 	C:\Windows\System32\kernel.appcore.dll
0x00007ffb110b0000 - 0x00007ffb110c7000 	C:\Windows\System32\cryptsp.dll
0x00007ffb0f590000 - 0x00007ffb0f5c3000 	C:\Windows\system32\rsaenh.dll
0x00007ffb11080000 - 0x00007ffb110a6000 	C:\Windows\System32\bcrypt.dll
0x00007ffb100b0000 - 0x00007ffb100d5000 	C:\Windows\SYSTEM32\USERENV.dll
0x00007ffb0fbe0000 - 0x00007ffb0fbec000 	C:\Windows\SYSTEM32\CRYPTBASE.dll
0x0000000061ee0000 - 0x0000000061efa000 	D:\software\Java\jdk1.8.0_151\jre\bin\net.dll
0x00007ffb0fa10000 - 0x00007ffb0fa77000 	C:\Windows\system32\mswsock.dll
0x00007ffb0f720000 - 0x00007ffb0f75a000 	C:\Windows\SYSTEM32\IPHLPAPI.DLL
0x00007ffb130a0000 - 0x00007ffb130a8000 	C:\Windows\System32\NSI.dll
0x00007ffb093d0000 - 0x00007ffb093e6000 	C:\Windows\SYSTEM32\dhcpcsvc6.DLL
0x00007ffb0a500000 - 0x00007ffb0a51c000 	C:\Windows\SYSTEM32\dhcpcsvc.DLL
0x00007ffb0f760000 - 0x00007ffb0f82b000 	C:\Windows\SYSTEM32\DNSAPI.dll
0x0000000061ec0000 - 0x0000000061ed1000 	D:\software\Java\jdk1.8.0_151\jre\bin\nio.dll
0x00007ffb09910000 - 0x00007ffb0991a000 	C:\Users\10957\AppData\Local\Temp\jansi-1.17.1-5350291199202017760.dll
0x00007ffb09900000 - 0x00007ffb0990a000 	C:\Users\10957\AppData\Local\Temp\jansi-1.17.1-5645268877474845446.dll

VM Arguments:
jvm_args: -Dmaven.multiModuleProjectDirectory=D:\work\IDEA\code\EquipmentManagementSystem -Dfile.encoding=GBK -Dmaven.home=D:\work\maven\apache-maven-3.6.1 -Dclassworlds.conf=D:\work\maven\apache-maven-3.6.1\bin\m2.conf -Dmaven.ext.class.path=D:\work\IDEA\IntelliJ IDEA 2020.1\plugins\maven\lib\maven-event-listener.jar 
java_command: org.codehaus.classworlds.Launcher -Didea.version2020.1 -s D:\work\maven\apache-maven-3.6.1\conf\settings.xml compile war:exploded
java_class_path (initial): D:\work\maven\apache-maven-3.6.1\boot\plexus-classworlds-2.6.0.jar
Launcher Type: SUN_STANDARD

Environment Variables:
JAVA_HOME=D:\software\Java\jdk1.8.0_151
PATH=D:\工具\maven\apache-maven-3.6.1\bin;C:\Program Files\NVIDIA Corporation\NVIDIA NvDLISR;C:\Users\10957\AppData\Local\Microsoft\WindowsApps;C:\Program Files\MySQL\MySQL Server 5.7\bin;D:\工具\maven\apache-maven-3.6.1\bin;
USERNAME=10957
OS=Windows_NT
PROCESSOR_IDENTIFIER=AMD64 Family 23 Model 96 Stepping 1, AuthenticAMD



---------------  S Y S T E M  ---------------

OS: Windows 10.0 , 64 bit Build 18362 (10.0.18362.1350)

CPU:total 12 (initial active 12) (12 cores per cpu, 1 threads per core) family 23 model 96 stepping 1, cmov, cx8, fxsr, mmx, sse, sse2, sse3, ssse3, sse4.1, sse4.2, popcnt, avx, avx2, aes, clmul, mmxext, 3dnowpref, lzcnt, sse4a, tsc, tscinvbit, tscinv, bmi1

Memory: 4k page, physical 7730500k(334012k free), swap 20837696k(6780k free)

vm_info: Java HotSpot(TM) 64-Bit Server VM (25.151-b12) for windows-amd64 JRE (1.8.0_151-b12), built on Sep  5 2017 19:33:46 by "java_re" with MS VC++ 10.0 (VS2010)

time: Fri Apr 09 17:08:29 2021
elapsed time: 16 seconds (0d 0h 0m 16s)

