#
# There is insufficient memory for the Java Runtime Environment to continue.
# Native memory allocation (malloc) failed to allocate 44368 bytes for Chunk::new
# Possible reasons:
#   The system is out of physical RAM or swap space
#   In 32 bit mode, the process size limit was hit
# Possible solutions:
#   Reduce memory load on the system
#   Increase physical memory or swap space
#   Check if swap backing store is full
#   Use 64 bit Java on a 64 bit OS
#   Decrease Java heap size (-Xmx/-Xms)
#   Decrease number of Java threads
#   Decrease Java thread stack sizes (-Xss)
#   Set larger code cache with -XX:ReservedCodeCacheSize=
# This output file may be truncated or incomplete.
#
#  Out of Memory Error (allocation.cpp:390), pid=17748, tid=0x0000000000002a10
#
# JRE version: Java(TM) SE Runtime Environment (8.0_151-b12) (build 1.8.0_151-b12)
# Java VM: Java HotSpot(TM) 64-Bit Server VM (25.151-b12 mixed mode windows-amd64 compressed oops)
# Failed to write core dump. Minidumps are not enabled by default on client versions of Windows
#

---------------  T H R E A D  ---------------

Current thread (0x000000001999f000):  JavaThread "C2 CompilerThread0" daemon [_thread_in_native, id=10768, stack(0x000000001ae90000,0x000000001af90000)]

Stack: [0x000000001ae90000,0x000000001af90000]
[error occurred during error reporting (printing stack bounds), id 0xc0000005]

Native frames: (J=compiled Java code, j=interpreted, Vv=VM code, C=native code)


Current CompileTask:
C2:  15011 3118       4       java.util.TimSort::binarySort (223 bytes)


---------------  P R O C E S S  ---------------

Java Threads: ( => current thread )
  0x00000000199ba800 JavaThread "Service Thread" daemon [_thread_blocked, id=27500, stack(0x000000001b290000,0x000000001b390000)]
  0x00000000199ac800 JavaThread "C1 CompilerThread3" daemon [_thread_blocked, id=16032, stack(0x000000001b190000,0x000000001b290000)]
  0x00000000199ab800 JavaThread "C2 CompilerThread2" daemon [_thread_blocked, id=24308, stack(0x000000001b090000,0x000000001b190000)]
  0x00000000199a7000 JavaThread "C2 CompilerThread1" daemon [_thread_blocked, id=26748, stack(0x000000001af90000,0x000000001b090000)]
=>0x000000001999f000 JavaThread "C2 CompilerThread0" daemon [_thread_in_native, id=10768, stack(0x000000001ae90000,0x000000001af90000)]
  0x000000001999c800 JavaThread "Attach Listener" daemon [_thread_blocked, id=11276, stack(0x000000001ad90000,0x000000001ae90000)]
  0x000000001994f000 JavaThread "Signal Dispatcher" daemon [_thread_blocked, id=3716, stack(0x000000001ac90000,0x000000001ad90000)]
  0x000000001823e000 JavaThread "Finalizer" daemon [_thread_blocked, id=21200, stack(0x000000001ab90000,0x000000001ac90000)]
  0x000000001823d800 JavaThread "Reference Handler" daemon [_thread_blocked, id=19992, stack(0x000000001aa90000,0x000000001ab90000)]
  0x0000000002fdd800 JavaThread "main" [_thread_in_native, id=25780, stack(0x00000000033a0000,0x00000000034a0000)]

Other Threads:
  0x0000000019912800 VMThread [stack: 0x000000001a990000,0x000000001aa90000] [id=2884]
  0x0000000019a92000 WatcherThread [stack: 0x000000001b390000,0x000000001b490000] [id=10572]

VM state:not at safepoint (normal execution)

VM Mutex/Monitor currently owned by a thread: None

Heap:
 PSYoungGen      total 66048K, used 66040K [0x00000000d8b00000, 0x00000000dd000000, 0x0000000100000000)
  eden space 61440K, 100% used [0x00000000d8b00000,0x00000000dc700000,0x00000000dc700000)
  from space 4608K, 99% used [0x00000000dcb80000,0x00000000dcffe030,0x00000000dd000000)
  to   space 4608K, 0% used [0x00000000dc700000,0x00000000dc700000,0x00000000dcb80000)
 ParOldGen       total 80896K, used 8285K [0x000000008a000000, 0x000000008ef00000, 0x00000000d8b00000)
  object space 80896K, 10% used [0x000000008a000000,0x000000008a817508,0x000000008ef00000)
 Metaspace       used 16994K, capacity 17488K, committed 17792K, reserved 1064960K
  class space    used 2000K, capacity 2099K, committed 2176K, reserved 1048576K

Card table byte_map: [0x0000000012960000,0x0000000012d20000] byte_map_base: 0x0000000012510000

Marking Bits: (ParMarkBitMap*) 0x000000006277d850
 Begin Bits: [0x00000000139a0000, 0x0000000015720000)
 End Bits:   [0x0000000015720000, 0x00000000174a0000)

Polling page: 0x0000000001660000

CodeCache: size=245760Kb used=10701Kb max_used=10706Kb free=235058Kb
 bounds [0x00000000035a0000, 0x0000000004020000, 0x00000000125a0000]
 total_blobs=3492 nmethods=3117 adapters=288
 compilation: enabled

Compilation events (10 events):
Event: 14.969 Thread 0x00000000199ac800 nmethod 3113 0x000000000401b2d0 code [0x000000000401b420, 0x000000000401b530]
Event: 14.993 Thread 0x00000000199ac800 3114       3       java.nio.charset.CharsetDecoder::onMalformedInput (26 bytes)
Event: 14.993 Thread 0x00000000199ac800 nmethod 3114 0x000000000401f1d0 code [0x000000000401f340, 0x000000000401f688]
Event: 14.993 Thread 0x00000000199ac800 3115       3       java.nio.charset.CharsetDecoder::implOnMalformedInput (1 bytes)
Event: 14.993 Thread 0x00000000199ac800 nmethod 3115 0x0000000004019b50 code [0x0000000004019ca0, 0x0000000004019df0]
Event: 14.993 Thread 0x00000000199ac800 3116       3       java.nio.charset.CharsetDecoder::onUnmappableCharacter (26 bytes)
Event: 14.993 Thread 0x00000000199ac800 nmethod 3116 0x000000000401ec10 code [0x000000000401ed80, 0x000000000401f0c8]
Event: 14.993 Thread 0x00000000199ac800 3117       3       java.nio.charset.CharsetDecoder::implOnUnmappableCharacter (1 bytes)
Event: 14.993 Thread 0x00000000199ac800 nmethod 3117 0x000000000401e910 code [0x000000000401ea60, 0x000000000401ebb0]
Event: 14.998 Thread 0x000000001999f000 3118       4       java.util.TimSort::binarySort (223 bytes)

GC Heap History (8 events):
Event: 2.820 GC heap before
{Heap before GC invocations=1 (full 0):
 PSYoungGen      total 35328K, used 30720K [0x00000000d8b00000, 0x00000000db200000, 0x0000000100000000)
  eden space 30720K, 100% used [0x00000000d8b00000,0x00000000da900000,0x00000000da900000)
  from space 4608K, 0% used [0x00000000dad80000,0x00000000dad80000,0x00000000db200000)
  to   space 4608K, 0% used [0x00000000da900000,0x00000000da900000,0x00000000dad80000)
 ParOldGen       total 80896K, used 0K [0x000000008a000000, 0x000000008ef00000, 0x00000000d8b00000)
  object space 80896K, 0% used [0x000000008a000000,0x000000008a000000,0x000000008ef00000)
 Metaspace       used 8679K, capacity 8888K, committed 9088K, reserved 1056768K
  class space    used 1045K, capacity 1116K, committed 1152K, reserved 1048576K
Event: 2.839 GC heap after
Heap after GC invocations=1 (full 0):
 PSYoungGen      total 35328K, used 4598K [0x00000000d8b00000, 0x00000000db200000, 0x0000000100000000)
  eden space 30720K, 0% used [0x00000000d8b00000,0x00000000d8b00000,0x00000000da900000)
  from space 4608K, 99% used [0x00000000da900000,0x00000000dad7db70,0x00000000dad80000)
  to   space 4608K, 0% used [0x00000000dad80000,0x00000000dad80000,0x00000000db200000)
 ParOldGen       total 80896K, used 872K [0x000000008a000000, 0x000000008ef00000, 0x00000000d8b00000)
  object space 80896K, 1% used [0x000000008a000000,0x000000008a0da100,0x000000008ef00000)
 Metaspace       used 8679K, capacity 8888K, committed 9088K, reserved 1056768K
  class space    used 1045K, capacity 1116K, committed 1152K, reserved 1048576K
}
Event: 3.691 GC heap before
{Heap before GC invocations=2 (full 0):
 PSYoungGen      total 35328K, used 35318K [0x00000000d8b00000, 0x00000000db200000, 0x0000000100000000)
  eden space 30720K, 100% used [0x00000000d8b00000,0x00000000da900000,0x00000000da900000)
  from space 4608K, 99% used [0x00000000da900000,0x00000000dad7db70,0x00000000dad80000)
  to   space 4608K, 0% used [0x00000000dad80000,0x00000000dad80000,0x00000000db200000)
 ParOldGen       total 80896K, used 872K [0x000000008a000000, 0x000000008ef00000, 0x00000000d8b00000)
  object space 80896K, 1% used [0x000000008a000000,0x000000008a0da100,0x000000008ef00000)
 Metaspace       used 11672K, capacity 11908K, committed 12160K, reserved 1060864K
  class space    used 1430K, capacity 1545K, committed 1664K, reserved 1048576K
Event: 3.738 GC heap after
Heap after GC invocations=2 (full 0):
 PSYoungGen      total 35328K, used 4604K [0x00000000d8b00000, 0x00000000dd000000, 0x0000000100000000)
  eden space 30720K, 0% used [0x00000000d8b00000,0x00000000d8b00000,0x00000000da900000)
  from space 4608K, 99% used [0x00000000dad80000,0x00000000db1ff340,0x00000000db200000)
  to   space 4608K, 0% used [0x00000000da900000,0x00000000da900000,0x00000000dad80000)
 ParOldGen       total 80896K, used 2772K [0x000000008a000000, 0x000000008ef00000, 0x00000000d8b00000)
  object space 80896K, 3% used [0x000000008a000000,0x000000008a2b50b0,0x000000008ef00000)
 Metaspace       used 11672K, capacity 11908K, committed 12160K, reserved 1060864K
  class space    used 1430K, capacity 1545K, committed 1664K, reserved 1048576K
}
Event: 5.249 GC heap before
{Heap before GC invocations=3 (full 0):
 PSYoungGen      total 35328K, used 35324K [0x00000000d8b00000, 0x00000000dd000000, 0x0000000100000000)
  eden space 30720K, 100% used [0x00000000d8b00000,0x00000000da900000,0x00000000da900000)
  from space 4608K, 99% used [0x00000000dad80000,0x00000000db1ff340,0x00000000db200000)
  to   space 4608K, 0% used [0x00000000da900000,0x00000000da900000,0x00000000dad80000)
 ParOldGen       total 80896K, used 2772K [0x000000008a000000, 0x000000008ef00000, 0x00000000d8b00000)
  object space 80896K, 3% used [0x000000008a000000,0x000000008a2b50b0,0x000000008ef00000)
 Metaspace       used 15223K, capacity 15488K, committed 15872K, reserved 1062912K
  class space    used 1869K, capacity 1975K, committed 2048K, reserved 1048576K
Event: 5.282 GC heap after
Heap after GC invocations=3 (full 0):
 PSYoungGen      total 35328K, used 4580K [0x00000000d8b00000, 0x00000000dd000000, 0x0000000100000000)
  eden space 30720K, 0% used [0x00000000d8b00000,0x00000000d8b00000,0x00000000da900000)
  from space 4608K, 99% used [0x00000000da900000,0x00000000dad79080,0x00000000dad80000)
  to   space 4608K, 0% used [0x00000000dcb80000,0x00000000dcb80000,0x00000000dd000000)
 ParOldGen       total 80896K, used 5488K [0x000000008a000000, 0x000000008ef00000, 0x00000000d8b00000)
  object space 80896K, 6% used [0x000000008a000000,0x000000008a55c268,0x000000008ef00000)
 Metaspace       used 15223K, capacity 15488K, committed 15872K, reserved 1062912K
  class space    used 1869K, capacity 1975K, committed 2048K, reserved 1048576K
}
Event: 6.970 GC heap before
{Heap before GC invocations=4 (full 0):
 PSYoungGen      total 35328K, used 35300K [0x00000000d8b00000, 0x00000000dd000000, 0x0000000100000000)
  eden space 30720K, 100% used [0x00000000d8b00000,0x00000000da900000,0x00000000da900000)
  from space 4608K, 99% used [0x00000000da900000,0x00000000dad79080,0x00000000dad80000)
  to   space 4608K, 0% used [0x00000000dcb80000,0x00000000dcb80000,0x00000000dd000000)
 ParOldGen       total 80896K, used 5488K [0x000000008a000000, 0x000000008ef00000, 0x00000000d8b00000)
  object space 80896K, 6% used [0x000000008a000000,0x000000008a55c268,0x000000008ef00000)
 Metaspace       used 15635K, capacity 15908K, committed 16128K, reserved 1062912K
  class space    used 1890K, capacity 1981K, committed 2048K, reserved 1048576K
Event: 7.143 GC heap after
Heap after GC invocations=4 (full 0):
 PSYoungGen      total 66048K, used 4600K [0x00000000d8b00000, 0x00000000dd000000, 0x0000000100000000)
  eden space 61440K, 0% used [0x00000000d8b00000,0x00000000d8b00000,0x00000000dc700000)
  from space 4608K, 99% used [0x00000000dcb80000,0x00000000dcffe030,0x00000000dd000000)
  to   space 4608K, 0% used [0x00000000dc700000,0x00000000dc700000,0x00000000dcb80000)
 ParOldGen       total 80896K, used 8285K [0x000000008a000000, 0x000000008ef00000, 0x00000000d8b00000)
  object space 80896K, 10% used [0x000000008a000000,0x000000008a817508,0x000000008ef00000)
 Metaspace       used 15635K, capacity 15908K, committed 16128K, reserved 1062912K
  class space    used 1890K, capacity 1981K, committed 2048K, reserved 1048576K
}

Deoptimization events (10 events):
Event: 10.088 Thread 0x0000000002fdd800 Uncommon trap: reason=predicate action=maybe_recompile pc=0x0000000003800604 method=sun.net.www.ParseUtil.encodePath(Ljava/lang/String;Z)Ljava/lang/String; @ 36
Event: 10.092 Thread 0x0000000002fdd800 Uncommon trap: reason=unstable_if action=reinterpret pc=0x0000000003bc6c5c method=java.lang.ClassLoader.getPackage(Ljava/lang/String;)Ljava/lang/Package; @ 60
Event: 10.183 Thread 0x0000000002fdd800 Uncommon trap: reason=array_check action=maybe_recompile pc=0x0000000003f3fd54 method=java.util.TimSort.binarySort([Ljava/lang/Object;IIILjava/util/Comparator;)V @ 215
Event: 10.185 Thread 0x0000000002fdd800 Uncommon trap: reason=array_check action=maybe_recompile pc=0x0000000003f3fd54 method=java.util.TimSort.binarySort([Ljava/lang/Object;IIILjava/util/Comparator;)V @ 215
Event: 10.185 Thread 0x0000000002fdd800 Uncommon trap: reason=array_check action=maybe_recompile pc=0x0000000003f3fe18 method=java.util.TimSort.binarySort([Ljava/lang/Object;IIILjava/util/Comparator;)V @ 193
Event: 10.185 Thread 0x0000000002fdd800 Uncommon trap: reason=array_check action=maybe_recompile pc=0x0000000003f3fee0 method=java.util.TimSort.binarySort([Ljava/lang/Object;IIILjava/util/Comparator;)V @ 183
Event: 10.187 Thread 0x0000000002fdd800 Uncommon trap: reason=array_check action=maybe_recompile pc=0x0000000003f3fd54 method=java.util.TimSort.binarySort([Ljava/lang/Object;IIILjava/util/Comparator;)V @ 215
Event: 13.889 Thread 0x0000000002fdd800 Uncommon trap: reason=bimorphic action=maybe_recompile pc=0x0000000003c0eb94 method=java.util.concurrent.ConcurrentHashMap.get(Ljava/lang/Object;)Ljava/lang/Object; @ 149
Event: 13.945 Thread 0x0000000002fdd800 Uncommon trap: reason=bimorphic action=maybe_recompile pc=0x0000000003c0eb94 method=java.util.concurrent.ConcurrentHashMap.get(Ljava/lang/Object;)Ljava/lang/Object; @ 149
Event: 14.254 Thread 0x0000000002fdd800 Uncommon trap: reason=unstable_if action=reinterpret pc=0x0000000003e03214 method=org.eclipse.sisu.plexus.RealmFilteredBeans$FilteredItr.hasNext()Z @ 44

Internal exceptions (10 events):
Event: 4.230 Thread 0x0000000002fdd800 Exception <a 'java/lang/NoClassDefFoundError': javax/annotation/Priority> (0x00000000d993a6f0) thrown at [C:\re\workspace\8-2-build-windows-amd64-cygwin\jdk8u151\9699\hotspot\src\share\vm\classfile\systemDictionary.cpp, line 199]
Event: 4.597 Thread 0x0000000002fdd800 Exception <a 'java/lang/NullPointerException'> (0x00000000da0dad88) thrown at [C:\re\workspace\8-2-build-windows-amd64-cygwin\jdk8u151\9699\hotspot\src\share\vm\interpreter\linkResolver.cpp, line 1183]
Event: 4.597 Thread 0x0000000002fdd800 Exception <a 'java/lang/NullPointerException'> (0x00000000da0dafa0) thrown at [C:\re\workspace\8-2-build-windows-amd64-cygwin\jdk8u151\9699\hotspot\src\share\vm\interpreter\linkResolver.cpp, line 1183]
Event: 4.597 Thread 0x0000000002fdd800 Exception <a 'java/lang/NullPointerException'> (0x00000000da0db1b8) thrown at [C:\re\workspace\8-2-build-windows-amd64-cygwin\jdk8u151\9699\hotspot\src\share\vm\interpreter\linkResolver.cpp, line 1183]
Event: 4.600 Thread 0x0000000002fdd800 Exception <a 'java/lang/NullPointerException'> (0x00000000da0e3360) thrown at [C:\re\workspace\8-2-build-windows-amd64-cygwin\jdk8u151\9699\hotspot\src\share\vm\interpreter\linkResolver.cpp, line 1183]
Event: 4.600 Thread 0x0000000002fdd800 Exception <a 'java/lang/NullPointerException'> (0x00000000da0e3578) thrown at [C:\re\workspace\8-2-build-windows-amd64-cygwin\jdk8u151\9699\hotspot\src\share\vm\interpreter\linkResolver.cpp, line 1183]
Event: 4.600 Thread 0x0000000002fdd800 Exception <a 'java/lang/NullPointerException'> (0x00000000da0e3790) thrown at [C:\re\workspace\8-2-build-windows-amd64-cygwin\jdk8u151\9699\hotspot\src\share\vm\interpreter\linkResolver.cpp, line 1183]
Event: 5.301 Thread 0x0000000002fdd800 Implicit null exception at 0x0000000003827795 to 0x0000000003827965
Event: 5.302 Thread 0x0000000002fdd800 Implicit null exception at 0x000000000392dcef to 0x000000000392dd59
Event: 5.587 Thread 0x0000000002fdd800 Implicit null exception at 0x0000000003beee77 to 0x0000000003bef0bd

Events (10 events):
Event: 14.653 loading class org/codehaus/plexus/languages/java/jpms/LocationManager
Event: 14.653 loading class org/codehaus/plexus/languages/java/jpms/LocationManager done
Event: 14.830 loading class org/codehaus/plexus/compiler/manager/CompilerManager
Event: 14.830 loading class org/codehaus/plexus/compiler/manager/CompilerManager done
Event: 14.830 loading class org/codehaus/plexus/compiler/manager/CompilerManager
Event: 14.830 loading class org/codehaus/plexus/compiler/manager/CompilerManager done
Event: 14.993 loading class org/codehaus/plexus/compiler/Compiler
Event: 14.993 loading class org/codehaus/plexus/compiler/Compiler done
Event: 14.993 loading class org/codehaus/plexus/compiler/Compiler
Event: 14.993 loading class org/codehaus/plexus/compiler/Compiler done


Dynamic libraries:
0x00007ff656420000 - 0x00007ff656457000 	D:\software\Java\jdk1.8.0_151\bin\java.exe
0x00007ffb13320000 - 0x00007ffb13510000 	C:\Windows\SYSTEM32\ntdll.dll
0x00007ffb11a60000 - 0x00007ffb11b12000 	C:\Windows\System32\KERNEL32.DLL
0x00007ffb102a0000 - 0x00007ffb10545000 	C:\Windows\System32\KERNELBASE.dll
0x00007ffb11cd0000 - 0x00007ffb11d73000 	C:\Windows\System32\ADVAPI32.dll
0x00007ffb13240000 - 0x00007ffb132de000 	C:\Windows\System32\msvcrt.dll
0x00007ffb11480000 - 0x00007ffb11517000 	C:\Windows\System32\sechost.dll
0x00007ffb12240000 - 0x00007ffb1235f000 	C:\Windows\System32\RPCRT4.dll
0x00007ffb118c0000 - 0x00007ffb11a54000 	C:\Windows\System32\USER32.dll
0x00007ffb10d80000 - 0x00007ffb10da1000 	C:\Windows\System32\win32u.dll
0x00007ffb120d0000 - 0x00007ffb120f6000 	C:\Windows\System32\GDI32.dll
0x00007ffb10ee0000 - 0x00007ffb11078000 	C:\Windows\System32\gdi32full.dll
0x00007ffb10db0000 - 0x00007ffb10e4e000 	C:\Windows\System32\msvcp_win.dll
0x00007ffb11220000 - 0x00007ffb1131a000 	C:\Windows\System32\ucrtbase.dll
0x00007ffb02380000 - 0x00007ffb02604000 	C:\Windows\WinSxS\amd64_microsoft.windows.common-controls_6595b64144ccf1df_6.0.18362.1379_none_9e7ff3b3e45cc0c4\COMCTL32.dll
0x00007ffb11d80000 - 0x00007ffb120b7000 	C:\Windows\System32\combase.dll
0x00007ffb10e50000 - 0x00007ffb10ed1000 	C:\Windows\System32\bcryptPrimitives.dll
0x00007ffb12490000 - 0x00007ffb124be000 	C:\Windows\System32\IMM32.DLL
0x0000000062800000 - 0x00000000628d2000 	D:\software\Java\jdk1.8.0_151\jre\bin\msvcr100.dll
0x0000000061f60000 - 0x00000000627fd000 	D:\software\Java\jdk1.8.0_151\jre\bin\server\jvm.dll
0x00007ffb11520000 - 0x00007ffb11528000 	C:\Windows\System32\PSAPI.DLL
0x00007ffb09bd0000 - 0x00007ffb09bd9000 	C:\Windows\SYSTEM32\WSOCK32.dll
0x00007ffb11c60000 - 0x00007ffb11ccf000 	C:\Windows\System32\WS2_32.dll
0x00007ffb0c920000 - 0x00007ffb0c944000 	C:\Windows\SYSTEM32\WINMM.dll
0x00007ffb0a410000 - 0x00007ffb0a41a000 	C:\Windows\SYSTEM32\VERSION.dll
0x00007ffb0c8f0000 - 0x00007ffb0c91d000 	C:\Windows\SYSTEM32\WINMMBASE.dll
0x00007ffb10550000 - 0x00007ffb1059a000 	C:\Windows\System32\cfgmgr32.dll
0x0000000061f50000 - 0x0000000061f5f000 	D:\software\Java\jdk1.8.0_151\jre\bin\verify.dll
0x0000000061f20000 - 0x0000000061f49000 	D:\software\Java\jdk1.8.0_151\jre\bin\java.dll
0x0000000061f00000 - 0x0000000061f16000 	D:\software\Java\jdk1.8.0_151\jre\bin\zip.dll
0x00007ffb12930000 - 0x00007ffb13018000 	C:\Windows\System32\SHELL32.dll
0x00007ffb13110000 - 0x00007ffb131b7000 	C:\Windows\System32\shcore.dll
0x00007ffb105a0000 - 0x00007ffb10d1b000 	C:\Windows\System32\windows.storage.dll
0x00007ffb10270000 - 0x00007ffb10293000 	C:\Windows\System32\profapi.dll
0x00007ffb101e0000 - 0x00007ffb1022a000 	C:\Windows\System32\powrprof.dll
0x00007ffb101d0000 - 0x00007ffb101e0000 	C:\Windows\System32\UMPDC.dll
0x00007ffb130b0000 - 0x00007ffb13102000 	C:\Windows\System32\shlwapi.dll
0x00007ffb10250000 - 0x00007ffb10261000 	C:\Windows\System32\kernel.appcore.dll
0x00007ffb110b0000 - 0x00007ffb110c7000 	C:\Windows\System32\cryptsp.dll
0x00007ffb0f590000 - 0x00007ffb0f5c3000 	C:\Windows\system32\rsaenh.dll
0x00007ffb11080000 - 0x00007ffb110a6000 	C:\Windows\System32\bcrypt.dll
0x00007ffb100b0000 - 0x00007ffb100d5000 	C:\Windows\SYSTEM32\USERENV.dll
0x00007ffb0fbe0000 - 0x00007ffb0fbec000 	C:\Windows\SYSTEM32\CRYPTBASE.dll
0x0000000061ee0000 - 0x0000000061efa000 	D:\software\Java\jdk1.8.0_151\jre\bin\net.dll
0x00007ffb0fa10000 - 0x00007ffb0fa77000 	C:\Windows\system32\mswsock.dll
0x00007ffb0f720000 - 0x00007ffb0f75a000 	C:\Windows\SYSTEM32\IPHLPAPI.DLL
0x00007ffb130a0000 - 0x00007ffb130a8000 	C:\Windows\System32\NSI.dll
0x00007ffb093d0000 - 0x00007ffb093e6000 	C:\Windows\SYSTEM32\dhcpcsvc6.DLL
0x00007ffb0a500000 - 0x00007ffb0a51c000 	C:\Windows\SYSTEM32\dhcpcsvc.DLL
0x00007ffb0f760000 - 0x00007ffb0f82b000 	C:\Windows\SYSTEM32\DNSAPI.dll
0x0000000061ec0000 - 0x0000000061ed1000 	D:\software\Java\jdk1.8.0_151\jre\bin\nio.dll
0x00007ffb04c60000 - 0x00007ffb04c6a000 	C:\Users\10957\AppData\Local\Temp\jansi-1.17.1-3151195032261062445.dll
0x00007ffb04c10000 - 0x00007ffb04c1a000 	C:\Users\10957\AppData\Local\Temp\jansi-1.17.1-3910420513289661646.dll

VM Arguments:
jvm_args: -Dmaven.multiModuleProjectDirectory=D:\work\IDEA\code\EquipmentManagementSystem -Dfile.encoding=GBK -Dmaven.home=D:\work\maven\apache-maven-3.6.1 -Dclassworlds.conf=D:\work\maven\apache-maven-3.6.1\bin\m2.conf -Dmaven.ext.class.path=D:\work\IDEA\IntelliJ IDEA 2020.1\plugins\maven\lib\maven-event-listener.jar 
java_command: org.codehaus.classworlds.Launcher -Didea.version2020.1 -s D:\work\maven\apache-maven-3.6.1\conf\settings.xml install
java_class_path (initial): D:\work\maven\apache-maven-3.6.1\boot\plexus-classworlds-2.6.0.jar
Launcher Type: SUN_STANDARD

Environment Variables:
JAVA_HOME=D:\software\Java\jdk1.8.0_151
PATH=D:\工具\maven\apache-maven-3.6.1\bin;C:\Program Files\NVIDIA Corporation\NVIDIA NvDLISR;C:\Users\10957\AppData\Local\Microsoft\WindowsApps;C:\Program Files\MySQL\MySQL Server 5.7\bin;D:\工具\maven\apache-maven-3.6.1\bin;
USERNAME=10957
OS=Windows_NT
PROCESSOR_IDENTIFIER=AMD64 Family 23 Model 96 Stepping 1, AuthenticAMD



---------------  S Y S T E M  ---------------

OS: Windows 10.0 , 64 bit Build 18362 (10.0.18362.1350)

CPU:total 12 (initial active 12) (12 cores per cpu, 1 threads per core) family 23 model 96 stepping 1, cmov, cx8, fxsr, mmx, sse, sse2, sse3, ssse3, sse4.1, sse4.2, popcnt, avx, avx2, aes, clmul, mmxext, 3dnowpref, lzcnt, sse4a, tsc, tscinvbit, tscinv, bmi1

Memory: 4k page, physical 7730500k(663444k free), swap 20837696k(3680k free)

vm_info: Java HotSpot(TM) 64-Bit Server VM (25.151-b12) for windows-amd64 JRE (1.8.0_151-b12), built on Sep  5 2017 19:33:46 by "java_re" with MS VC++ 10.0 (VS2010)

time: Fri Apr 09 17:16:26 2021
elapsed time: 15 seconds (0d 0h 0m 15s)

