#
# There is insufficient memory for the Java Runtime Environment to continue.
# Native memory allocation (malloc) failed to allocate 214496 bytes for Chunk::new
# Possible reasons:
#   The system is out of physical RAM or swap space
#   In 32 bit mode, the process size limit was hit
# Possible solutions:
#   Reduce memory load on the system
#   Increase physical memory or swap space
#   Check if swap backing store is full
#   Use 64 bit Java on a 64 bit OS
#   Decrease Java heap size (-Xmx/-Xms)
#   Decrease number of Java threads
#   Decrease Java thread stack sizes (-Xss)
#   Set larger code cache with -XX:ReservedCodeCacheSize=
# This output file may be truncated or incomplete.
#
#  Out of Memory Error (allocation.cpp:390), pid=22196, tid=0x00000000000052bc
#
# JRE version: Java(TM) SE Runtime Environment (8.0_151-b12) (build 1.8.0_151-b12)
# Java VM: Java HotSpot(TM) 64-Bit Server VM (25.151-b12 mixed mode windows-amd64 compressed oops)
# Failed to write core dump. Minidumps are not enabled by default on client versions of Windows
#

---------------  T H R E A D  ---------------

Current thread (0x0000000018f98000):  JavaThread "C2 CompilerThread1" daemon [_thread_in_native, id=21180, stack(0x000000001a5b0000,0x000000001a6b0000)]

Stack: [0x000000001a5b0000,0x000000001a6b0000]
[error occurred during error reporting (printing stack bounds), id 0xc0000005]

Native frames: (J=compiled Java code, j=interpreted, Vv=VM code, C=native code)


Current CompileTask:
C2:  14978 2870   !   4       org.apache.maven.model.Plugin::clone (204 bytes)


---------------  P R O C E S S  ---------------

Java Threads: ( => current thread )
  0x0000000018fb0800 JavaThread "Service Thread" daemon [_thread_blocked, id=16520, stack(0x000000001a8b0000,0x000000001a9b0000)]
  0x0000000018f9d800 JavaThread "C1 CompilerThread3" daemon [_thread_blocked, id=29836, stack(0x000000001a7b0000,0x000000001a8b0000)]
  0x0000000018f9c800 JavaThread "C2 CompilerThread2" daemon [_thread_blocked, id=27644, stack(0x000000001a6b0000,0x000000001a7b0000)]
=>0x0000000018f98000 JavaThread "C2 CompilerThread1" daemon [_thread_in_native, id=21180, stack(0x000000001a5b0000,0x000000001a6b0000)]
  0x0000000018f3c000 JavaThread "C2 CompilerThread0" daemon [_thread_blocked, id=13052, stack(0x000000001a4b0000,0x000000001a5b0000)]
  0x0000000018f3a000 JavaThread "Attach Listener" daemon [_thread_blocked, id=23920, stack(0x000000001a3b0000,0x000000001a4b0000)]
  0x0000000018f39000 JavaThread "Signal Dispatcher" daemon [_thread_blocked, id=23500, stack(0x000000001a2b0000,0x000000001a3b0000)]
  0x0000000018f23000 JavaThread "Finalizer" daemon [_thread_blocked, id=16824, stack(0x000000001a1b0000,0x000000001a2b0000)]
  0x000000001782c800 JavaThread "Reference Handler" daemon [_thread_blocked, id=23692, stack(0x000000001a0b0000,0x000000001a1b0000)]
  0x000000000298d800 JavaThread "main" [_thread_in_native, id=30072, stack(0x0000000002990000,0x0000000002a90000)]

Other Threads:
  0x0000000017825000 VMThread [stack: 0x0000000019fb0000,0x000000001a0b0000] [id=5416]
  0x0000000019090800 WatcherThread [stack: 0x000000001a9b0000,0x000000001aab0000] [id=28940]

VM state:not at safepoint (normal execution)

VM Mutex/Monitor currently owned by a thread: None

Heap:
 PSYoungGen      total 34816K, used 8885K [0x00000000d8b00000, 0x00000000db780000, 0x0000000100000000)
  eden space 30208K, 14% used [0x00000000d8b00000,0x00000000d8f2f3b8,0x00000000da880000)
  from space 4608K, 99% used [0x00000000da900000,0x00000000dad7e050,0x00000000dad80000)
  to   space 7680K, 0% used [0x00000000db000000,0x00000000db000000,0x00000000db780000)
 ParOldGen       total 80896K, used 9620K [0x000000008a000000, 0x000000008ef00000, 0x00000000d8b00000)
  object space 80896K, 11% used [0x000000008a000000,0x000000008a965058,0x000000008ef00000)
 Metaspace       used 16788K, capacity 17212K, committed 17536K, reserved 1064960K
  class space    used 1995K, capacity 2089K, committed 2176K, reserved 1048576K

Card table byte_map: [0x0000000011f50000,0x0000000012310000] byte_map_base: 0x0000000011b00000

Marking Bits: (ParMarkBitMap*) 0x000000006277d850
 Begin Bits: [0x0000000012f90000, 0x0000000014d10000)
 End Bits:   [0x0000000014d10000, 0x0000000016a90000)

Polling page: 0x0000000000bd0000

CodeCache: size=245760Kb used=9955Kb max_used=9966Kb free=235804Kb
 bounds [0x0000000002b90000, 0x0000000003560000, 0x0000000011b90000]
 total_blobs=3233 nmethods=2858 adapters=288
 compilation: enabled

Compilation events (10 events):
Event: 14.951 Thread 0x0000000018f9c800 2874       4       org.codehaus.plexus.interpolation.PrefixedValueSourceWrapper::clearFeedback (10 bytes)
Event: 14.951 Thread 0x0000000018f3c000 2875       4       org.codehaus.plexus.interpolation.StringSearchInterpolator::addPostProcessor (12 bytes)
Event: 14.952 Thread 0x0000000018f9c800 nmethod 2874 0x0000000003550210 code [0x0000000003550360, 0x0000000003550478]
Event: 14.952 Thread 0x0000000018f9c800 2876       4       org.codehaus.plexus.interpolation.StringSearchInterpolator::removePostProcessor (12 bytes)
Event: 14.954 Thread 0x0000000018f3c000 nmethod 2875 0x000000000354fa90 code [0x000000000354fbe0, 0x000000000354ff18]
Event: 14.954 Thread 0x0000000018f9d800 2878       1       org.eclipse.aether.util.version.GenericVersionConstraint::getVersion (5 bytes)
Event: 14.954 Thread 0x0000000018f9d800 nmethod 2878 0x0000000003555cd0 code [0x0000000003555e20, 0x0000000003555f30]
Event: 14.954 Thread 0x0000000018f9d800 2877       3       org.apache.maven.model.DependencyManagement::getDependencies (23 bytes)
Event: 14.954 Thread 0x0000000018f9d800 nmethod 2877 0x0000000003555650 code [0x00000000035557c0, 0x0000000003555b50]
Event: 14.955 Thread 0x0000000018f9c800 nmethod 2876 0x0000000003554fd0 code [0x0000000003555120, 0x0000000003555338]

GC Heap History (10 events):
Event: 2.023 GC heap before
{Heap before GC invocations=1 (full 0):
 PSYoungGen      total 35328K, used 30720K [0x00000000d8b00000, 0x00000000db200000, 0x0000000100000000)
  eden space 30720K, 100% used [0x00000000d8b00000,0x00000000da900000,0x00000000da900000)
  from space 4608K, 0% used [0x00000000dad80000,0x00000000dad80000,0x00000000db200000)
  to   space 4608K, 0% used [0x00000000da900000,0x00000000da900000,0x00000000dad80000)
 ParOldGen       total 80896K, used 0K [0x000000008a000000, 0x000000008ef00000, 0x00000000d8b00000)
  object space 80896K, 0% used [0x000000008a000000,0x000000008a000000,0x000000008ef00000)
 Metaspace       used 8681K, capacity 8892K, committed 9088K, reserved 1056768K
  class space    used 1046K, capacity 1116K, committed 1152K, reserved 1048576K
Event: 2.033 GC heap after
Heap after GC invocations=1 (full 0):
 PSYoungGen      total 35328K, used 4595K [0x00000000d8b00000, 0x00000000db200000, 0x0000000100000000)
  eden space 30720K, 0% used [0x00000000d8b00000,0x00000000d8b00000,0x00000000da900000)
  from space 4608K, 99% used [0x00000000da900000,0x00000000dad7ce60,0x00000000dad80000)
  to   space 4608K, 0% used [0x00000000dad80000,0x00000000dad80000,0x00000000db200000)
 ParOldGen       total 80896K, used 880K [0x000000008a000000, 0x000000008ef00000, 0x00000000d8b00000)
  object space 80896K, 1% used [0x000000008a000000,0x000000008a0dc0c8,0x000000008ef00000)
 Metaspace       used 8681K, capacity 8892K, committed 9088K, reserved 1056768K
  class space    used 1046K, capacity 1116K, committed 1152K, reserved 1048576K
}
Event: 2.759 GC heap before
{Heap before GC invocations=2 (full 0):
 PSYoungGen      total 35328K, used 35315K [0x00000000d8b00000, 0x00000000db200000, 0x0000000100000000)
  eden space 30720K, 100% used [0x00000000d8b00000,0x00000000da900000,0x00000000da900000)
  from space 4608K, 99% used [0x00000000da900000,0x00000000dad7ce60,0x00000000dad80000)
  to   space 4608K, 0% used [0x00000000dad80000,0x00000000dad80000,0x00000000db200000)
 ParOldGen       total 80896K, used 880K [0x000000008a000000, 0x000000008ef00000, 0x00000000d8b00000)
  object space 80896K, 1% used [0x000000008a000000,0x000000008a0dc0c8,0x000000008ef00000)
 Metaspace       used 11683K, capacity 11912K, committed 12160K, reserved 1060864K
  class space    used 1430K, capacity 1545K, committed 1664K, reserved 1048576K
Event: 2.767 GC heap after
Heap after GC invocations=2 (full 0):
 PSYoungGen      total 35328K, used 4597K [0x00000000d8b00000, 0x00000000db200000, 0x0000000100000000)
  eden space 30720K, 0% used [0x00000000d8b00000,0x00000000d8b00000,0x00000000da900000)
  from space 4608K, 99% used [0x00000000dad80000,0x00000000db1fd668,0x00000000db200000)
  to   space 4608K, 0% used [0x00000000da900000,0x00000000da900000,0x00000000dad80000)
 ParOldGen       total 80896K, used 2785K [0x000000008a000000, 0x000000008ef00000, 0x00000000d8b00000)
  object space 80896K, 3% used [0x000000008a000000,0x000000008a2b85b8,0x000000008ef00000)
 Metaspace       used 11683K, capacity 11912K, committed 12160K, reserved 1060864K
  class space    used 1430K, capacity 1545K, committed 1664K, reserved 1048576K
}
Event: 4.221 GC heap before
{Heap before GC invocations=3 (full 0):
 PSYoungGen      total 35328K, used 35317K [0x00000000d8b00000, 0x00000000db200000, 0x0000000100000000)
  eden space 30720K, 100% used [0x00000000d8b00000,0x00000000da900000,0x00000000da900000)
  from space 4608K, 99% used [0x00000000dad80000,0x00000000db1fd668,0x00000000db200000)
  to   space 4608K, 0% used [0x00000000da900000,0x00000000da900000,0x00000000dad80000)
 ParOldGen       total 80896K, used 2785K [0x000000008a000000, 0x000000008ef00000, 0x00000000d8b00000)
  object space 80896K, 3% used [0x000000008a000000,0x000000008a2b85b8,0x000000008ef00000)
 Metaspace       used 15255K, capacity 15492K, committed 15872K, reserved 1062912K
  class space    used 1870K, capacity 1975K, committed 2048K, reserved 1048576K
Event: 4.233 GC heap after
Heap after GC invocations=3 (full 0):
 PSYoungGen      total 35328K, used 4584K [0x00000000d8b00000, 0x00000000db200000, 0x0000000100000000)
  eden space 30720K, 0% used [0x00000000d8b00000,0x00000000d8b00000,0x00000000da900000)
  from space 4608K, 99% used [0x00000000da900000,0x00000000dad7a040,0x00000000dad80000)
  to   space 4608K, 0% used [0x00000000dad80000,0x00000000dad80000,0x00000000db200000)
 ParOldGen       total 80896K, used 5506K [0x000000008a000000, 0x000000008ef00000, 0x00000000d8b00000)
  object space 80896K, 6% used [0x000000008a000000,0x000000008a560b68,0x000000008ef00000)
 Metaspace       used 15255K, capacity 15492K, committed 15872K, reserved 1062912K
  class space    used 1870K, capacity 1975K, committed 2048K, reserved 1048576K
}
Event: 6.337 GC heap before
{Heap before GC invocations=4 (full 0):
 PSYoungGen      total 35328K, used 35304K [0x00000000d8b00000, 0x00000000db200000, 0x0000000100000000)
  eden space 30720K, 100% used [0x00000000d8b00000,0x00000000da900000,0x00000000da900000)
  from space 4608K, 99% used [0x00000000da900000,0x00000000dad7a040,0x00000000dad80000)
  to   space 4608K, 0% used [0x00000000dad80000,0x00000000dad80000,0x00000000db200000)
 ParOldGen       total 80896K, used 5506K [0x000000008a000000, 0x000000008ef00000, 0x00000000d8b00000)
  object space 80896K, 6% used [0x000000008a000000,0x000000008a560b68,0x000000008ef00000)
 Metaspace       used 15806K, capacity 16154K, committed 16384K, reserved 1062912K
  class space    used 1908K, capacity 2016K, committed 2048K, reserved 1048576K
Event: 6.359 GC heap after
Heap after GC invocations=4 (full 0):
 PSYoungGen      total 35328K, used 4600K [0x00000000d8b00000, 0x00000000db200000, 0x0000000100000000)
  eden space 30720K, 0% used [0x00000000d8b00000,0x00000000d8b00000,0x00000000da900000)
  from space 4608K, 99% used [0x00000000dad80000,0x00000000db1fe030,0x00000000db200000)
  to   space 4608K, 0% used [0x00000000da900000,0x00000000da900000,0x00000000dad80000)
 ParOldGen       total 80896K, used 7727K [0x000000008a000000, 0x000000008ef00000, 0x00000000d8b00000)
  object space 80896K, 9% used [0x000000008a000000,0x000000008a78bc00,0x000000008ef00000)
 Metaspace       used 15806K, capacity 16154K, committed 16384K, reserved 1062912K
  class space    used 1908K, capacity 2016K, committed 2048K, reserved 1048576K
}
Event: 14.075 GC heap before
{Heap before GC invocations=5 (full 0):
 PSYoungGen      total 35328K, used 35320K [0x00000000d8b00000, 0x00000000db200000, 0x0000000100000000)
  eden space 30720K, 100% used [0x00000000d8b00000,0x00000000da900000,0x00000000da900000)
  from space 4608K, 99% used [0x00000000dad80000,0x00000000db1fe030,0x00000000db200000)
  to   space 4608K, 0% used [0x00000000da900000,0x00000000da900000,0x00000000dad80000)
 ParOldGen       total 80896K, used 7727K [0x000000008a000000, 0x000000008ef00000, 0x00000000d8b00000)
  object space 80896K, 9% used [0x000000008a000000,0x000000008a78bc00,0x000000008ef00000)
 Metaspace       used 16447K, capacity 16790K, committed 17024K, reserved 1064960K
  class space    used 1960K, capacity 2056K, committed 2176K, reserved 1048576K
Event: 14.107 GC heap after
Heap after GC invocations=5 (full 0):
 PSYoungGen      total 34816K, used 4600K [0x00000000d8b00000, 0x00000000db780000, 0x0000000100000000)
  eden space 30208K, 0% used [0x00000000d8b00000,0x00000000d8b00000,0x00000000da880000)
  from space 4608K, 99% used [0x00000000da900000,0x00000000dad7e050,0x00000000dad80000)
  to   space 7680K, 0% used [0x00000000db000000,0x00000000db000000,0x00000000db780000)
 ParOldGen       total 80896K, used 9620K [0x000000008a000000, 0x000000008ef00000, 0x00000000d8b00000)
  object space 80896K, 11% used [0x000000008a000000,0x000000008a965058,0x000000008ef00000)
 Metaspace       used 16447K, capacity 16790K, committed 17024K, reserved 1064960K
  class space    used 1960K, capacity 2056K, committed 2176K, reserved 1048576K
}

Deoptimization events (10 events):
Event: 5.708 Thread 0x000000000298d800 Uncommon trap: reason=unstable_if action=reinterpret pc=0x0000000003384884 method=java.util.HashMap.getNode(ILjava/lang/Object;)Ljava/util/HashMap$Node; @ 53
Event: 5.708 Thread 0x000000000298d800 Uncommon trap: reason=unstable_if action=reinterpret pc=0x0000000002e0c66c method=java.util.HashMap.getNode(ILjava/lang/Object;)Ljava/util/HashMap$Node; @ 53
Event: 7.171 Thread 0x000000000298d800 Uncommon trap: reason=bimorphic action=maybe_recompile pc=0x0000000003201e90 method=java.util.concurrent.ConcurrentHashMap.get(Ljava/lang/Object;)Ljava/lang/Object; @ 149
Event: 12.941 Thread 0x000000000298d800 Uncommon trap: reason=unstable_if action=reinterpret pc=0x0000000003144078 method=sun.net.www.protocol.jar.Handler.parseURL(Ljava/net/URL;Ljava/lang/String;II)V @ 94
Event: 13.298 Thread 0x000000000298d800 Uncommon trap: reason=unstable_if action=reinterpret pc=0x000000000320059c method=java.util.LinkedHashMap.afterNodeInsertion(Z)V @ 18
Event: 13.981 Thread 0x000000000298d800 Uncommon trap: reason=predicate action=maybe_recompile pc=0x0000000002df51c0 method=sun.net.www.ParseUtil.encodePath(Ljava/lang/String;Z)Ljava/lang/String; @ 36
Event: 14.007 Thread 0x000000000298d800 Uncommon trap: reason=unstable_if action=reinterpret pc=0x00000000032483c0 method=java.lang.ClassLoader.getPackage(Ljava/lang/String;)Ljava/lang/Package; @ 60
Event: 14.044 Thread 0x000000000298d800 Uncommon trap: reason=predicate action=maybe_recompile pc=0x0000000003534b40 method=java.util.TimSort.binarySort([Ljava/lang/Object;IIILjava/util/Comparator;)V @ 37
Event: 14.055 Thread 0x000000000298d800 Uncommon trap: reason=unstable_if action=reinterpret pc=0x0000000003316298 method=java.lang.reflect.Modifier.isSynthetic(I)Z @ 5
Event: 14.062 Thread 0x000000000298d800 Uncommon trap: reason=array_check action=maybe_recompile pc=0x00000000035495a0 method=java.util.TimSort.binarySort([Ljava/lang/Object;IIILjava/util/Comparator;)V @ 183

Internal exceptions (10 events):
Event: 3.713 Thread 0x000000000298d800 Exception <a 'java/lang/NullPointerException'> (0x00000000da089df8) thrown at [C:\re\workspace\8-2-build-windows-amd64-cygwin\jdk8u151\9699\hotspot\src\share\vm\interpreter\linkResolver.cpp, line 1183]
Event: 3.713 Thread 0x000000000298d800 Exception <a 'java/lang/NullPointerException'> (0x00000000da08a010) thrown at [C:\re\workspace\8-2-build-windows-amd64-cygwin\jdk8u151\9699\hotspot\src\share\vm\interpreter\linkResolver.cpp, line 1183]
Event: 3.713 Thread 0x000000000298d800 Exception <a 'java/lang/NullPointerException'> (0x00000000da08a228) thrown at [C:\re\workspace\8-2-build-windows-amd64-cygwin\jdk8u151\9699\hotspot\src\share\vm\interpreter\linkResolver.cpp, line 1183]
Event: 3.714 Thread 0x000000000298d800 Exception <a 'java/lang/NullPointerException'> (0x00000000da0923d0) thrown at [C:\re\workspace\8-2-build-windows-amd64-cygwin\jdk8u151\9699\hotspot\src\share\vm\interpreter\linkResolver.cpp, line 1183]
Event: 3.714 Thread 0x000000000298d800 Exception <a 'java/lang/NullPointerException'> (0x00000000da0925e8) thrown at [C:\re\workspace\8-2-build-windows-amd64-cygwin\jdk8u151\9699\hotspot\src\share\vm\interpreter\linkResolver.cpp, line 1183]
Event: 3.714 Thread 0x000000000298d800 Exception <a 'java/lang/NullPointerException'> (0x00000000da092800) thrown at [C:\re\workspace\8-2-build-windows-amd64-cygwin\jdk8u151\9699\hotspot\src\share\vm\interpreter\linkResolver.cpp, line 1183]
Event: 4.288 Thread 0x000000000298d800 Implicit null exception at 0x00000000031bd3f7 to 0x00000000031bd63d
Event: 4.472 Thread 0x000000000298d800 Implicit null exception at 0x0000000002e15b95 to 0x0000000002e15d65
Event: 4.604 Thread 0x000000000298d800 Implicit null exception at 0x00000000031a805b to 0x00000000031a8891
Event: 4.605 Thread 0x000000000298d800 Implicit null exception at 0x0000000003008d58 to 0x0000000003008de6

Events (10 events):
Event: 14.890 loading class org/apache/maven/plugin/logging/Log
Event: 14.890 loading class org/apache/maven/plugin/logging/Log done
Event: 14.891 loading class org/apache/maven/plugin/logging/Log
Event: 14.891 loading class org/apache/maven/plugin/logging/Log done
Event: 14.891 loading class org/apache/maven/plugin/logging/Log
Event: 14.891 loading class org/apache/maven/plugin/logging/Log done
Event: 14.892 loading class org/apache/maven/artifact/resolver/filter/CumulativeScopeArtifactFilter
Event: 14.892 loading class org/apache/maven/artifact/resolver/filter/CumulativeScopeArtifactFilter done
Event: 14.894 loading class org/apache/maven/artifact/resolver/filter/AbstractScopeArtifactFilter
Event: 14.894 loading class org/apache/maven/artifact/resolver/filter/AbstractScopeArtifactFilter done


Dynamic libraries:
0x00007ff656420000 - 0x00007ff656457000 	D:\software\Java\jdk1.8.0_151\bin\java.exe
0x00007ffb13320000 - 0x00007ffb13510000 	C:\Windows\SYSTEM32\ntdll.dll
0x00007ffb11a60000 - 0x00007ffb11b12000 	C:\Windows\System32\KERNEL32.DLL
0x00007ffb102a0000 - 0x00007ffb10545000 	C:\Windows\System32\KERNELBASE.dll
0x00007ffb11cd0000 - 0x00007ffb11d73000 	C:\Windows\System32\ADVAPI32.dll
0x00007ffb13240000 - 0x00007ffb132de000 	C:\Windows\System32\msvcrt.dll
0x00007ffb11480000 - 0x00007ffb11517000 	C:\Windows\System32\sechost.dll
0x00007ffb12240000 - 0x00007ffb1235f000 	C:\Windows\System32\RPCRT4.dll
0x00007ffb118c0000 - 0x00007ffb11a54000 	C:\Windows\System32\USER32.dll
0x00007ffb10d80000 - 0x00007ffb10da1000 	C:\Windows\System32\win32u.dll
0x00007ffb120d0000 - 0x00007ffb120f6000 	C:\Windows\System32\GDI32.dll
0x00007ffb10ee0000 - 0x00007ffb11078000 	C:\Windows\System32\gdi32full.dll
0x00007ffb10db0000 - 0x00007ffb10e4e000 	C:\Windows\System32\msvcp_win.dll
0x00007ffb11220000 - 0x00007ffb1131a000 	C:\Windows\System32\ucrtbase.dll
0x00007ffb02380000 - 0x00007ffb02604000 	C:\Windows\WinSxS\amd64_microsoft.windows.common-controls_6595b64144ccf1df_6.0.18362.1379_none_9e7ff3b3e45cc0c4\COMCTL32.dll
0x00007ffb11d80000 - 0x00007ffb120b7000 	C:\Windows\System32\combase.dll
0x00007ffb10e50000 - 0x00007ffb10ed1000 	C:\Windows\System32\bcryptPrimitives.dll
0x00007ffb12490000 - 0x00007ffb124be000 	C:\Windows\System32\IMM32.DLL
0x0000000062800000 - 0x00000000628d2000 	D:\software\Java\jdk1.8.0_151\jre\bin\msvcr100.dll
0x0000000061f60000 - 0x00000000627fd000 	D:\software\Java\jdk1.8.0_151\jre\bin\server\jvm.dll
0x00007ffb11520000 - 0x00007ffb11528000 	C:\Windows\System32\PSAPI.DLL
0x00007ffb09bd0000 - 0x00007ffb09bd9000 	C:\Windows\SYSTEM32\WSOCK32.dll
0x00007ffb11c60000 - 0x00007ffb11ccf000 	C:\Windows\System32\WS2_32.dll
0x00007ffb0c920000 - 0x00007ffb0c944000 	C:\Windows\SYSTEM32\WINMM.dll
0x00007ffb0a410000 - 0x00007ffb0a41a000 	C:\Windows\SYSTEM32\VERSION.dll
0x00007ffb0c8f0000 - 0x00007ffb0c91d000 	C:\Windows\SYSTEM32\WINMMBASE.dll
0x00007ffb10550000 - 0x00007ffb1059a000 	C:\Windows\System32\cfgmgr32.dll
0x0000000061f50000 - 0x0000000061f5f000 	D:\software\Java\jdk1.8.0_151\jre\bin\verify.dll
0x0000000061f20000 - 0x0000000061f49000 	D:\software\Java\jdk1.8.0_151\jre\bin\java.dll
0x0000000061f00000 - 0x0000000061f16000 	D:\software\Java\jdk1.8.0_151\jre\bin\zip.dll
0x00007ffb12930000 - 0x00007ffb13018000 	C:\Windows\System32\SHELL32.dll
0x00007ffb13110000 - 0x00007ffb131b7000 	C:\Windows\System32\shcore.dll
0x00007ffb105a0000 - 0x00007ffb10d1b000 	C:\Windows\System32\windows.storage.dll
0x00007ffb10270000 - 0x00007ffb10293000 	C:\Windows\System32\profapi.dll
0x00007ffb101e0000 - 0x00007ffb1022a000 	C:\Windows\System32\powrprof.dll
0x00007ffb101d0000 - 0x00007ffb101e0000 	C:\Windows\System32\UMPDC.dll
0x00007ffb130b0000 - 0x00007ffb13102000 	C:\Windows\System32\shlwapi.dll
0x00007ffb10250000 - 0x00007ffb10261000 	C:\Windows\System32\kernel.appcore.dll
0x00007ffb110b0000 - 0x00007ffb110c7000 	C:\Windows\System32\cryptsp.dll
0x00007ffb0f590000 - 0x00007ffb0f5c3000 	C:\Windows\system32\rsaenh.dll
0x00007ffb11080000 - 0x00007ffb110a6000 	C:\Windows\System32\bcrypt.dll
0x00007ffb100b0000 - 0x00007ffb100d5000 	C:\Windows\SYSTEM32\USERENV.dll
0x00007ffb0fbe0000 - 0x00007ffb0fbec000 	C:\Windows\SYSTEM32\CRYPTBASE.dll
0x0000000061ee0000 - 0x0000000061efa000 	D:\software\Java\jdk1.8.0_151\jre\bin\net.dll
0x00007ffb0fa10000 - 0x00007ffb0fa77000 	C:\Windows\system32\mswsock.dll
0x00007ffb0f720000 - 0x00007ffb0f75a000 	C:\Windows\SYSTEM32\IPHLPAPI.DLL
0x00007ffb130a0000 - 0x00007ffb130a8000 	C:\Windows\System32\NSI.dll
0x00007ffb093d0000 - 0x00007ffb093e6000 	C:\Windows\SYSTEM32\dhcpcsvc6.DLL
0x00007ffb0a500000 - 0x00007ffb0a51c000 	C:\Windows\SYSTEM32\dhcpcsvc.DLL
0x00007ffb0f760000 - 0x00007ffb0f82b000 	C:\Windows\SYSTEM32\DNSAPI.dll
0x0000000061ec0000 - 0x0000000061ed1000 	D:\software\Java\jdk1.8.0_151\jre\bin\nio.dll
0x00007ffb098d0000 - 0x00007ffb098da000 	C:\Users\10957\AppData\Local\Temp\jansi-1.17.1-1688774359545890083.dll
0x00007ffb06aa0000 - 0x00007ffb06aaa000 	C:\Users\10957\AppData\Local\Temp\jansi-1.17.1-6914884377164855563.dll

VM Arguments:
jvm_args: -Dmaven.multiModuleProjectDirectory=D:\work\IDEA\code\EquipmentManagementSystem -Dfile.encoding=GBK -Dmaven.home=D:\work\maven\apache-maven-3.6.1 -Dclassworlds.conf=D:\work\maven\apache-maven-3.6.1\bin\m2.conf -Dmaven.ext.class.path=D:\work\IDEA\IntelliJ IDEA 2020.1\plugins\maven\lib\maven-event-listener.jar 
java_command: org.codehaus.classworlds.Launcher -Didea.version2020.1 -s D:\work\maven\apache-maven-3.6.1\conf\settings.xml compile war:exploded
java_class_path (initial): D:\work\maven\apache-maven-3.6.1\boot\plexus-classworlds-2.6.0.jar
Launcher Type: SUN_STANDARD

Environment Variables:
JAVA_HOME=D:\software\Java\jdk1.8.0_151
PATH=D:\工具\maven\apache-maven-3.6.1\bin;C:\Program Files\NVIDIA Corporation\NVIDIA NvDLISR;C:\Users\10957\AppData\Local\Microsoft\WindowsApps;C:\Program Files\MySQL\MySQL Server 5.7\bin;D:\工具\maven\apache-maven-3.6.1\bin;
USERNAME=10957
OS=Windows_NT
PROCESSOR_IDENTIFIER=AMD64 Family 23 Model 96 Stepping 1, AuthenticAMD



---------------  S Y S T E M  ---------------

OS: Windows 10.0 , 64 bit Build 18362 (10.0.18362.1350)

CPU:total 12 (initial active 12) (12 cores per cpu, 1 threads per core) family 23 model 96 stepping 1, cmov, cx8, fxsr, mmx, sse, sse2, sse3, ssse3, sse4.1, sse4.2, popcnt, avx, avx2, aes, clmul, mmxext, 3dnowpref, lzcnt, sse4a, tsc, tscinvbit, tscinv, bmi1

Memory: 4k page, physical 7730500k(334608k free), swap 20837696k(3000k free)

vm_info: Java HotSpot(TM) 64-Bit Server VM (25.151-b12) for windows-amd64 JRE (1.8.0_151-b12), built on Sep  5 2017 19:33:46 by "java_re" with MS VC++ 10.0 (VS2010)

time: Fri Apr 09 17:08:29 2021
elapsed time: 14 seconds (0d 0h 0m 14s)

